Build started at 2023-11-03T21:55:27.388951
Main binary: /home/srozhkov/develop/csqemu/build-lib/pyvenv/bin/python3
Build Options: -Db_pie=false -Dis_library=true -Ddocs=disabled -Dplugins=true '--native-file config-meson.cross'
Python system: Linux
The Meson build system
Version: 0.63.3
Source dir: /home/srozhkov/develop/csqemu
Build dir: /home/srozhkov/develop/csqemu/build-lib
Build type: native build
Project name: qemu
Project version: 8.1.50
-----
Detecting compiler via: cc -m64 -mcx16 --version
compiler returned <Popen: returncode: 0 args: ['cc', '-m64', '-mcx16', '--version']>
compiler stdout:
cc (Ubuntu 11.4.0-1ubuntu1~22.04) 11.4.0
Copyright (C) 2021 Free Software Foundation, Inc.
This is free software; see the source for copying conditions.  There is NO
warranty; not even for MERCHANTABILITY or FITNESS FOR A PARTICULAR PURPOSE.


compiler stderr:

Running command: cc -m64 -mcx16 -E -dM -
-----
Detecting linker via: cc -m64 -mcx16 -Wl,--version
linker returned <Popen: returncode: 0 args: ['cc', '-m64', '-mcx16', '-Wl,--version']>
linker stdout:
GNU ld (GNU Binutils for Ubuntu) 2.38
Copyright (C) 2022 Free Software Foundation, Inc.
This program is free software; you may redistribute it under the terms of
the GNU General Public License version 3 or (at your option) a later version.
This program has absolutely no warranty.

linker stderr:
collect2 version 11.4.0
/usr/bin/ld -plugin /usr/lib/gcc/x86_64-linux-gnu/11/liblto_plugin.so -plugin-opt=/usr/lib/gcc/x86_64-linux-gnu/11/lto-wrapper -plugin-opt=-fresolution=/tmp/ccvgHkwB.res -plugin-opt=-pass-through=-lgcc -plugin-opt=-pass-through=-lgcc_s -plugin-opt=-pass-through=-lc -plugin-opt=-pass-through=-lgcc -plugin-opt=-pass-through=-lgcc_s --build-id --eh-frame-hdr -m elf_x86_64 --hash-style=gnu --as-needed -dynamic-linker /lib64/ld-linux-x86-64.so.2 -pie -z now -z relro /usr/lib/gcc/x86_64-linux-gnu/11/../../../x86_64-linux-gnu/Scrt1.o /usr/lib/gcc/x86_64-linux-gnu/11/../../../x86_64-linux-gnu/crti.o /usr/lib/gcc/x86_64-linux-gnu/11/crtbeginS.o -L/usr/lib/gcc/x86_64-linux-gnu/11 -L/usr/lib/gcc/x86_64-linux-gnu/11/../../../x86_64-linux-gnu -L/usr/lib/gcc/x86_64-linux-gnu/11/../../../../lib -L/lib/x86_64-linux-gnu -L/lib/../lib -L/usr/lib/x86_64-linux-gnu -L/usr/lib/../lib -L/usr/lib/gcc/x86_64-linux-gnu/11/../../.. --version -lgcc --push-state --as-needed -lgcc_s --pop-state -lc -lgcc --push-state --as-needed -lgcc_s --pop-state /usr/lib/gcc/x86_64-linux-gnu/11/crtendS.o /usr/lib/gcc/x86_64-linux-gnu/11/../../../x86_64-linux-gnu/crtn.o

Sanity testing C compiler: cc -m64 -mcx16
Is cross compiler: False.
Sanity check compiler command line: cc -m64 -mcx16 sanitycheckc.c -o sanitycheckc.exe -D_FILE_OFFSET_BITS=64
Sanity check compile stdout:

-----
Sanity check compile stderr:

-----
Running test binary command: /home/srozhkov/develop/csqemu/build-lib/meson-private/sanitycheckc.exe
C compiler for the host machine: cc -m64 -mcx16 (gcc 11.4.0 "cc (Ubuntu 11.4.0-1ubuntu1~22.04) 11.4.0")
C linker for the host machine: cc -m64 -mcx16 ld.bfd 2.38
-----
Detecting compiler via: cc -m64 -mcx16 --version
compiler returned <Popen: returncode: 0 args: ['cc', '-m64', '-mcx16', '--version']>
compiler stdout:
cc (Ubuntu 11.4.0-1ubuntu1~22.04) 11.4.0
Copyright (C) 2021 Free Software Foundation, Inc.
This is free software; see the source for copying conditions.  There is NO
warranty; not even for MERCHANTABILITY or FITNESS FOR A PARTICULAR PURPOSE.


compiler stderr:

Running command: cc -m64 -mcx16 -E -dM -
-----
Detecting linker via: cc -m64 -mcx16 -Wl,--version
linker returned <Popen: returncode: 0 args: ['cc', '-m64', '-mcx16', '-Wl,--version']>
linker stdout:
GNU ld (GNU Binutils for Ubuntu) 2.38
Copyright (C) 2022 Free Software Foundation, Inc.
This program is free software; you may redistribute it under the terms of
the GNU General Public License version 3 or (at your option) a later version.
This program has absolutely no warranty.

linker stderr:
collect2 version 11.4.0
/usr/bin/ld -plugin /usr/lib/gcc/x86_64-linux-gnu/11/liblto_plugin.so -plugin-opt=/usr/lib/gcc/x86_64-linux-gnu/11/lto-wrapper -plugin-opt=-fresolution=/tmp/ccrRtFFF.res -plugin-opt=-pass-through=-lgcc -plugin-opt=-pass-through=-lgcc_s -plugin-opt=-pass-through=-lc -plugin-opt=-pass-through=-lgcc -plugin-opt=-pass-through=-lgcc_s --build-id --eh-frame-hdr -m elf_x86_64 --hash-style=gnu --as-needed -dynamic-linker /lib64/ld-linux-x86-64.so.2 -pie -z now -z relro /usr/lib/gcc/x86_64-linux-gnu/11/../../../x86_64-linux-gnu/Scrt1.o /usr/lib/gcc/x86_64-linux-gnu/11/../../../x86_64-linux-gnu/crti.o /usr/lib/gcc/x86_64-linux-gnu/11/crtbeginS.o -L/usr/lib/gcc/x86_64-linux-gnu/11 -L/usr/lib/gcc/x86_64-linux-gnu/11/../../../x86_64-linux-gnu -L/usr/lib/gcc/x86_64-linux-gnu/11/../../../../lib -L/lib/x86_64-linux-gnu -L/lib/../lib -L/usr/lib/x86_64-linux-gnu -L/usr/lib/../lib -L/usr/lib/gcc/x86_64-linux-gnu/11/../../.. --version -lgcc --push-state --as-needed -lgcc_s --pop-state -lc -lgcc --push-state --as-needed -lgcc_s --pop-state /usr/lib/gcc/x86_64-linux-gnu/11/crtendS.o /usr/lib/gcc/x86_64-linux-gnu/11/../../../x86_64-linux-gnu/crtn.o

Sanity testing C compiler: cc -m64 -mcx16
Is cross compiler: False.
Sanity check compiler command line: cc -m64 -mcx16 sanitycheckc.c -o sanitycheckc.exe -D_FILE_OFFSET_BITS=64
Sanity check compile stdout:

-----
Sanity check compile stderr:

-----
Running test binary command: /home/srozhkov/develop/csqemu/build-lib/meson-private/sanitycheckc.exe
C compiler for the build machine: cc -m64 -mcx16 (gcc 11.4.0 "cc (Ubuntu 11.4.0-1ubuntu1~22.04) 11.4.0")
C linker for the build machine: cc -m64 -mcx16 ld.bfd 2.38
Build machine cpu family: x86_64
Build machine cpu: x86_64
Host machine cpu family: x86_64
Host machine cpu: x86_64
Target machine cpu family: x86_64
Target machine cpu: x86_64
Program scripts/symlink-install-tree.py found: YES (/home/srozhkov/develop/csqemu/build-lib/pyvenv/bin/python3 /home/srozhkov/develop/csqemu/scripts/symlink-install-tree.py)
Program sh found: YES (/usr/bin/sh)
Program python3 found: YES (/home/srozhkov/develop/csqemu/build-lib/pyvenv/bin/python3)
Program iasl found: NO
Running compile:
Working directory:  /home/srozhkov/develop/csqemu/build-lib/meson-private/tmpicxdafah
Command line:  cc -m64 -mcx16 /home/srozhkov/develop/csqemu/build-lib/meson-private/tmpicxdafah/testfile.c -o /home/srozhkov/develop/csqemu/build-lib/meson-private/tmpicxdafah/output.obj -c -D_FILE_OFFSET_BITS=64 -O0 -fPIC 

Code:
 extern int i;
int i;

Compiler stdout:
 
Compiler stderr:
 
Compiler for C supports arguments -fPIC: YES 
Running compile:
Working directory:  /home/srozhkov/develop/csqemu/build-lib/meson-private/tmpd5e7rg2l
Command line:  cc -m64 -mcx16 /home/srozhkov/develop/csqemu/build-lib/meson-private/tmpd5e7rg2l/testfile.c -o /home/srozhkov/develop/csqemu/build-lib/meson-private/tmpd5e7rg2l/output.obj -c -D_FILE_OFFSET_BITS=64 -O0 -shared 

Code:
 extern int i;
int i;

Compiler stdout:
 
Compiler stderr:
 
Compiler for C supports arguments -shared: YES 
Running compile:
Working directory:  /home/srozhkov/develop/csqemu/build-lib/meson-private/tmp_1vb4rru
Command line:  cc -m64 -mcx16 /home/srozhkov/develop/csqemu/build-lib/meson-private/tmp_1vb4rru/testfile.c -o /home/srozhkov/develop/csqemu/build-lib/meson-private/tmp_1vb4rru/output.obj -c -D_FILE_OFFSET_BITS=64 -O0 -std=gnu11 -Werror -fstack-protector-strong 

Code:
 
    int main(int argc, char *argv[])
    {
      char arr[64], *p = arr, *c = argv[argc - 1];
      while (*c) {
          *p++ = *c++;
      }
      return 0;
    }
Compiler stdout:
 
Compiler stderr:
 
Running compile:
Working directory:  /home/srozhkov/develop/csqemu/build-lib/meson-private/tmpyvc3i47c
Command line:  cc -m64 -mcx16 /home/srozhkov/develop/csqemu/build-lib/meson-private/tmpyvc3i47c/testfile.c -o /home/srozhkov/develop/csqemu/build-lib/meson-private/tmpyvc3i47c/output.exe -D_FILE_OFFSET_BITS=64 -O0 -std=gnu11 -Werror -fstack-protector-strong 

Code:
 
    int main(int argc, char *argv[])
    {
      char arr[64], *p = arr, *c = argv[argc - 1];
      while (*c) {
          *p++ = *c++;
      }
      return 0;
    }
Compiler stdout:
 
Compiler stderr:
 
Running compile:
Working directory:  /home/srozhkov/develop/csqemu/build-lib/meson-private/tmpc_d29j3j
Command line:  cc -m64 -mcx16 /home/srozhkov/develop/csqemu/build-lib/meson-private/tmpc_d29j3j/testfile.c -o /home/srozhkov/develop/csqemu/build-lib/meson-private/tmpc_d29j3j/output.exe -D_FILE_OFFSET_BITS=64 -O0 -std=gnu11 

Code:
 
  #include <ucontext.h>
  #ifdef __stub_makecontext
  #error Ignoring glibc stub makecontext which will always fail
  #endif
  int main(void) { makecontext(0, 0, 0); return 0; }
Compiler stdout:
 
Compiler stderr:
 
Running compile:
Working directory:  /home/srozhkov/develop/csqemu/build-lib/meson-private/tmp77757z4u
Command line:  cc -m64 -mcx16 /home/srozhkov/develop/csqemu/build-lib/meson-private/tmp77757z4u/testfile.c -o /home/srozhkov/develop/csqemu/build-lib/meson-private/tmp77757z4u/output.obj -c -D_FILE_OFFSET_BITS=64 -O0 -std=gnu11 

Code:
 
  int main(void)
  {
  #if defined(__has_feature)
  #if __has_feature(safe_stack)
  #error SafeStack Enabled
  #endif
  #endif
      return 0;
  }
Compiler stdout:
 
Compiler stderr:
 
Running compile:
Working directory:  /home/srozhkov/develop/csqemu/build-lib/meson-private/tmpt_hicqqo
Command line:  cc -m64 -mcx16 /home/srozhkov/develop/csqemu/build-lib/meson-private/tmpt_hicqqo/testfile.c -o /home/srozhkov/develop/csqemu/build-lib/meson-private/tmpt_hicqqo/output.exe -D_FILE_OFFSET_BITS=64 -O0 -Wl,--fatal-warnings -Wl,-z,relro 

Code:
 int main(void) { return 0; }

Compiler stdout:
 
Compiler stderr:
 
Compiler for C supports link arguments -Wl,-z,relro: YES 
Running compile:
Working directory:  /home/srozhkov/develop/csqemu/build-lib/meson-private/tmpe3yko4ik
Command line:  cc -m64 -mcx16 /home/srozhkov/develop/csqemu/build-lib/meson-private/tmpe3yko4ik/testfile.c -o /home/srozhkov/develop/csqemu/build-lib/meson-private/tmpe3yko4ik/output.exe -D_FILE_OFFSET_BITS=64 -O0 -Wl,--fatal-warnings -Wl,-z,now 

Code:
 int main(void) { return 0; }

Compiler stdout:
 
Compiler stderr:
 
Compiler for C supports link arguments -Wl,-z,now: YES 
Running compile:
Working directory:  /home/srozhkov/develop/csqemu/build-lib/meson-private/tmph85quyxh
Command line:  cc -m64 -mcx16 /home/srozhkov/develop/csqemu/build-lib/meson-private/tmph85quyxh/testfile.c -o /home/srozhkov/develop/csqemu/build-lib/meson-private/tmph85quyxh/output.exe -D_FILE_OFFSET_BITS=64 -O0 -Wl,--fatal-warnings -Wl,--warn-common 

Code:
 int main(void) { return 0; }

Compiler stdout:
 
Compiler stderr:
 
Compiler for C supports link arguments -Wl,--warn-common: YES 
Running compile:
Working directory:  /home/srozhkov/develop/csqemu/build-lib/meson-private/tmpa9vuewr7
Command line:  cc -m64 -mcx16 /home/srozhkov/develop/csqemu/build-lib/meson-private/tmpa9vuewr7/testfile.c -o /home/srozhkov/develop/csqemu/build-lib/meson-private/tmpa9vuewr7/output.obj -c -D_FILE_OFFSET_BITS=64 -O0 -Wundef 

Code:
 extern int i;
int i;

Compiler stdout:
 
Compiler stderr:
 
Compiler for C supports arguments -Wundef: YES 
Running compile:
Working directory:  /home/srozhkov/develop/csqemu/build-lib/meson-private/tmpwswfq3p3
Command line:  cc -m64 -mcx16 /home/srozhkov/develop/csqemu/build-lib/meson-private/tmpwswfq3p3/testfile.c -o /home/srozhkov/develop/csqemu/build-lib/meson-private/tmpwswfq3p3/output.obj -c -D_FILE_OFFSET_BITS=64 -O0 -Wwrite-strings 

Code:
 extern int i;
int i;

Compiler stdout:
 
Compiler stderr:
 
Compiler for C supports arguments -Wwrite-strings: YES 
Running compile:
Working directory:  /home/srozhkov/develop/csqemu/build-lib/meson-private/tmpqvfi7etx
Command line:  cc -m64 -mcx16 /home/srozhkov/develop/csqemu/build-lib/meson-private/tmpqvfi7etx/testfile.c -o /home/srozhkov/develop/csqemu/build-lib/meson-private/tmpqvfi7etx/output.obj -c -D_FILE_OFFSET_BITS=64 -O0 -Wmissing-prototypes 

Code:
 extern int i;
int i;

Compiler stdout:
 
Compiler stderr:
 
Compiler for C supports arguments -Wmissing-prototypes: YES 
Running compile:
Working directory:  /home/srozhkov/develop/csqemu/build-lib/meson-private/tmpd_q4kknq
Command line:  cc -m64 -mcx16 /home/srozhkov/develop/csqemu/build-lib/meson-private/tmpd_q4kknq/testfile.c -o /home/srozhkov/develop/csqemu/build-lib/meson-private/tmpd_q4kknq/output.obj -c -D_FILE_OFFSET_BITS=64 -O0 -Wstrict-prototypes 

Code:
 extern int i;
int i;

Compiler stdout:
 
Compiler stderr:
 
Compiler for C supports arguments -Wstrict-prototypes: YES 
Running compile:
Working directory:  /home/srozhkov/develop/csqemu/build-lib/meson-private/tmp_na9w8gd
Command line:  cc -m64 -mcx16 /home/srozhkov/develop/csqemu/build-lib/meson-private/tmp_na9w8gd/testfile.c -o /home/srozhkov/develop/csqemu/build-lib/meson-private/tmp_na9w8gd/output.obj -c -D_FILE_OFFSET_BITS=64 -O0 -Wredundant-decls 

Code:
 extern int i;
int i;

Compiler stdout:
 
Compiler stderr:
 
Compiler for C supports arguments -Wredundant-decls: YES 
Running compile:
Working directory:  /home/srozhkov/develop/csqemu/build-lib/meson-private/tmpt16akl1h
Command line:  cc -m64 -mcx16 /home/srozhkov/develop/csqemu/build-lib/meson-private/tmpt16akl1h/testfile.c -o /home/srozhkov/develop/csqemu/build-lib/meson-private/tmpt16akl1h/output.obj -c -D_FILE_OFFSET_BITS=64 -O0 -Wold-style-declaration 

Code:
 extern int i;
int i;

Compiler stdout:
 
Compiler stderr:
 
Compiler for C supports arguments -Wold-style-declaration: YES 
Running compile:
Working directory:  /home/srozhkov/develop/csqemu/build-lib/meson-private/tmp0tv4kxm7
Command line:  cc -m64 -mcx16 /home/srozhkov/develop/csqemu/build-lib/meson-private/tmp0tv4kxm7/testfile.c -o /home/srozhkov/develop/csqemu/build-lib/meson-private/tmp0tv4kxm7/output.obj -c -D_FILE_OFFSET_BITS=64 -O0 -Wold-style-definition 

Code:
 extern int i;
int i;

Compiler stdout:
 
Compiler stderr:
 
Compiler for C supports arguments -Wold-style-definition: YES 
Running compile:
Working directory:  /home/srozhkov/develop/csqemu/build-lib/meson-private/tmpo6w3u3w1
Command line:  cc -m64 -mcx16 /home/srozhkov/develop/csqemu/build-lib/meson-private/tmpo6w3u3w1/testfile.c -o /home/srozhkov/develop/csqemu/build-lib/meson-private/tmpo6w3u3w1/output.obj -c -D_FILE_OFFSET_BITS=64 -O0 -Wtype-limits 

Code:
 extern int i;
int i;

Compiler stdout:
 
Compiler stderr:
 
Compiler for C supports arguments -Wtype-limits: YES 
Running compile:
Working directory:  /home/srozhkov/develop/csqemu/build-lib/meson-private/tmpte8iixsx
Command line:  cc -m64 -mcx16 /home/srozhkov/develop/csqemu/build-lib/meson-private/tmpte8iixsx/testfile.c -o /home/srozhkov/develop/csqemu/build-lib/meson-private/tmpte8iixsx/output.obj -c -D_FILE_OFFSET_BITS=64 -O0 -Wformat-security 

Code:
 extern int i;
int i;

Compiler stdout:
 
Compiler stderr:
 
Compiler for C supports arguments -Wformat-security: YES 
Running compile:
Working directory:  /home/srozhkov/develop/csqemu/build-lib/meson-private/tmp79h9gq63
Command line:  cc -m64 -mcx16 /home/srozhkov/develop/csqemu/build-lib/meson-private/tmp79h9gq63/testfile.c -o /home/srozhkov/develop/csqemu/build-lib/meson-private/tmp79h9gq63/output.obj -c -D_FILE_OFFSET_BITS=64 -O0 -Wformat-y2k 

Code:
 extern int i;
int i;

Compiler stdout:
 
Compiler stderr:
 
Compiler for C supports arguments -Wformat-y2k: YES 
Running compile:
Working directory:  /home/srozhkov/develop/csqemu/build-lib/meson-private/tmph55t_0aa
Command line:  cc -m64 -mcx16 /home/srozhkov/develop/csqemu/build-lib/meson-private/tmph55t_0aa/testfile.c -o /home/srozhkov/develop/csqemu/build-lib/meson-private/tmph55t_0aa/output.obj -c -D_FILE_OFFSET_BITS=64 -O0 -Winit-self 

Code:
 extern int i;
int i;

Compiler stdout:
 
Compiler stderr:
 
Compiler for C supports arguments -Winit-self: YES 
Running compile:
Working directory:  /home/srozhkov/develop/csqemu/build-lib/meson-private/tmp9y6f_s0b
Command line:  cc -m64 -mcx16 /home/srozhkov/develop/csqemu/build-lib/meson-private/tmp9y6f_s0b/testfile.c -o /home/srozhkov/develop/csqemu/build-lib/meson-private/tmp9y6f_s0b/output.obj -c -D_FILE_OFFSET_BITS=64 -O0 -Wignored-qualifiers 

Code:
 extern int i;
int i;

Compiler stdout:
 
Compiler stderr:
 
Compiler for C supports arguments -Wignored-qualifiers: YES 
Running compile:
Working directory:  /home/srozhkov/develop/csqemu/build-lib/meson-private/tmpb53ct67c
Command line:  cc -m64 -mcx16 /home/srozhkov/develop/csqemu/build-lib/meson-private/tmpb53ct67c/testfile.c -o /home/srozhkov/develop/csqemu/build-lib/meson-private/tmpb53ct67c/output.obj -c -D_FILE_OFFSET_BITS=64 -O0 -Wempty-body 

Code:
 extern int i;
int i;

Compiler stdout:
 
Compiler stderr:
 
Compiler for C supports arguments -Wempty-body: YES 
Running compile:
Working directory:  /home/srozhkov/develop/csqemu/build-lib/meson-private/tmpracdfq64
Command line:  cc -m64 -mcx16 /home/srozhkov/develop/csqemu/build-lib/meson-private/tmpracdfq64/testfile.c -o /home/srozhkov/develop/csqemu/build-lib/meson-private/tmpracdfq64/output.obj -c -D_FILE_OFFSET_BITS=64 -O0 -Wnested-externs 

Code:
 extern int i;
int i;

Compiler stdout:
 
Compiler stderr:
 
Compiler for C supports arguments -Wnested-externs: YES 
Running compile:
Working directory:  /home/srozhkov/develop/csqemu/build-lib/meson-private/tmp7vf0csvx
Command line:  cc -m64 -mcx16 /home/srozhkov/develop/csqemu/build-lib/meson-private/tmp7vf0csvx/testfile.c -o /home/srozhkov/develop/csqemu/build-lib/meson-private/tmp7vf0csvx/output.obj -c -D_FILE_OFFSET_BITS=64 -O0 -Wendif-labels 

Code:
 extern int i;
int i;

Compiler stdout:
 
Compiler stderr:
 
Compiler for C supports arguments -Wendif-labels: YES 
Running compile:
Working directory:  /home/srozhkov/develop/csqemu/build-lib/meson-private/tmpeft_4xoa
Command line:  cc -m64 -mcx16 /home/srozhkov/develop/csqemu/build-lib/meson-private/tmpeft_4xoa/testfile.c -o /home/srozhkov/develop/csqemu/build-lib/meson-private/tmpeft_4xoa/output.obj -c -D_FILE_OFFSET_BITS=64 -O0 -Wexpansion-to-defined 

Code:
 extern int i;
int i;

Compiler stdout:
 
Compiler stderr:
 
Compiler for C supports arguments -Wexpansion-to-defined: YES 
Running compile:
Working directory:  /home/srozhkov/develop/csqemu/build-lib/meson-private/tmp6l7gt2e8
Command line:  cc -m64 -mcx16 /home/srozhkov/develop/csqemu/build-lib/meson-private/tmp6l7gt2e8/testfile.c -o /home/srozhkov/develop/csqemu/build-lib/meson-private/tmp6l7gt2e8/output.obj -c -D_FILE_OFFSET_BITS=64 -O0 -Wimplicit-fallthrough=2 

Code:
 extern int i;
int i;

Compiler stdout:
 
Compiler stderr:
 
Compiler for C supports arguments -Wimplicit-fallthrough=2: YES 
Running compile:
Working directory:  /home/srozhkov/develop/csqemu/build-lib/meson-private/tmpttjkx907
Command line:  cc -m64 -mcx16 /home/srozhkov/develop/csqemu/build-lib/meson-private/tmpttjkx907/testfile.c -o /home/srozhkov/develop/csqemu/build-lib/meson-private/tmpttjkx907/output.obj -c -D_FILE_OFFSET_BITS=64 -O0 -Wmissing-format-attribute 

Code:
 extern int i;
int i;

Compiler stdout:
 
Compiler stderr:
 
Compiler for C supports arguments -Wmissing-format-attribute: YES 
Running compile:
Working directory:  /home/srozhkov/develop/csqemu/build-lib/meson-private/tmpcg1sblgd
Command line:  cc -m64 -mcx16 /home/srozhkov/develop/csqemu/build-lib/meson-private/tmpcg1sblgd/testfile.c -o /home/srozhkov/develop/csqemu/build-lib/meson-private/tmpcg1sblgd/output.obj -c -D_FILE_OFFSET_BITS=64 -O0 -Winitializer-overrides -Wno-initializer-overrides 

Code:
 extern int i;
int i;

Compiler stdout:
 
Compiler stderr:
 cc: error: unrecognized command-line option '-Winitializer-overrides'

Compiler for C supports arguments -Wno-initializer-overrides: NO 
Running compile:
Working directory:  /home/srozhkov/develop/csqemu/build-lib/meson-private/tmp4zban61i
Command line:  cc -m64 -mcx16 /home/srozhkov/develop/csqemu/build-lib/meson-private/tmp4zban61i/testfile.c -o /home/srozhkov/develop/csqemu/build-lib/meson-private/tmp4zban61i/output.obj -c -D_FILE_OFFSET_BITS=64 -O0 -Wmissing-include-dirs -Wno-missing-include-dirs 

Code:
 extern int i;
int i;

Compiler stdout:
 
Compiler stderr:
 
Compiler for C supports arguments -Wno-missing-include-dirs: YES 
Running compile:
Working directory:  /home/srozhkov/develop/csqemu/build-lib/meson-private/tmp_fj4ugk3
Command line:  cc -m64 -mcx16 /home/srozhkov/develop/csqemu/build-lib/meson-private/tmp_fj4ugk3/testfile.c -o /home/srozhkov/develop/csqemu/build-lib/meson-private/tmp_fj4ugk3/output.obj -c -D_FILE_OFFSET_BITS=64 -O0 -Wshift-negative-value -Wno-shift-negative-value 

Code:
 extern int i;
int i;

Compiler stdout:
 
Compiler stderr:
 
Compiler for C supports arguments -Wno-shift-negative-value: YES 
Running compile:
Working directory:  /home/srozhkov/develop/csqemu/build-lib/meson-private/tmpzsrkdtez
Command line:  cc -m64 -mcx16 /home/srozhkov/develop/csqemu/build-lib/meson-private/tmpzsrkdtez/testfile.c -o /home/srozhkov/develop/csqemu/build-lib/meson-private/tmpzsrkdtez/output.obj -c -D_FILE_OFFSET_BITS=64 -O0 -Wstring-plus-int -Wno-string-plus-int 

Code:
 extern int i;
int i;

Compiler stdout:
 
Compiler stderr:
 cc: error: unrecognized command-line option '-Wstring-plus-int'

Compiler for C supports arguments -Wno-string-plus-int: NO 
Running compile:
Working directory:  /home/srozhkov/develop/csqemu/build-lib/meson-private/tmpp2lfsg7m
Command line:  cc -m64 -mcx16 /home/srozhkov/develop/csqemu/build-lib/meson-private/tmpp2lfsg7m/testfile.c -o /home/srozhkov/develop/csqemu/build-lib/meson-private/tmpp2lfsg7m/output.obj -c -D_FILE_OFFSET_BITS=64 -O0 -Wtypedef-redefinition -Wno-typedef-redefinition 

Code:
 extern int i;
int i;

Compiler stdout:
 
Compiler stderr:
 cc: error: unrecognized command-line option '-Wtypedef-redefinition'

Compiler for C supports arguments -Wno-typedef-redefinition: NO 
Running compile:
Working directory:  /home/srozhkov/develop/csqemu/build-lib/meson-private/tmp5gkm9hwt
Command line:  cc -m64 -mcx16 /home/srozhkov/develop/csqemu/build-lib/meson-private/tmp5gkm9hwt/testfile.c -o /home/srozhkov/develop/csqemu/build-lib/meson-private/tmp5gkm9hwt/output.obj -c -D_FILE_OFFSET_BITS=64 -O0 -Wtautological-type-limit-compare -Wno-tautological-type-limit-compare 

Code:
 extern int i;
int i;

Compiler stdout:
 
Compiler stderr:
 cc: error: unrecognized command-line option '-Wtautological-type-limit-compare'; did you mean '-Wtautological-compare'?

Compiler for C supports arguments -Wno-tautological-type-limit-compare: NO 
Running compile:
Working directory:  /home/srozhkov/develop/csqemu/build-lib/meson-private/tmpzf77so27
Command line:  cc -m64 -mcx16 /home/srozhkov/develop/csqemu/build-lib/meson-private/tmpzf77so27/testfile.c -o /home/srozhkov/develop/csqemu/build-lib/meson-private/tmpzf77so27/output.obj -c -D_FILE_OFFSET_BITS=64 -O0 -Wpsabi -Wno-psabi 

Code:
 extern int i;
int i;

Compiler stdout:
 
Compiler stderr:
 
Compiler for C supports arguments -Wno-psabi: YES 
Running compile:
Working directory:  /home/srozhkov/develop/csqemu/build-lib/meson-private/tmpz5d29wj2
Command line:  cc -m64 -mcx16 /home/srozhkov/develop/csqemu/build-lib/meson-private/tmpz5d29wj2/testfile.c -o /home/srozhkov/develop/csqemu/build-lib/meson-private/tmpz5d29wj2/output.obj -c -D_FILE_OFFSET_BITS=64 -O0 -Wgnu-variable-sized-type-not-at-end -Wno-gnu-variable-sized-type-not-at-end 

Code:
 extern int i;
int i;

Compiler stdout:
 
Compiler stderr:
 cc: error: unrecognized command-line option '-Wgnu-variable-sized-type-not-at-end'

Compiler for C supports arguments -Wno-gnu-variable-sized-type-not-at-end: NO 
Running compile:
Working directory:  /home/srozhkov/develop/csqemu/build-lib/meson-private/tmpnyn298jx
Command line:  cc -m64 -mcx16 /home/srozhkov/develop/csqemu/build-lib/meson-private/tmpnyn298jx/testfile.c -o /home/srozhkov/develop/csqemu/build-lib/meson-private/tmpnyn298jx/output.obj -c -D_FILE_OFFSET_BITS=64 -O0 -Wthread-safety 

Code:
 extern int i;
int i;

Compiler stdout:
 
Compiler stderr:
 cc: error: unrecognized command-line option '-Wthread-safety'

Compiler for C supports arguments -Wthread-safety: NO 
Program cgcc found: NO
Running compile:
Working directory:  /home/srozhkov/develop/csqemu/build-lib/meson-private/tmps23ood8n
Command line:  cc -m64 -mcx16 /home/srozhkov/develop/csqemu/build-lib/meson-private/tmps23ood8n/testfile.c -o /home/srozhkov/develop/csqemu/build-lib/meson-private/tmps23ood8n/output.exe -D_FILE_OFFSET_BITS=64 -O0 -Wl,--start-group -lm -Wl,--end-group -Wl,--allow-shlib-undefined 

Code:
 int main(void) { return 0; }

Compiler stdout:
 
Compiler stderr:
 
Library m found: YES
Run-time dependency threads found: YES
Running compile:
Working directory:  /home/srozhkov/develop/csqemu/build-lib/meson-private/tmpw62_ql62
Command line:  cc -m64 -mcx16 /home/srozhkov/develop/csqemu/build-lib/meson-private/tmpw62_ql62/testfile.c -o /home/srozhkov/develop/csqemu/build-lib/meson-private/tmpw62_ql62/output.exe -D_FILE_OFFSET_BITS=64 -O0 -Wl,--start-group -lutil -Wl,--end-group -Wl,--allow-shlib-undefined 

Code:
 int main(void) { return 0; }

Compiler stdout:
 
Compiler stderr:
 
Library util found: YES
Running compile:
Working directory:  /home/srozhkov/develop/csqemu/build-lib/meson-private/tmpkmakjjqs
Command line:  cc -m64 -mcx16 /home/srozhkov/develop/csqemu/build-lib/meson-private/tmpkmakjjqs/testfile.c -o /home/srozhkov/develop/csqemu/build-lib/meson-private/tmpkmakjjqs/output.exe -D_FILE_OFFSET_BITS=64 -O0 -framework Hypervisor 

Code:
 int main(void) { return 0; }
Compiler stdout:
 
Compiler stderr:
 cc: error: unrecognized command-line option '-framework'

Run-time dependency appleframeworks found: NO (tried framework)
Pkg-config binary for 1 is not cached.
Pkg-config binary for 1 specified from cross file, native file, or env var as ['pkg-config']
Found pkg-config: /usr/bin/pkg-config (0.29.2)
Determining dependency 'glib-2.0' with pkg-config executable '/usr/bin/pkg-config'
env[PKG_CONFIG_PATH]: 
Called `/usr/bin/pkg-config --modversion glib-2.0` -> 0
2.72.4
env[PKG_CONFIG_PATH]: 
Called `/usr/bin/pkg-config --cflags glib-2.0` -> 0
-I/usr/include/glib-2.0 -I/usr/lib/x86_64-linux-gnu/glib-2.0/include
env[PKG_CONFIG_ALLOW_SYSTEM_LIBS]: 1
env[PKG_CONFIG_PATH]: 
Called `/usr/bin/pkg-config --libs glib-2.0` -> 0
-L/usr/lib/x86_64-linux-gnu -lglib-2.0
env[PKG_CONFIG_PATH]: 
Called `/usr/bin/pkg-config --libs glib-2.0` -> 0
-lglib-2.0
Running compile:
Working directory:  /home/srozhkov/develop/csqemu/build-lib/meson-private/tmp579lacf5
Command line:  cc -m64 -mcx16 /home/srozhkov/develop/csqemu/build-lib/meson-private/tmp579lacf5/testfile.c -o /home/srozhkov/develop/csqemu/build-lib/meson-private/tmp579lacf5/output.exe -D_FILE_OFFSET_BITS=64 -O0 

Code:
 #include<stdio.h>
        
        int main(void) {
            printf("%ld\n", (long)(sizeof(void *)));
            return 0;
        }
Compiler stdout:
 
Compiler stderr:
 
Program stdout:

8

Program stderr:


Running compile:
Working directory:  /home/srozhkov/develop/csqemu/build-lib/meson-private/tmptgfa5k94
Command line:  cc -m64 -mcx16 /home/srozhkov/develop/csqemu/build-lib/meson-private/tmptgfa5k94/testfile.c -o /home/srozhkov/develop/csqemu/build-lib/meson-private/tmptgfa5k94/output.obj -c -D_FILE_OFFSET_BITS=64 -O0 --print-search-dirs 

Code:
 
Compiler stdout:
 install: /usr/lib/gcc/x86_64-linux-gnu/11/
programs: =/usr/lib/gcc/x86_64-linux-gnu/11/:/usr/lib/gcc/x86_64-linux-gnu/11/:/usr/lib/gcc/x86_64-linux-gnu/:/usr/lib/gcc/x86_64-linux-gnu/11/:/usr/lib/gcc/x86_64-linux-gnu/:/usr/lib/gcc/x86_64-linux-gnu/11/../../../../x86_64-linux-gnu/bin/x86_64-linux-gnu/11/:/usr/lib/gcc/x86_64-linux-gnu/11/../../../../x86_64-linux-gnu/bin/x86_64-linux-gnu/:/usr/lib/gcc/x86_64-linux-gnu/11/../../../../x86_64-linux-gnu/bin/
libraries: =/usr/lib/gcc/x86_64-linux-gnu/11/:/usr/lib/gcc/x86_64-linux-gnu/11/../../../../x86_64-linux-gnu/lib/x86_64-linux-gnu/11/:/usr/lib/gcc/x86_64-linux-gnu/11/../../../../x86_64-linux-gnu/lib/x86_64-linux-gnu/:/usr/lib/gcc/x86_64-linux-gnu/11/../../../../x86_64-linux-gnu/lib/../lib/:/usr/lib/gcc/x86_64-linux-gnu/11/../../../x86_64-linux-gnu/11/:/usr/lib/gcc/x86_64-linux-gnu/11/../../../x86_64-linux-gnu/:/usr/lib/gcc/x86_64-linux-gnu/11/../../../../lib/:/lib/x86_64-linux-gnu/11/:/lib/x86_64-linux-gnu/:/lib/../lib/:/usr/lib/x86_64-linux-gnu/11/:/usr/lib/x86_64-linux-gnu/:/usr/lib/../lib/:/usr/lib/gcc/x86_64-linux-gnu/11/../../../../x86_64-linux-gnu/lib/:/usr/lib/gcc/x86_64-linux-gnu/11/../../../:/lib/:/usr/lib/

Compiler stderr:
 
Run-time dependency glib-2.0 found: YES 2.72.4
Pkg-config binary for 1 is cached.
Determining dependency 'gmodule-no-export-2.0' with pkg-config executable '/usr/bin/pkg-config'
env[PKG_CONFIG_PATH]: 
Called `/usr/bin/pkg-config --modversion gmodule-no-export-2.0` -> 0
2.72.4
env[PKG_CONFIG_PATH]: 
Called `/usr/bin/pkg-config --cflags gmodule-no-export-2.0` -> 0
-pthread -I/usr/include/glib-2.0 -I/usr/lib/x86_64-linux-gnu/glib-2.0/include
env[PKG_CONFIG_ALLOW_SYSTEM_LIBS]: 1
env[PKG_CONFIG_PATH]: 
Called `/usr/bin/pkg-config --libs gmodule-no-export-2.0` -> 0
-L/usr/lib/x86_64-linux-gnu -lgmodule-2.0 -pthread -lglib-2.0
env[PKG_CONFIG_PATH]: 
Called `/usr/bin/pkg-config --libs gmodule-no-export-2.0` -> 0
-lgmodule-2.0 -pthread -lglib-2.0
Run-time dependency gmodule-no-export-2.0 found: YES 2.72.4
Running compile:
Working directory:  /home/srozhkov/develop/csqemu/build-lib/meson-private/tmphmris73n
Command line:  cc -m64 -mcx16 -I/usr/include/glib-2.0 -I/usr/lib/x86_64-linux-gnu/glib-2.0/include /home/srozhkov/develop/csqemu/build-lib/meson-private/tmphmris73n/testfile.c -o /home/srozhkov/develop/csqemu/build-lib/meson-private/tmphmris73n/output.obj -c -D_FILE_OFFSET_BITS=64 -O0 -std=gnu11 

Code:
 
  #include <glib.h>
  #include <unistd.h>

  #define QEMU_BUILD_BUG_ON(x) \
  typedef char qemu_build_bug_on[(x)?-1:1] __attribute__((unused));

  int main(void) {
     QEMU_BUILD_BUG_ON(sizeof(size_t) != GLIB_SIZEOF_SIZE_T);
     return 0;
  }
Compiler stdout:
 
Compiler stderr:
 
Running compile:
Working directory:  /home/srozhkov/develop/csqemu/build-lib/meson-private/tmpnsiy2y53
Command line:  cc -m64 -mcx16 -I/usr/include/glib-2.0 -I/usr/lib/x86_64-linux-gnu/glib-2.0/include /home/srozhkov/develop/csqemu/build-lib/meson-private/tmpnsiy2y53/testfile.c -o /home/srozhkov/develop/csqemu/build-lib/meson-private/tmpnsiy2y53/output.obj -c -D_FILE_OFFSET_BITS=64 -O0 -std=gnu11 -Wunused-function -Werror 

Code:
 
  #include <glib.h>
  typedef struct Foo {
    int i;
  } Foo;
  static void foo_free(Foo *f)
  {
    g_free(f);
  }
  G_DEFINE_AUTOPTR_CLEANUP_FUNC(Foo, foo_free)
  int main(void) { return 0; }
Compiler stdout:
 
Compiler stderr:
 
Pkg-config binary for 1 is cached.
Determining dependency 'gio-2.0' with pkg-config executable '/usr/bin/pkg-config'
env[PKG_CONFIG_PATH]: 
Called `/usr/bin/pkg-config --modversion gio-2.0` -> 0
2.72.4
env[PKG_CONFIG_PATH]: 
Called `/usr/bin/pkg-config --cflags gio-2.0` -> 0
-pthread -I/usr/include/libmount -I/usr/include/blkid -I/usr/include/glib-2.0 -I/usr/lib/x86_64-linux-gnu/glib-2.0/include
env[PKG_CONFIG_ALLOW_SYSTEM_LIBS]: 1
env[PKG_CONFIG_PATH]: 
Called `/usr/bin/pkg-config --libs gio-2.0` -> 0
-L/usr/lib/x86_64-linux-gnu -lgio-2.0 -lgobject-2.0 -lglib-2.0
env[PKG_CONFIG_PATH]: 
Called `/usr/bin/pkg-config --libs gio-2.0` -> 0
-lgio-2.0 -lgobject-2.0 -lglib-2.0
Run-time dependency gio-2.0 found: YES 2.72.4
Running compile:
Working directory:  /home/srozhkov/develop/csqemu/build-lib/meson-private/tmpl9v4s2d6
Command line:  cc -m64 -mcx16 -I/usr/include/glib-2.0 -I/usr/lib/x86_64-linux-gnu/glib-2.0/include -I/usr/include/libmount -I/usr/include/blkid /home/srozhkov/develop/csqemu/build-lib/meson-private/tmpl9v4s2d6/testfile.c -o /home/srozhkov/develop/csqemu/build-lib/meson-private/tmpl9v4s2d6/output.exe -pthread -D_FILE_OFFSET_BITS=64 -O0 -std=gnu11 -Wl,--start-group /usr/lib/x86_64-linux-gnu/libgio-2.0.so /usr/lib/x86_64-linux-gnu/libgobject-2.0.so /usr/lib/x86_64-linux-gnu/libglib-2.0.so /usr/lib/x86_64-linux-gnu/libgmodule-2.0.so -Wl,--end-group 

Code:
 
    #include <gio/gio.h>
    int main(void)
    {
      g_dbus_proxy_new_sync(0, 0, 0, 0, 0, 0, 0, 0);
      return 0;
    }
Compiler stdout:
 
Compiler stderr:
 
env[PKG_CONFIG_PATH]: 
Called `/usr/bin/pkg-config --variable=gdbus_codegen gio-2.0` -> 0
/usr/bin/gdbus-codegen
Got pkgconfig variable gdbus_codegen : /usr/bin/gdbus-codegen
Program /usr/bin/gdbus-codegen found: YES (/usr/bin/gdbus-codegen)
Pkg-config binary for 1 is cached.
Determining dependency 'gio-unix-2.0' with pkg-config executable '/usr/bin/pkg-config'
env[PKG_CONFIG_PATH]: 
Called `/usr/bin/pkg-config --modversion gio-unix-2.0` -> 0
2.72.4
env[PKG_CONFIG_PATH]: 
Called `/usr/bin/pkg-config --cflags gio-unix-2.0` -> 0
-pthread -I/usr/include/gio-unix-2.0 -I/usr/include/libmount -I/usr/include/blkid -I/usr/include/glib-2.0 -I/usr/lib/x86_64-linux-gnu/glib-2.0/include
env[PKG_CONFIG_ALLOW_SYSTEM_LIBS]: 1
env[PKG_CONFIG_PATH]: 
Called `/usr/bin/pkg-config --libs gio-unix-2.0` -> 0
-L/usr/lib/x86_64-linux-gnu -lgio-2.0 -lgobject-2.0 -lglib-2.0
env[PKG_CONFIG_PATH]: 
Called `/usr/bin/pkg-config --libs gio-unix-2.0` -> 0
-lgio-2.0 -lgobject-2.0 -lglib-2.0
Run-time dependency gio-unix-2.0 found: YES 2.72.4
Program scripts/xml-preprocess.py found: YES (/home/srozhkov/develop/csqemu/build-lib/pyvenv/bin/python3 /home/srozhkov/develop/csqemu/scripts/xml-preprocess.py)
Pkg-config binary for 1 is cached.
Determining dependency 'pixman-1' with pkg-config executable '/usr/bin/pkg-config'
env[PKG_CONFIG_PATH]: 
Called `/usr/bin/pkg-config --modversion pixman-1` -> 0
0.40.0
env[PKG_CONFIG_PATH]: 
Called `/usr/bin/pkg-config --cflags pixman-1` -> 0
-I/usr/include/pixman-1
env[PKG_CONFIG_ALLOW_SYSTEM_LIBS]: 1
env[PKG_CONFIG_PATH]: 
Called `/usr/bin/pkg-config --libs pixman-1` -> 0
-L/usr/lib/x86_64-linux-gnu -lpixman-1
env[PKG_CONFIG_PATH]: 
Called `/usr/bin/pkg-config --libs pixman-1` -> 0
-lpixman-1
Run-time dependency pixman-1 found: YES 0.40.0
Pkg-config binary for 1 is cached.
Determining dependency 'zlib' with pkg-config executable '/usr/bin/pkg-config'
env[PKG_CONFIG_PATH]: 
Called `/usr/bin/pkg-config --modversion zlib` -> 0
1.2.11
env[PKG_CONFIG_PATH]: 
Called `/usr/bin/pkg-config --cflags zlib` -> 0

env[PKG_CONFIG_ALLOW_SYSTEM_LIBS]: 1
env[PKG_CONFIG_PATH]: 
Called `/usr/bin/pkg-config --libs zlib` -> 0
-L/usr/lib/x86_64-linux-gnu -lz
env[PKG_CONFIG_PATH]: 
Called `/usr/bin/pkg-config --libs zlib` -> 0
-lz
Run-time dependency zlib found: YES 1.2.11
Running compile:
Working directory:  /home/srozhkov/develop/csqemu/build-lib/meson-private/tmp_rdlg3ml
Command line:  cc -m64 -mcx16 /home/srozhkov/develop/csqemu/build-lib/meson-private/tmp_rdlg3ml/testfile.c -E -P -D_FILE_OFFSET_BITS=64 -P -O0 -std=gnu11 

Code:
 
        #ifdef __has_include
         #if !__has_include("libaio.h")
          #error "Header 'libaio.h' could not be found"
         #endif
        #else
         #include <libaio.h>
        #endif
Compiler stdout:
 
Compiler stderr:
 /home/srozhkov/develop/csqemu/build-lib/meson-private/tmp_rdlg3ml/testfile.c:4:12: error: #error "Header 'libaio.h' could not be found"
    4 |           #error "Header 'libaio.h' could not be found"
      |            ^~~~~

Has header "libaio.h" : NO 
Pkg-config binary for 1 is cached.
Determining dependency 'liburing' with pkg-config executable '/usr/bin/pkg-config'
env[PKG_CONFIG_PATH]: 
Called `/usr/bin/pkg-config --modversion liburing` -> 1

Run-time dependency liburing found: NO (tried pkgconfig)
Running compile:
Working directory:  /home/srozhkov/develop/csqemu/build-lib/meson-private/tmp9tf0jnl6
Command line:  cc -m64 -mcx16 /home/srozhkov/develop/csqemu/build-lib/meson-private/tmp9tf0jnl6/testfile.c -o /home/srozhkov/develop/csqemu/build-lib/meson-private/tmp9tf0jnl6/output.exe -D_FILE_OFFSET_BITS=64 -O0 -std=gnu11 

Code:
 
  #include <liburing.h>
  #include <linux/errqueue.h>

  int main(void) { return 0; }
Compiler stdout:
 
Compiler stderr:
 /home/srozhkov/develop/csqemu/build-lib/meson-private/tmp9tf0jnl6/testfile.c:2:12: fatal error: liburing.h: No such file or directory
    2 |   #include <liburing.h>
      |            ^~~~~~~~~~~~
compilation terminated.

Pkg-config binary for 1 is cached.
Determining dependency 'libnfs' with pkg-config executable '/usr/bin/pkg-config'
env[PKG_CONFIG_PATH]: 
Called `/usr/bin/pkg-config --modversion libnfs` -> 1

Run-time dependency libnfs found: NO (tried pkgconfig)
Running compile:
Working directory:  /home/srozhkov/develop/csqemu/build-lib/meson-private/tmpn8aw1jf8
Command line:  cc -m64 -mcx16 /home/srozhkov/develop/csqemu/build-lib/meson-private/tmpn8aw1jf8/testfile.c -o /home/srozhkov/develop/csqemu/build-lib/meson-private/tmpn8aw1jf8/output.exe -D_FILE_OFFSET_BITS=64 -O0 -std=gnu11 

Code:
 
  #include <stddef.h>
  #include <sys/types.h>
  #ifdef CONFIG_LIBATTR
  #include <attr/xattr.h>
  #else
  #include <sys/xattr.h>
  #endif
  int main(void) { getxattr(NULL, NULL, NULL, 0); setxattr(NULL, NULL, NULL, 0, 0); return 0; }
Compiler stdout:
 
Compiler stderr:
 
Running compile:
Working directory:  /home/srozhkov/develop/csqemu/build-lib/meson-private/tmp9fanebpp
Command line:  cc -m64 -mcx16 /home/srozhkov/develop/csqemu/build-lib/meson-private/tmp9fanebpp/testfile.c -o /home/srozhkov/develop/csqemu/build-lib/meson-private/tmp9fanebpp/output.exe -D_FILE_OFFSET_BITS=64 -O0 -framework Cocoa 

Code:
 int main(void) { return 0; }
Compiler stdout:
 
Compiler stderr:
 cc: error: unrecognized command-line option '-framework'

Running compile:
Working directory:  /home/srozhkov/develop/csqemu/build-lib/meson-private/tmpbjaecbqu
Command line:  cc -m64 -mcx16 /home/srozhkov/develop/csqemu/build-lib/meson-private/tmpbjaecbqu/testfile.c -o /home/srozhkov/develop/csqemu/build-lib/meson-private/tmpbjaecbqu/output.exe -D_FILE_OFFSET_BITS=64 -O0 -framework CoreVideo 

Code:
 int main(void) { return 0; }
Compiler stdout:
 
Compiler stderr:
 cc: error: unrecognized command-line option '-framework'

Run-time dependency appleframeworks found: NO (tried framework)
Running compile:
Working directory:  /home/srozhkov/develop/csqemu/build-lib/meson-private/tmpx3165arf
Command line:  cc -m64 -mcx16 /home/srozhkov/develop/csqemu/build-lib/meson-private/tmpx3165arf/testfile.c -o /home/srozhkov/develop/csqemu/build-lib/meson-private/tmpx3165arf/output.exe -D_FILE_OFFSET_BITS=64 -O0 -framework vmnet 

Code:
 int main(void) { return 0; }
Compiler stdout:
 
Compiler stderr:
 cc: error: unrecognized command-line option '-framework'

Run-time dependency appleframeworks found: NO (tried framework)
Pkg-config binary for 1 is cached.
Determining dependency 'libseccomp' with pkg-config executable '/usr/bin/pkg-config'
env[PKG_CONFIG_PATH]: 
Called `/usr/bin/pkg-config --modversion libseccomp` -> 1

Run-time dependency libseccomp found: NO (tried pkgconfig)
Running compile:
Working directory:  /home/srozhkov/develop/csqemu/build-lib/meson-private/tmpqy36l2pi
Command line:  cc -m64 -mcx16 /home/srozhkov/develop/csqemu/build-lib/meson-private/tmpqy36l2pi/testfile.c -E -P -D_FILE_OFFSET_BITS=64 -P -O0 -std=gnu11 

Code:
 
        #ifdef __has_include
         #if !__has_include("cap-ng.h")
          #error "Header 'cap-ng.h' could not be found"
         #endif
        #else
         #include <cap-ng.h>
        #endif
Compiler stdout:
 
Compiler stderr:
 /home/srozhkov/develop/csqemu/build-lib/meson-private/tmpqy36l2pi/testfile.c:4:12: error: #error "Header 'cap-ng.h' could not be found"
    4 |           #error "Header 'cap-ng.h' could not be found"
      |            ^~~~~

Has header "cap-ng.h" : NO 
Pkg-config binary for 1 is cached.
Determining dependency 'xkbcommon' with pkg-config executable '/usr/bin/pkg-config'
env[PKG_CONFIG_PATH]: 
Called `/usr/bin/pkg-config --modversion xkbcommon` -> 1

Run-time dependency xkbcommon found: NO (tried pkgconfig)
Pkg-config binary for 1 is cached.
Determining dependency 'slirp' with pkg-config executable '/usr/bin/pkg-config'
env[PKG_CONFIG_PATH]: 
Called `/usr/bin/pkg-config --modversion slirp` -> 0
4.6.1
env[PKG_CONFIG_PATH]: 
Called `/usr/bin/pkg-config --cflags slirp` -> 0
-I/usr/include/slirp -I/usr/include/glib-2.0 -I/usr/lib/x86_64-linux-gnu/glib-2.0/include
env[PKG_CONFIG_ALLOW_SYSTEM_LIBS]: 1
env[PKG_CONFIG_PATH]: 
Called `/usr/bin/pkg-config --libs slirp` -> 0
-L/usr/lib/x86_64-linux-gnu -lslirp -lglib-2.0
env[PKG_CONFIG_PATH]: 
Called `/usr/bin/pkg-config --libs slirp` -> 0
-lslirp -lglib-2.0
Run-time dependency slirp found: YES 4.6.1
Running compile:
Working directory:  /home/srozhkov/develop/csqemu/build-lib/meson-private/tmp320f1bo_
Command line:  cc -m64 -mcx16 /home/srozhkov/develop/csqemu/build-lib/meson-private/tmp320f1bo_/testfile.c -E -P -D_FILE_OFFSET_BITS=64 -P -O0 -std=gnu11 

Code:
 
        #ifdef __has_include
         #if !__has_include("libvdeplug.h")
          #error "Header 'libvdeplug.h' could not be found"
         #endif
        #else
         #include <libvdeplug.h>
        #endif
Compiler stdout:
 
Compiler stderr:
 /home/srozhkov/develop/csqemu/build-lib/meson-private/tmp320f1bo_/testfile.c:4:12: error: #error "Header 'libvdeplug.h' could not be found"
    4 |           #error "Header 'libvdeplug.h' could not be found"
      |            ^~~~~

Has header "libvdeplug.h" : NO 
Pkg-config binary for 1 is cached.
Determining dependency 'libpulse' with pkg-config executable '/usr/bin/pkg-config'
env[PKG_CONFIG_PATH]: 
Called `/usr/bin/pkg-config --modversion libpulse` -> 1

Run-time dependency libpulse found: NO (tried pkgconfig)
Pkg-config binary for 1 is cached.
Determining dependency 'alsa' with pkg-config executable '/usr/bin/pkg-config'
env[PKG_CONFIG_PATH]: 
Called `/usr/bin/pkg-config --modversion alsa` -> 1

Run-time dependency alsa found: NO (tried pkgconfig)
Pkg-config binary for 1 is cached.
Determining dependency 'jack' with pkg-config executable '/usr/bin/pkg-config'
env[PKG_CONFIG_PATH]: 
Called `/usr/bin/pkg-config --modversion jack` -> 1

Run-time dependency jack found: NO (tried pkgconfig)
Pkg-config binary for 1 is cached.
Determining dependency 'libpipewire-0.3' with pkg-config executable '/usr/bin/pkg-config'
env[PKG_CONFIG_PATH]: 
Called `/usr/bin/pkg-config --modversion libpipewire-0.3` -> 1

Run-time dependency libpipewire-0.3 found: NO (tried pkgconfig)
Pkg-config binary for 1 is cached.
Determining dependency 'sndio' with pkg-config executable '/usr/bin/pkg-config'
env[PKG_CONFIG_PATH]: 
Called `/usr/bin/pkg-config --modversion sndio` -> 1

Run-time dependency sndio found: NO (tried pkgconfig)
Pkg-config binary for 1 is cached.
Determining dependency 'spice-protocol' with pkg-config executable '/usr/bin/pkg-config'
env[PKG_CONFIG_PATH]: 
Called `/usr/bin/pkg-config --modversion spice-protocol` -> 1

Run-time dependency spice-protocol found: NO (tried pkgconfig)
Pkg-config binary for 1 is cached.
Determining dependency 'spice-server' with pkg-config executable '/usr/bin/pkg-config'
env[PKG_CONFIG_PATH]: 
Called `/usr/bin/pkg-config --modversion spice-server` -> 1

Run-time dependency spice-server found: NO (tried pkgconfig)
Running compile:
Working directory:  /home/srozhkov/develop/csqemu/build-lib/meson-private/tmpfmwlezju
Command line:  cc -m64 -mcx16 /home/srozhkov/develop/csqemu/build-lib/meson-private/tmpfmwlezju/testfile.c -o /home/srozhkov/develop/csqemu/build-lib/meson-private/tmpfmwlezju/output.exe -D_FILE_OFFSET_BITS=64 -O0 -Wl,--start-group -lrt -Wl,--end-group -Wl,--allow-shlib-undefined 

Code:
 int main(void) { return 0; }

Compiler stdout:
 
Compiler stderr:
 
Library rt found: YES
Pkg-config binary for 1 is cached.
Determining dependency 'libiscsi' with pkg-config executable '/usr/bin/pkg-config'
env[PKG_CONFIG_PATH]: 
Called `/usr/bin/pkg-config --modversion libiscsi` -> 1

Run-time dependency libiscsi found: NO (tried pkgconfig)
Pkg-config binary for 1 is cached.
Determining dependency 'libzstd' with pkg-config executable '/usr/bin/pkg-config'
env[PKG_CONFIG_PATH]: 
Called `/usr/bin/pkg-config --modversion libzstd` -> 1

Run-time dependency libzstd found: NO (tried pkgconfig)
Pkg-config binary for 1 is cached.
Determining dependency 'virglrenderer' with pkg-config executable '/usr/bin/pkg-config'
env[PKG_CONFIG_PATH]: 
Called `/usr/bin/pkg-config --modversion virglrenderer` -> 1

Run-time dependency virglrenderer found: NO (tried pkgconfig)
Pkg-config binary for 1 is cached.
Determining dependency 'rutabaga_gfx_ffi' with pkg-config executable '/usr/bin/pkg-config'
env[PKG_CONFIG_PATH]: 
Called `/usr/bin/pkg-config --modversion rutabaga_gfx_ffi` -> 1

Run-time dependency rutabaga_gfx_ffi found: NO (tried pkgconfig)
Pkg-config binary for 1 is cached.
Determining dependency 'blkio' with pkg-config executable '/usr/bin/pkg-config'
env[PKG_CONFIG_PATH]: 
Called `/usr/bin/pkg-config --modversion blkio` -> 1

Run-time dependency blkio found: NO (tried pkgconfig)
Pkg-config binary for 1 is cached.
Determining dependency 'libcurl' with pkg-config executable '/usr/bin/pkg-config'
env[PKG_CONFIG_PATH]: 
Called `/usr/bin/pkg-config --modversion libcurl` -> 1

Run-time dependency libcurl found: NO (tried pkgconfig)
Pkg-config binary for 1 is cached.
Determining dependency 'libudev' with pkg-config executable '/usr/bin/pkg-config'
env[PKG_CONFIG_PATH]: 
Called `/usr/bin/pkg-config --modversion libudev` -> 1

Run-time dependency libudev found: NO (tried pkgconfig)
Running compile:
Working directory:  /home/srozhkov/develop/csqemu/build-lib/meson-private/tmp4wha9h7t
Command line:  cc -m64 -mcx16 /home/srozhkov/develop/csqemu/build-lib/meson-private/tmp4wha9h7t/testfile.c -o /home/srozhkov/develop/csqemu/build-lib/meson-private/tmp4wha9h7t/output.exe -D_FILE_OFFSET_BITS=64 -O0 -Wl,--start-group -lmpathpersist -Wl,--end-group -Wl,--allow-shlib-undefined 

Code:
 int main(void) { return 0; }

Compiler stdout:
 
Compiler stderr:
 /usr/bin/ld: cannot find -lmpathpersist: No such file or directory
collect2: error: ld returned 1 exit status

Library mpathpersist found: NO
Pkg-config binary for 1 is cached.
Determining dependency 'ncursesw' with pkg-config executable '/usr/bin/pkg-config'
env[PKG_CONFIG_PATH]: 
Called `/usr/bin/pkg-config --modversion ncursesw` -> 0
6.3.20211021
env[PKG_CONFIG_PATH]: 
Called `/usr/bin/pkg-config --cflags ncursesw` -> 0
-D_DEFAULT_SOURCE -D_XOPEN_SOURCE=600
env[PKG_CONFIG_ALLOW_SYSTEM_LIBS]: 1
env[PKG_CONFIG_PATH]: 
Called `/usr/bin/pkg-config --libs ncursesw` -> 0
-L/usr/lib/x86_64-linux-gnu -lncursesw -ltinfo
env[PKG_CONFIG_PATH]: 
Called `/usr/bin/pkg-config --libs ncursesw` -> 0
-lncursesw -ltinfo
Run-time dependency ncursesw found: YES 6.3.20211021
Running compile:
Working directory:  /home/srozhkov/develop/csqemu/build-lib/meson-private/tmp243vf912
Command line:  cc -m64 -mcx16 /home/srozhkov/develop/csqemu/build-lib/meson-private/tmp243vf912/testfile.c -o /home/srozhkov/develop/csqemu/build-lib/meson-private/tmp243vf912/output.exe -D_DEFAULT_SOURCE -D_XOPEN_SOURCE=600 -D_FILE_OFFSET_BITS=64 -O0 -std=gnu11 -DNCURSES_WIDECHAR=1 -Wl,--start-group /usr/lib/x86_64-linux-gnu/libncursesw.so /usr/lib/x86_64-linux-gnu/libtinfo.so -Wl,--end-group 

Code:
 
    #if defined(__APPLE__) || defined(__OpenBSD__)
    #define _XOPEN_SOURCE_EXTENDED 1
    #endif
    #include <locale.h>
    #include <curses.h>
    #include <wchar.h>
    int main(void) {
      wchar_t wch = L'w';
      setlocale(LC_ALL, "");
      resize_term(0, 0);
      addwstr(L"wide chars\n");
      addnwstr(&wch, 1);
      add_wch(WACS_DEGREE);
      return 0;
    }
Compiler stdout:
 
Compiler stderr:
 
Running compile:
Working directory:  /home/srozhkov/develop/csqemu/build-lib/meson-private/tmpmsht4al1
Command line:  cc -m64 -mcx16 -I/usr/include/glib-2.0 -I/usr/lib/x86_64-linux-gnu/glib-2.0/include /home/srozhkov/develop/csqemu/build-lib/meson-private/tmpmsht4al1/testfile.c -o /home/srozhkov/develop/csqemu/build-lib/meson-private/tmpmsht4al1/output.exe -pthread -D_FILE_OFFSET_BITS=64 -O0 -std=gnu11 -Wl,--start-group -liconv /usr/lib/x86_64-linux-gnu/libglib-2.0.so /usr/lib/x86_64-linux-gnu/libgmodule-2.0.so -Wl,--end-group 

Code:
 
        #include <iconv.h>
        int main(void) {
          iconv_t conv = iconv_open("WCHAR_T", "UCS-2");
          return conv != (iconv_t) -1;
        }
Compiler stdout:
 
Compiler stderr:
 /usr/bin/ld: cannot find -liconv: No such file or directory
collect2: error: ld returned 1 exit status

Running compile:
Working directory:  /home/srozhkov/develop/csqemu/build-lib/meson-private/tmpm80lju46
Command line:  cc -m64 -mcx16 -I/usr/include/glib-2.0 -I/usr/lib/x86_64-linux-gnu/glib-2.0/include /home/srozhkov/develop/csqemu/build-lib/meson-private/tmpm80lju46/testfile.c -o /home/srozhkov/develop/csqemu/build-lib/meson-private/tmpm80lju46/output.exe -pthread -D_FILE_OFFSET_BITS=64 -O0 -std=gnu11 -Wl,--start-group /usr/lib/x86_64-linux-gnu/libglib-2.0.so /usr/lib/x86_64-linux-gnu/libgmodule-2.0.so -Wl,--end-group 

Code:
 
        #include <iconv.h>
        int main(void) {
          iconv_t conv = iconv_open("WCHAR_T", "UCS-2");
          return conv != (iconv_t) -1;
        }
Compiler stdout:
 
Compiler stderr:
 
Running compile:
Working directory:  /home/srozhkov/develop/csqemu/build-lib/meson-private/tmpujetv590
Command line:  cc -m64 -mcx16 /home/srozhkov/develop/csqemu/build-lib/meson-private/tmpujetv590/testfile.c -E -P -D_FILE_OFFSET_BITS=64 -P -O0 -std=gnu11 

Code:
 
        #ifdef __has_include
         #if !__has_include("brlapi.h")
          #error "Header 'brlapi.h' could not be found"
         #endif
        #else
         #include <brlapi.h>
        #endif
Compiler stdout:
 
Compiler stderr:
 /home/srozhkov/develop/csqemu/build-lib/meson-private/tmpujetv590/testfile.c:4:12: error: #error "Header 'brlapi.h' could not be found"
    4 |           #error "Header 'brlapi.h' could not be found"
      |            ^~~~~

Has header "brlapi.h" : NO 
Pkg-config binary for 1 is cached.
Determining dependency 'sdl2' with pkg-config executable '/usr/bin/pkg-config'
env[PKG_CONFIG_PATH]: 
Called `/usr/bin/pkg-config --modversion sdl2` -> 1

sdl2-config binary missing from cross or native file, or env var undefined.
Trying a default sdl2-config fallback at sdl2-config
sdl2-config found: NO
Run-time dependency sdl2 found: NO (tried pkgconfig and config-tool)
Running compile:
Working directory:  /home/srozhkov/develop/csqemu/build-lib/meson-private/tmpk4imso4v
Command line:  cc -m64 -mcx16 /home/srozhkov/develop/csqemu/build-lib/meson-private/tmpk4imso4v/testfile.c -o /home/srozhkov/develop/csqemu/build-lib/meson-private/tmpk4imso4v/output.exe -D_FILE_OFFSET_BITS=64 -O0 -Wl,--start-group -lrados -Wl,--end-group -Wl,--allow-shlib-undefined 

Code:
 int main(void) { return 0; }

Compiler stdout:
 
Compiler stderr:
 /usr/bin/ld: cannot find -lrados: No such file or directory
collect2: error: ld returned 1 exit status

Library rados found: NO
Running compile:
Working directory:  /home/srozhkov/develop/csqemu/build-lib/meson-private/tmp37f8p2gy
Command line:  cc -m64 -mcx16 /home/srozhkov/develop/csqemu/build-lib/meson-private/tmp37f8p2gy/testfile.c -E -P -D_FILE_OFFSET_BITS=64 -P -O0 -std=gnu11 

Code:
 
        #ifdef __has_include
         #if !__has_include("rbd/librbd.h")
          #error "Header 'rbd/librbd.h' could not be found"
         #endif
        #else
         #include <rbd/librbd.h>
        #endif
Compiler stdout:
 
Compiler stderr:
 /home/srozhkov/develop/csqemu/build-lib/meson-private/tmp37f8p2gy/testfile.c:4:12: error: #error "Header 'rbd/librbd.h' could not be found"
    4 |           #error "Header 'rbd/librbd.h' could not be found"
      |            ^~~~~

Has header "rbd/librbd.h" : NO 
Pkg-config binary for 1 is cached.
Determining dependency 'glusterfs-api' with pkg-config executable '/usr/bin/pkg-config'
env[PKG_CONFIG_PATH]: 
Called `/usr/bin/pkg-config --modversion glusterfs-api` -> 1

Run-time dependency glusterfs-api found: NO (tried pkgconfig)
Pkg-config binary for 1 is cached.
Determining dependency 'libssh' with pkg-config executable '/usr/bin/pkg-config'
env[PKG_CONFIG_PATH]: 
Called `/usr/bin/pkg-config --modversion libssh` -> 1

Run-time dependency libssh found: NO (tried pkgconfig)
Running compile:
Working directory:  /home/srozhkov/develop/csqemu/build-lib/meson-private/tmpkj1okn6k
Command line:  cc -m64 -mcx16 /home/srozhkov/develop/csqemu/build-lib/meson-private/tmpkj1okn6k/testfile.c -E -P -D_FILE_OFFSET_BITS=64 -P -O0 -std=gnu11 

Code:
 
        #ifdef __has_include
         #if !__has_include("bzlib.h")
          #error "Header 'bzlib.h' could not be found"
         #endif
        #else
         #include <bzlib.h>
        #endif
Compiler stdout:
 
Compiler stderr:
 /home/srozhkov/develop/csqemu/build-lib/meson-private/tmpkj1okn6k/testfile.c:4:12: error: #error "Header 'bzlib.h' could not be found"
    4 |           #error "Header 'bzlib.h' could not be found"
      |            ^~~~~

Has header "bzlib.h" : NO 
Running compile:
Working directory:  /home/srozhkov/develop/csqemu/build-lib/meson-private/tmpp3kjkkrp
Command line:  cc -m64 -mcx16 /home/srozhkov/develop/csqemu/build-lib/meson-private/tmpp3kjkkrp/testfile.c -E -P -D_FILE_OFFSET_BITS=64 -P -O0 -std=gnu11 

Code:
 
        #ifdef __has_include
         #if !__has_include("lzfse.h")
          #error "Header 'lzfse.h' could not be found"
         #endif
        #else
         #include <lzfse.h>
        #endif
Compiler stdout:
 
Compiler stderr:
 /home/srozhkov/develop/csqemu/build-lib/meson-private/tmpp3kjkkrp/testfile.c:4:12: error: #error "Header 'lzfse.h' could not be found"
    4 |           #error "Header 'lzfse.h' could not be found"
      |            ^~~~~

Has header "lzfse.h" : NO 
Running compile:
Working directory:  /home/srozhkov/develop/csqemu/build-lib/meson-private/tmpp2zxm6db
Command line:  cc -m64 -mcx16 /home/srozhkov/develop/csqemu/build-lib/meson-private/tmpp2zxm6db/testfile.c -E -P -D_FILE_OFFSET_BITS=64 -P -O0 -std=gnu11 

Code:
 
        #ifdef __has_include
         #if !__has_include("sys/soundcard.h")
          #error "Header 'sys/soundcard.h' could not be found"
         #endif
        #else
         #include <sys/soundcard.h>
        #endif
Compiler stdout:
 
Compiler stderr:
 
Has header "sys/soundcard.h" : YES 
Pkg-config binary for 1 is cached.
Determining dependency 'epoxy' with pkg-config executable '/usr/bin/pkg-config'
env[PKG_CONFIG_PATH]: 
Called `/usr/bin/pkg-config --modversion epoxy` -> 1

Run-time dependency epoxy found: NO (tried pkgconfig)
Running compile:
Working directory:  /home/srozhkov/develop/csqemu/build-lib/meson-private/tmpuoweamt2
Command line:  cc -m64 -mcx16 /home/srozhkov/develop/csqemu/build-lib/meson-private/tmpuoweamt2/testfile.c -E -P -D_FILE_OFFSET_BITS=64 -P -O0 -std=gnu11 

Code:
 
        #ifdef __has_include
         #if !__has_include("epoxy/egl.h")
          #error "Header 'epoxy/egl.h' could not be found"
         #endif
        #else
         #include <epoxy/egl.h>
        #endif
Compiler stdout:
 
Compiler stderr:
 /home/srozhkov/develop/csqemu/build-lib/meson-private/tmpuoweamt2/testfile.c:4:12: error: #error "Header 'epoxy/egl.h' could not be found"
    4 |           #error "Header 'epoxy/egl.h' could not be found"
      |            ^~~~~

Has header "epoxy/egl.h" with dependency epoxy: NO 
Pkg-config binary for 1 is cached.
Determining dependency 'gnutls' with pkg-config executable '/usr/bin/pkg-config'
env[PKG_CONFIG_PATH]: 
Called `/usr/bin/pkg-config --modversion gnutls` -> 1

Run-time dependency gnutls found: NO (tried pkgconfig)
Pkg-config binary for 1 is cached.
Determining dependency 'gnutls' with pkg-config executable '/usr/bin/pkg-config'
env[PKG_CONFIG_PATH]: 
Run-time dependency gnutls found: NO (tried pkgconfig)
libgcrypt-config binary missing from cross or native file, or env var undefined.
Trying a default libgcrypt-config fallback at libgcrypt-config
libgcrypt-config found: NO need ['>=1.8']
Run-time dependency libgcrypt found: NO (tried config-tool)
Pkg-config binary for 1 is cached.
Determining dependency 'nettle' with pkg-config executable '/usr/bin/pkg-config'
env[PKG_CONFIG_PATH]: 
Called `/usr/bin/pkg-config --modversion nettle` -> 1

Run-time dependency nettle found: NO (tried pkgconfig)
Pkg-config binary for 1 is cached.
Determining dependency 'gmp' with pkg-config executable '/usr/bin/pkg-config'
env[PKG_CONFIG_PATH]: 
Called `/usr/bin/pkg-config --modversion gmp` -> 0
6.2.1
env[PKG_CONFIG_PATH]: 
Called `/usr/bin/pkg-config --cflags gmp` -> 0

env[PKG_CONFIG_ALLOW_SYSTEM_LIBS]: 1
env[PKG_CONFIG_PATH]: 
Called `/usr/bin/pkg-config --libs gmp` -> 0
-L/usr/lib/x86_64-linux-gnu -lgmp
env[PKG_CONFIG_PATH]: 
Called `/usr/bin/pkg-config --libs gmp` -> 0
-lgmp
Run-time dependency gmp found: YES 6.2.1
Pkg-config binary for 1 is cached.
Determining dependency 'gtk+-3.0' with pkg-config executable '/usr/bin/pkg-config'
env[PKG_CONFIG_PATH]: 
Called `/usr/bin/pkg-config --modversion gtk+-3.0` -> 1

Run-time dependency gtk+-3.0 found: NO (tried pkgconfig)
Pkg-config binary for 1 is cached.
Determining dependency 'libpng' with pkg-config executable '/usr/bin/pkg-config'
env[PKG_CONFIG_PATH]: 
Called `/usr/bin/pkg-config --modversion libpng` -> 1

Run-time dependency libpng found: NO (tried pkgconfig)
Pkg-config binary for 1 is cached.
Determining dependency 'libjpeg' with pkg-config executable '/usr/bin/pkg-config'
env[PKG_CONFIG_PATH]: 
Called `/usr/bin/pkg-config --modversion libjpeg` -> 1

Run-time dependency libjpeg found: NO (tried pkgconfig)
Running compile:
Working directory:  /home/srozhkov/develop/csqemu/build-lib/meson-private/tmpi1tvlh3g
Command line:  cc -m64 -mcx16 /home/srozhkov/develop/csqemu/build-lib/meson-private/tmpi1tvlh3g/testfile.c -E -P -D_FILE_OFFSET_BITS=64 -P -O0 -std=gnu11 

Code:
 
        #ifdef __has_include
         #if !__has_include("sasl/sasl.h")
          #error "Header 'sasl/sasl.h' could not be found"
         #endif
        #else
         #include <sasl/sasl.h>
        #endif
Compiler stdout:
 
Compiler stderr:
 /home/srozhkov/develop/csqemu/build-lib/meson-private/tmpi1tvlh3g/testfile.c:4:12: error: #error "Header 'sasl/sasl.h' could not be found"
    4 |           #error "Header 'sasl/sasl.h' could not be found"
      |            ^~~~~

Has header "sasl/sasl.h" : NO 
Running compile:
Working directory:  /home/srozhkov/develop/csqemu/build-lib/meson-private/tmpeks_1_z4
Command line:  cc -m64 -mcx16 /home/srozhkov/develop/csqemu/build-lib/meson-private/tmpeks_1_z4/testfile.c -E -P -D_FILE_OFFSET_BITS=64 -P -O0 -std=gnu11 

Code:
 
        #ifdef __has_include
         #if !__has_include("security/pam_appl.h")
          #error "Header 'security/pam_appl.h' could not be found"
         #endif
        #else
         #include <security/pam_appl.h>
        #endif
Compiler stdout:
 
Compiler stderr:
 /home/srozhkov/develop/csqemu/build-lib/meson-private/tmpeks_1_z4/testfile.c:4:12: error: #error "Header 'security/pam_appl.h' could not be found"
    4 |           #error "Header 'security/pam_appl.h' could not be found"
      |            ^~~~~

Has header "security/pam_appl.h" : NO 
Running compile:
Working directory:  /home/srozhkov/develop/csqemu/build-lib/meson-private/tmp_tenfvg6
Command line:  cc -m64 -mcx16 /home/srozhkov/develop/csqemu/build-lib/meson-private/tmp_tenfvg6/testfile.c -E -P -D_FILE_OFFSET_BITS=64 -P -O0 -std=gnu11 

Code:
 
        #ifdef __has_include
         #if !__has_include("snappy-c.h")
          #error "Header 'snappy-c.h' could not be found"
         #endif
        #else
         #include <snappy-c.h>
        #endif
Compiler stdout:
 
Compiler stderr:
 /home/srozhkov/develop/csqemu/build-lib/meson-private/tmp_tenfvg6/testfile.c:4:12: error: #error "Header 'snappy-c.h' could not be found"
    4 |           #error "Header 'snappy-c.h' could not be found"
      |            ^~~~~

Has header "snappy-c.h" : NO 
Running compile:
Working directory:  /home/srozhkov/develop/csqemu/build-lib/meson-private/tmpqbos4skr
Command line:  cc -m64 -mcx16 /home/srozhkov/develop/csqemu/build-lib/meson-private/tmpqbos4skr/testfile.c -E -P -D_FILE_OFFSET_BITS=64 -P -O0 -std=gnu11 

Code:
 
        #ifdef __has_include
         #if !__has_include("lzo/lzo1x.h")
          #error "Header 'lzo/lzo1x.h' could not be found"
         #endif
        #else
         #include <lzo/lzo1x.h>
        #endif
Compiler stdout:
 
Compiler stderr:
 /home/srozhkov/develop/csqemu/build-lib/meson-private/tmpqbos4skr/testfile.c:4:12: error: #error "Header 'lzo/lzo1x.h' could not be found"
    4 |           #error "Header 'lzo/lzo1x.h' could not be found"
      |            ^~~~~

Has header "lzo/lzo1x.h" : NO 
Running compile:
Working directory:  /home/srozhkov/develop/csqemu/build-lib/meson-private/tmpctauegoc
Command line:  cc -m64 -mcx16 /home/srozhkov/develop/csqemu/build-lib/meson-private/tmpctauegoc/testfile.c -E -P -D_FILE_OFFSET_BITS=64 -P -O0 -std=gnu11 

Code:
 
        #ifdef __has_include
         #if !__has_include("numa.h")
          #error "Header 'numa.h' could not be found"
         #endif
        #else
         #include <numa.h>
        #endif
Compiler stdout:
 
Compiler stderr:
 /home/srozhkov/develop/csqemu/build-lib/meson-private/tmpctauegoc/testfile.c:4:12: error: #error "Header 'numa.h' could not be found"
    4 |           #error "Header 'numa.h' could not be found"
      |            ^~~~~

Has header "numa.h" : NO 
Running compile:
Working directory:  /home/srozhkov/develop/csqemu/build-lib/meson-private/tmpnp8_6p0j
Command line:  cc -m64 -mcx16 /home/srozhkov/develop/csqemu/build-lib/meson-private/tmpnp8_6p0j/testfile.c -o /home/srozhkov/develop/csqemu/build-lib/meson-private/tmpnp8_6p0j/output.exe -D_FILE_OFFSET_BITS=64 -O0 -Wl,--start-group -libumad -Wl,--end-group -Wl,--allow-shlib-undefined 

Code:
 int main(void) { return 0; }

Compiler stdout:
 
Compiler stderr:
 /usr/bin/ld: cannot find -libumad: No such file or directory
collect2: error: ld returned 1 exit status

Library ibumad found: NO
Running compile:
Working directory:  /home/srozhkov/develop/csqemu/build-lib/meson-private/tmptn8pbtn6
Command line:  cc -m64 -mcx16 /home/srozhkov/develop/csqemu/build-lib/meson-private/tmptn8pbtn6/testfile.c -E -P -D_FILE_OFFSET_BITS=64 -P -O0 -std=gnu11 

Code:
 
        #ifdef __has_include
         #if !__has_include("rdma/rdma_cma.h")
          #error "Header 'rdma/rdma_cma.h' could not be found"
         #endif
        #else
         #include <rdma/rdma_cma.h>
        #endif
Compiler stdout:
 
Compiler stderr:
 /home/srozhkov/develop/csqemu/build-lib/meson-private/tmptn8pbtn6/testfile.c:4:12: error: #error "Header 'rdma/rdma_cma.h' could not be found"
    4 |           #error "Header 'rdma/rdma_cma.h' could not be found"
      |            ^~~~~

Has header "rdma/rdma_cma.h" : NO 
Running compile:
Working directory:  /home/srozhkov/develop/csqemu/build-lib/meson-private/tmpynavlcrw
Command line:  cc -m64 -mcx16 /home/srozhkov/develop/csqemu/build-lib/meson-private/tmpynavlcrw/testfile.c -o /home/srozhkov/develop/csqemu/build-lib/meson-private/tmpynavlcrw/output.exe -D_FILE_OFFSET_BITS=64 -O0 -Wl,--start-group -libverbs -Wl,--end-group -Wl,--allow-shlib-undefined 

Code:
 int main(void) { return 0; }

Compiler stdout:
 
Compiler stderr:
 /usr/bin/ld: cannot find -libverbs: No such file or directory
collect2: error: ld returned 1 exit status

Library ibverbs found: NO
Pkg-config binary for 1 is cached.
Determining dependency 'xencontrol' with pkg-config executable '/usr/bin/pkg-config'
env[PKG_CONFIG_PATH]: 
Called `/usr/bin/pkg-config --modversion xencontrol` -> 1

Run-time dependency xencontrol found: NO (tried pkgconfig)
Running compile:
Working directory:  /home/srozhkov/develop/csqemu/build-lib/meson-private/tmpcd4tu_ru
Command line:  cc -m64 -mcx16 /home/srozhkov/develop/csqemu/build-lib/meson-private/tmpcd4tu_ru/testfile.c -o /home/srozhkov/develop/csqemu/build-lib/meson-private/tmpcd4tu_ru/output.exe -D_FILE_OFFSET_BITS=64 -O0 -Wl,--start-group -lxenstore -Wl,--end-group -Wl,--allow-shlib-undefined 

Code:
 int main(void) { return 0; }

Compiler stdout:
 
Compiler stderr:
 /usr/bin/ld: cannot find -lxenstore: No such file or directory
collect2: error: ld returned 1 exit status

Library xenstore found: NO
Running compile:
Working directory:  /home/srozhkov/develop/csqemu/build-lib/meson-private/tmp5g8iill3
Command line:  cc -m64 -mcx16 /home/srozhkov/develop/csqemu/build-lib/meson-private/tmp5g8iill3/testfile.c -o /home/srozhkov/develop/csqemu/build-lib/meson-private/tmp5g8iill3/output.exe -D_FILE_OFFSET_BITS=64 -O0 -Wl,--start-group -lxenctrl -Wl,--end-group -Wl,--allow-shlib-undefined 

Code:
 int main(void) { return 0; }

Compiler stdout:
 
Compiler stderr:
 /usr/bin/ld: cannot find -lxenctrl: No such file or directory
collect2: error: ld returned 1 exit status

Library xenctrl found: NO
Running compile:
Working directory:  /home/srozhkov/develop/csqemu/build-lib/meson-private/tmptd121uqe
Command line:  cc -m64 -mcx16 /home/srozhkov/develop/csqemu/build-lib/meson-private/tmptd121uqe/testfile.c -o /home/srozhkov/develop/csqemu/build-lib/meson-private/tmptd121uqe/output.exe -D_FILE_OFFSET_BITS=64 -O0 -Wl,--start-group -lxendevicemodel -Wl,--end-group -Wl,--allow-shlib-undefined 

Code:
 int main(void) { return 0; }

Compiler stdout:
 
Compiler stderr:
 /usr/bin/ld: cannot find -lxendevicemodel: No such file or directory
collect2: error: ld returned 1 exit status

Library xendevicemodel found: NO
Running compile:
Working directory:  /home/srozhkov/develop/csqemu/build-lib/meson-private/tmpau60w7a3
Command line:  cc -m64 -mcx16 /home/srozhkov/develop/csqemu/build-lib/meson-private/tmpau60w7a3/testfile.c -o /home/srozhkov/develop/csqemu/build-lib/meson-private/tmpau60w7a3/output.exe -D_FILE_OFFSET_BITS=64 -O0 -Wl,--start-group -lxenforeignmemory -Wl,--end-group -Wl,--allow-shlib-undefined 

Code:
 int main(void) { return 0; }

Compiler stdout:
 
Compiler stderr:
 /usr/bin/ld: cannot find -lxenforeignmemory: No such file or directory
collect2: error: ld returned 1 exit status

Library xenforeignmemory found: NO
Running compile:
Working directory:  /home/srozhkov/develop/csqemu/build-lib/meson-private/tmp_0oloc28
Command line:  cc -m64 -mcx16 /home/srozhkov/develop/csqemu/build-lib/meson-private/tmp_0oloc28/testfile.c -o /home/srozhkov/develop/csqemu/build-lib/meson-private/tmp_0oloc28/output.exe -D_FILE_OFFSET_BITS=64 -O0 -Wl,--start-group -lxengnttab -Wl,--end-group -Wl,--allow-shlib-undefined 

Code:
 int main(void) { return 0; }

Compiler stdout:
 
Compiler stderr:
 /usr/bin/ld: cannot find -lxengnttab: No such file or directory
collect2: error: ld returned 1 exit status

Library xengnttab found: NO
Running compile:
Working directory:  /home/srozhkov/develop/csqemu/build-lib/meson-private/tmp10gg971l
Command line:  cc -m64 -mcx16 /home/srozhkov/develop/csqemu/build-lib/meson-private/tmp10gg971l/testfile.c -o /home/srozhkov/develop/csqemu/build-lib/meson-private/tmp10gg971l/output.exe -D_FILE_OFFSET_BITS=64 -O0 -Wl,--start-group -lxenevtchn -Wl,--end-group -Wl,--allow-shlib-undefined 

Code:
 int main(void) { return 0; }

Compiler stdout:
 
Compiler stderr:
 /usr/bin/ld: cannot find -lxenevtchn: No such file or directory
collect2: error: ld returned 1 exit status

Library xenevtchn found: NO
Running compile:
Working directory:  /home/srozhkov/develop/csqemu/build-lib/meson-private/tmp7pu2wxi5
Command line:  cc -m64 -mcx16 /home/srozhkov/develop/csqemu/build-lib/meson-private/tmp7pu2wxi5/testfile.c -o /home/srozhkov/develop/csqemu/build-lib/meson-private/tmp7pu2wxi5/output.exe -D_FILE_OFFSET_BITS=64 -O0 -Wl,--start-group -lxentoolcore -Wl,--end-group -Wl,--allow-shlib-undefined 

Code:
 int main(void) { return 0; }

Compiler stdout:
 
Compiler stderr:
 /usr/bin/ld: cannot find -lxentoolcore: No such file or directory
collect2: error: ld returned 1 exit status

Library xentoolcore found: NO
Running compile:
Working directory:  /home/srozhkov/develop/csqemu/build-lib/meson-private/tmp3aeox4jz
Command line:  cc -m64 -mcx16 /home/srozhkov/develop/csqemu/scripts/xen-detect.c -o /home/srozhkov/develop/csqemu/build-lib/meson-private/tmp3aeox4jz/output.exe -D_FILE_OFFSET_BITS=64 -O0 -std=gnu11 -DCONFIG_XEN_CTRL_INTERFACE_VERSION=41100 

Code:
 /* SPDX-License-Identifier: GPL-2.0-or-later */

/* Test programs for various Xen versions that QEMU supports.  */
#if CONFIG_XEN_CTRL_INTERFACE_VERSION == 41100
  #undef XC_WANT_COMPAT_DEVICEMODEL_API
  #define __XEN_TOOLS__
  #include <xendevicemodel.h>
  #include <xenforeignmemory.h>
  int main(void) {
    xendevicemodel_handle *xd;
    xenforeignmemory_handle *xfmem;

    xd = xendevicemodel_open(0, 0);
    xendevicemodel_pin_memory_cacheattr(xd, 0, 0, 0, 0);

    xfmem = xenforeignmemory_open(0, 0);
    xenforeignmemory_map_resource(xfmem, 0, 0, 0, 0, 0, NULL, 0, 0);

    return 0;
  }

#elif CONFIG_XEN_CTRL_INTERFACE_VERSION == 41000
  #undef XC_WANT_COMPAT_MAP_FOREIGN_API
  #include <xenforeignmemory.h>
  #include <xentoolcore.h>
  int main(void) {
    xenforeignmemory_handle *xfmem;

    xfmem = xenforeignmemory_open(0, 0);
    xenforeignmemory_map2(xfmem, 0, 0, 0, 0, 0, 0, 0);
    xentoolcore_restrict_all(0);

    return 0;
  }

#elif CONFIG_XEN_CTRL_INTERFACE_VERSION == 40900
  #undef XC_WANT_COMPAT_DEVICEMODEL_API
  #define __XEN_TOOLS__
  #include <xendevicemodel.h>
  int main(void) {
    xendevicemodel_handle *xd;

    xd = xendevicemodel_open(0, 0);
    xendevicemodel_close(xd);

    return 0;
  }

#elif CONFIG_XEN_CTRL_INTERFACE_VERSION == 40800
  /*
   * If we have stable libs the we don't want the libxc compat
   * layers, regardless of what CFLAGS we may have been given.
   *
   * Also, check if xengnttab_grant_copy_segment_t is defined and
   * grant copy operation is implemented.
   */
  #undef XC_WANT_COMPAT_EVTCHN_API
  #undef XC_WANT_COMPAT_GNTTAB_API
  #undef XC_WANT_COMPAT_MAP_FOREIGN_API
  #include <xenctrl.h>
  #include <xenstore.h>
  #include <xenevtchn.h>
  #include <xengnttab.h>
  #include <xenforeignmemory.h>
  #include <stdint.h>
  #include <xen/hvm/hvm_info_table.h>
  #if !defined(HVM_MAX_VCPUS)
  # error HVM_MAX_VCPUS not defined
  #endif
  int main(void) {
    xc_interface *xc = NULL;
    xenforeignmemory_handle *xfmem;
    xenevtchn_handle *xe;
    xengnttab_handle *xg;
    xengnttab_grant_copy_segment_t* seg = NULL;

    xs_daemon_open();

    xc = xc_interface_open(0, 0, 0);
    xc_hvm_set_mem_type(0, 0, HVMMEM_ram_ro, 0, 0);
    xc_domain_add_to_physmap(0, 0, XENMAPSPACE_gmfn, 0, 0);
    xc_hvm_inject_msi(xc, 0, 0xf0000000, 0x00000000);
    xc_hvm_create_ioreq_server(xc, 0, HVM_IOREQSRV_BUFIOREQ_ATOMIC, NULL);

    xfmem = xenforeignmemory_open(0, 0);
    xenforeignmemory_map(xfmem, 0, 0, 0, 0, 0);

    xe = xenevtchn_open(0, 0);
    xenevtchn_fd(xe);

    xg = xengnttab_open(0, 0);
    xengnttab_grant_copy(xg, 0, seg);

    return 0;
  }

#elif CONFIG_XEN_CTRL_INTERFACE_VERSION == 40701
  /*
   * If we have stable libs the we don't want the libxc compat
   * layers, regardless of what CFLAGS we may have been given.
   */
  #undef XC_WANT_COMPAT_EVTCHN_API
  #undef XC_WANT_COMPAT_GNTTAB_API
  #undef XC_WANT_COMPAT_MAP_FOREIGN_API
  #include <xenctrl.h>
  #include <xenstore.h>
  #include <xenevtchn.h>
  #include <xengnttab.h>
  #include <xenforeignmemory.h>
  #include <stdint.h>
  #include <xen/hvm/hvm_info_table.h>
  #if !defined(HVM_MAX_VCPUS)
  # error HVM_MAX_VCPUS not defined
  #endif
  int main(void) {
    xc_interface *xc = NULL;
    xenforeignmemory_handle *xfmem;
    xenevtchn_handle *xe;
    xengnttab_handle *xg;

    xs_daemon_open();

    xc = xc_interface_open(0, 0, 0);
    xc_hvm_set_mem_type(0, 0, HVMMEM_ram_ro, 0, 0);
    xc_domain_add_to_physmap(0, 0, XENMAPSPACE_gmfn, 0, 0);
    xc_hvm_inject_msi(xc, 0, 0xf0000000, 0x00000000);
    xc_hvm_create_ioreq_server(xc, 0, HVM_IOREQSRV_BUFIOREQ_ATOMIC, NULL);

    xfmem = xenforeignmemory_open(0, 0);
    xenforeignmemory_map(xfmem, 0, 0, 0, 0, 0);

    xe = xenevtchn_open(0, 0);
    xenevtchn_fd(xe);

    xg = xengnttab_open(0, 0);
    xengnttab_map_grant_ref(xg, 0, 0, 0);

    return 0;
  }

#else
#error invalid CONFIG_XEN_CTRL_INTERFACE_VERSION
#endif

Compiler stdout:
 
Compiler stderr:
 /home/srozhkov/develop/csqemu/scripts/xen-detect.c:7:12: fatal error: xendevicemodel.h: No such file or directory
    7 |   #include <xendevicemodel.h>
      |            ^~~~~~~~~~~~~~~~~~
compilation terminated.

Running compile:
Working directory:  /home/srozhkov/develop/csqemu/build-lib/meson-private/tmpeteud0jj
Command line:  cc -m64 -mcx16 /home/srozhkov/develop/csqemu/scripts/xen-detect.c -o /home/srozhkov/develop/csqemu/build-lib/meson-private/tmpeteud0jj/output.exe -D_FILE_OFFSET_BITS=64 -O0 -std=gnu11 -DCONFIG_XEN_CTRL_INTERFACE_VERSION=41000 

Code:
 /* SPDX-License-Identifier: GPL-2.0-or-later */

/* Test programs for various Xen versions that QEMU supports.  */
#if CONFIG_XEN_CTRL_INTERFACE_VERSION == 41100
  #undef XC_WANT_COMPAT_DEVICEMODEL_API
  #define __XEN_TOOLS__
  #include <xendevicemodel.h>
  #include <xenforeignmemory.h>
  int main(void) {
    xendevicemodel_handle *xd;
    xenforeignmemory_handle *xfmem;

    xd = xendevicemodel_open(0, 0);
    xendevicemodel_pin_memory_cacheattr(xd, 0, 0, 0, 0);

    xfmem = xenforeignmemory_open(0, 0);
    xenforeignmemory_map_resource(xfmem, 0, 0, 0, 0, 0, NULL, 0, 0);

    return 0;
  }

#elif CONFIG_XEN_CTRL_INTERFACE_VERSION == 41000
  #undef XC_WANT_COMPAT_MAP_FOREIGN_API
  #include <xenforeignmemory.h>
  #include <xentoolcore.h>
  int main(void) {
    xenforeignmemory_handle *xfmem;

    xfmem = xenforeignmemory_open(0, 0);
    xenforeignmemory_map2(xfmem, 0, 0, 0, 0, 0, 0, 0);
    xentoolcore_restrict_all(0);

    return 0;
  }

#elif CONFIG_XEN_CTRL_INTERFACE_VERSION == 40900
  #undef XC_WANT_COMPAT_DEVICEMODEL_API
  #define __XEN_TOOLS__
  #include <xendevicemodel.h>
  int main(void) {
    xendevicemodel_handle *xd;

    xd = xendevicemodel_open(0, 0);
    xendevicemodel_close(xd);

    return 0;
  }

#elif CONFIG_XEN_CTRL_INTERFACE_VERSION == 40800
  /*
   * If we have stable libs the we don't want the libxc compat
   * layers, regardless of what CFLAGS we may have been given.
   *
   * Also, check if xengnttab_grant_copy_segment_t is defined and
   * grant copy operation is implemented.
   */
  #undef XC_WANT_COMPAT_EVTCHN_API
  #undef XC_WANT_COMPAT_GNTTAB_API
  #undef XC_WANT_COMPAT_MAP_FOREIGN_API
  #include <xenctrl.h>
  #include <xenstore.h>
  #include <xenevtchn.h>
  #include <xengnttab.h>
  #include <xenforeignmemory.h>
  #include <stdint.h>
  #include <xen/hvm/hvm_info_table.h>
  #if !defined(HVM_MAX_VCPUS)
  # error HVM_MAX_VCPUS not defined
  #endif
  int main(void) {
    xc_interface *xc = NULL;
    xenforeignmemory_handle *xfmem;
    xenevtchn_handle *xe;
    xengnttab_handle *xg;
    xengnttab_grant_copy_segment_t* seg = NULL;

    xs_daemon_open();

    xc = xc_interface_open(0, 0, 0);
    xc_hvm_set_mem_type(0, 0, HVMMEM_ram_ro, 0, 0);
    xc_domain_add_to_physmap(0, 0, XENMAPSPACE_gmfn, 0, 0);
    xc_hvm_inject_msi(xc, 0, 0xf0000000, 0x00000000);
    xc_hvm_create_ioreq_server(xc, 0, HVM_IOREQSRV_BUFIOREQ_ATOMIC, NULL);

    xfmem = xenforeignmemory_open(0, 0);
    xenforeignmemory_map(xfmem, 0, 0, 0, 0, 0);

    xe = xenevtchn_open(0, 0);
    xenevtchn_fd(xe);

    xg = xengnttab_open(0, 0);
    xengnttab_grant_copy(xg, 0, seg);

    return 0;
  }

#elif CONFIG_XEN_CTRL_INTERFACE_VERSION == 40701
  /*
   * If we have stable libs the we don't want the libxc compat
   * layers, regardless of what CFLAGS we may have been given.
   */
  #undef XC_WANT_COMPAT_EVTCHN_API
  #undef XC_WANT_COMPAT_GNTTAB_API
  #undef XC_WANT_COMPAT_MAP_FOREIGN_API
  #include <xenctrl.h>
  #include <xenstore.h>
  #include <xenevtchn.h>
  #include <xengnttab.h>
  #include <xenforeignmemory.h>
  #include <stdint.h>
  #include <xen/hvm/hvm_info_table.h>
  #if !defined(HVM_MAX_VCPUS)
  # error HVM_MAX_VCPUS not defined
  #endif
  int main(void) {
    xc_interface *xc = NULL;
    xenforeignmemory_handle *xfmem;
    xenevtchn_handle *xe;
    xengnttab_handle *xg;

    xs_daemon_open();

    xc = xc_interface_open(0, 0, 0);
    xc_hvm_set_mem_type(0, 0, HVMMEM_ram_ro, 0, 0);
    xc_domain_add_to_physmap(0, 0, XENMAPSPACE_gmfn, 0, 0);
    xc_hvm_inject_msi(xc, 0, 0xf0000000, 0x00000000);
    xc_hvm_create_ioreq_server(xc, 0, HVM_IOREQSRV_BUFIOREQ_ATOMIC, NULL);

    xfmem = xenforeignmemory_open(0, 0);
    xenforeignmemory_map(xfmem, 0, 0, 0, 0, 0);

    xe = xenevtchn_open(0, 0);
    xenevtchn_fd(xe);

    xg = xengnttab_open(0, 0);
    xengnttab_map_grant_ref(xg, 0, 0, 0);

    return 0;
  }

#else
#error invalid CONFIG_XEN_CTRL_INTERFACE_VERSION
#endif

Compiler stdout:
 
Compiler stderr:
 /home/srozhkov/develop/csqemu/scripts/xen-detect.c:24:12: fatal error: xenforeignmemory.h: No such file or directory
   24 |   #include <xenforeignmemory.h>
      |            ^~~~~~~~~~~~~~~~~~~~
compilation terminated.

Running compile:
Working directory:  /home/srozhkov/develop/csqemu/build-lib/meson-private/tmp9gg3cvwd
Command line:  cc -m64 -mcx16 /home/srozhkov/develop/csqemu/scripts/xen-detect.c -o /home/srozhkov/develop/csqemu/build-lib/meson-private/tmp9gg3cvwd/output.exe -D_FILE_OFFSET_BITS=64 -O0 -std=gnu11 -DCONFIG_XEN_CTRL_INTERFACE_VERSION=40900 

Code:
 /* SPDX-License-Identifier: GPL-2.0-or-later */

/* Test programs for various Xen versions that QEMU supports.  */
#if CONFIG_XEN_CTRL_INTERFACE_VERSION == 41100
  #undef XC_WANT_COMPAT_DEVICEMODEL_API
  #define __XEN_TOOLS__
  #include <xendevicemodel.h>
  #include <xenforeignmemory.h>
  int main(void) {
    xendevicemodel_handle *xd;
    xenforeignmemory_handle *xfmem;

    xd = xendevicemodel_open(0, 0);
    xendevicemodel_pin_memory_cacheattr(xd, 0, 0, 0, 0);

    xfmem = xenforeignmemory_open(0, 0);
    xenforeignmemory_map_resource(xfmem, 0, 0, 0, 0, 0, NULL, 0, 0);

    return 0;
  }

#elif CONFIG_XEN_CTRL_INTERFACE_VERSION == 41000
  #undef XC_WANT_COMPAT_MAP_FOREIGN_API
  #include <xenforeignmemory.h>
  #include <xentoolcore.h>
  int main(void) {
    xenforeignmemory_handle *xfmem;

    xfmem = xenforeignmemory_open(0, 0);
    xenforeignmemory_map2(xfmem, 0, 0, 0, 0, 0, 0, 0);
    xentoolcore_restrict_all(0);

    return 0;
  }

#elif CONFIG_XEN_CTRL_INTERFACE_VERSION == 40900
  #undef XC_WANT_COMPAT_DEVICEMODEL_API
  #define __XEN_TOOLS__
  #include <xendevicemodel.h>
  int main(void) {
    xendevicemodel_handle *xd;

    xd = xendevicemodel_open(0, 0);
    xendevicemodel_close(xd);

    return 0;
  }

#elif CONFIG_XEN_CTRL_INTERFACE_VERSION == 40800
  /*
   * If we have stable libs the we don't want the libxc compat
   * layers, regardless of what CFLAGS we may have been given.
   *
   * Also, check if xengnttab_grant_copy_segment_t is defined and
   * grant copy operation is implemented.
   */
  #undef XC_WANT_COMPAT_EVTCHN_API
  #undef XC_WANT_COMPAT_GNTTAB_API
  #undef XC_WANT_COMPAT_MAP_FOREIGN_API
  #include <xenctrl.h>
  #include <xenstore.h>
  #include <xenevtchn.h>
  #include <xengnttab.h>
  #include <xenforeignmemory.h>
  #include <stdint.h>
  #include <xen/hvm/hvm_info_table.h>
  #if !defined(HVM_MAX_VCPUS)
  # error HVM_MAX_VCPUS not defined
  #endif
  int main(void) {
    xc_interface *xc = NULL;
    xenforeignmemory_handle *xfmem;
    xenevtchn_handle *xe;
    xengnttab_handle *xg;
    xengnttab_grant_copy_segment_t* seg = NULL;

    xs_daemon_open();

    xc = xc_interface_open(0, 0, 0);
    xc_hvm_set_mem_type(0, 0, HVMMEM_ram_ro, 0, 0);
    xc_domain_add_to_physmap(0, 0, XENMAPSPACE_gmfn, 0, 0);
    xc_hvm_inject_msi(xc, 0, 0xf0000000, 0x00000000);
    xc_hvm_create_ioreq_server(xc, 0, HVM_IOREQSRV_BUFIOREQ_ATOMIC, NULL);

    xfmem = xenforeignmemory_open(0, 0);
    xenforeignmemory_map(xfmem, 0, 0, 0, 0, 0);

    xe = xenevtchn_open(0, 0);
    xenevtchn_fd(xe);

    xg = xengnttab_open(0, 0);
    xengnttab_grant_copy(xg, 0, seg);

    return 0;
  }

#elif CONFIG_XEN_CTRL_INTERFACE_VERSION == 40701
  /*
   * If we have stable libs the we don't want the libxc compat
   * layers, regardless of what CFLAGS we may have been given.
   */
  #undef XC_WANT_COMPAT_EVTCHN_API
  #undef XC_WANT_COMPAT_GNTTAB_API
  #undef XC_WANT_COMPAT_MAP_FOREIGN_API
  #include <xenctrl.h>
  #include <xenstore.h>
  #include <xenevtchn.h>
  #include <xengnttab.h>
  #include <xenforeignmemory.h>
  #include <stdint.h>
  #include <xen/hvm/hvm_info_table.h>
  #if !defined(HVM_MAX_VCPUS)
  # error HVM_MAX_VCPUS not defined
  #endif
  int main(void) {
    xc_interface *xc = NULL;
    xenforeignmemory_handle *xfmem;
    xenevtchn_handle *xe;
    xengnttab_handle *xg;

    xs_daemon_open();

    xc = xc_interface_open(0, 0, 0);
    xc_hvm_set_mem_type(0, 0, HVMMEM_ram_ro, 0, 0);
    xc_domain_add_to_physmap(0, 0, XENMAPSPACE_gmfn, 0, 0);
    xc_hvm_inject_msi(xc, 0, 0xf0000000, 0x00000000);
    xc_hvm_create_ioreq_server(xc, 0, HVM_IOREQSRV_BUFIOREQ_ATOMIC, NULL);

    xfmem = xenforeignmemory_open(0, 0);
    xenforeignmemory_map(xfmem, 0, 0, 0, 0, 0);

    xe = xenevtchn_open(0, 0);
    xenevtchn_fd(xe);

    xg = xengnttab_open(0, 0);
    xengnttab_map_grant_ref(xg, 0, 0, 0);

    return 0;
  }

#else
#error invalid CONFIG_XEN_CTRL_INTERFACE_VERSION
#endif

Compiler stdout:
 
Compiler stderr:
 /home/srozhkov/develop/csqemu/scripts/xen-detect.c:39:12: fatal error: xendevicemodel.h: No such file or directory
   39 |   #include <xendevicemodel.h>
      |            ^~~~~~~~~~~~~~~~~~
compilation terminated.

Running compile:
Working directory:  /home/srozhkov/develop/csqemu/build-lib/meson-private/tmptkp98y2y
Command line:  cc -m64 -mcx16 /home/srozhkov/develop/csqemu/scripts/xen-detect.c -o /home/srozhkov/develop/csqemu/build-lib/meson-private/tmptkp98y2y/output.exe -D_FILE_OFFSET_BITS=64 -O0 -std=gnu11 -DCONFIG_XEN_CTRL_INTERFACE_VERSION=40800 

Code:
 /* SPDX-License-Identifier: GPL-2.0-or-later */

/* Test programs for various Xen versions that QEMU supports.  */
#if CONFIG_XEN_CTRL_INTERFACE_VERSION == 41100
  #undef XC_WANT_COMPAT_DEVICEMODEL_API
  #define __XEN_TOOLS__
  #include <xendevicemodel.h>
  #include <xenforeignmemory.h>
  int main(void) {
    xendevicemodel_handle *xd;
    xenforeignmemory_handle *xfmem;

    xd = xendevicemodel_open(0, 0);
    xendevicemodel_pin_memory_cacheattr(xd, 0, 0, 0, 0);

    xfmem = xenforeignmemory_open(0, 0);
    xenforeignmemory_map_resource(xfmem, 0, 0, 0, 0, 0, NULL, 0, 0);

    return 0;
  }

#elif CONFIG_XEN_CTRL_INTERFACE_VERSION == 41000
  #undef XC_WANT_COMPAT_MAP_FOREIGN_API
  #include <xenforeignmemory.h>
  #include <xentoolcore.h>
  int main(void) {
    xenforeignmemory_handle *xfmem;

    xfmem = xenforeignmemory_open(0, 0);
    xenforeignmemory_map2(xfmem, 0, 0, 0, 0, 0, 0, 0);
    xentoolcore_restrict_all(0);

    return 0;
  }

#elif CONFIG_XEN_CTRL_INTERFACE_VERSION == 40900
  #undef XC_WANT_COMPAT_DEVICEMODEL_API
  #define __XEN_TOOLS__
  #include <xendevicemodel.h>
  int main(void) {
    xendevicemodel_handle *xd;

    xd = xendevicemodel_open(0, 0);
    xendevicemodel_close(xd);

    return 0;
  }

#elif CONFIG_XEN_CTRL_INTERFACE_VERSION == 40800
  /*
   * If we have stable libs the we don't want the libxc compat
   * layers, regardless of what CFLAGS we may have been given.
   *
   * Also, check if xengnttab_grant_copy_segment_t is defined and
   * grant copy operation is implemented.
   */
  #undef XC_WANT_COMPAT_EVTCHN_API
  #undef XC_WANT_COMPAT_GNTTAB_API
  #undef XC_WANT_COMPAT_MAP_FOREIGN_API
  #include <xenctrl.h>
  #include <xenstore.h>
  #include <xenevtchn.h>
  #include <xengnttab.h>
  #include <xenforeignmemory.h>
  #include <stdint.h>
  #include <xen/hvm/hvm_info_table.h>
  #if !defined(HVM_MAX_VCPUS)
  # error HVM_MAX_VCPUS not defined
  #endif
  int main(void) {
    xc_interface *xc = NULL;
    xenforeignmemory_handle *xfmem;
    xenevtchn_handle *xe;
    xengnttab_handle *xg;
    xengnttab_grant_copy_segment_t* seg = NULL;

    xs_daemon_open();

    xc = xc_interface_open(0, 0, 0);
    xc_hvm_set_mem_type(0, 0, HVMMEM_ram_ro, 0, 0);
    xc_domain_add_to_physmap(0, 0, XENMAPSPACE_gmfn, 0, 0);
    xc_hvm_inject_msi(xc, 0, 0xf0000000, 0x00000000);
    xc_hvm_create_ioreq_server(xc, 0, HVM_IOREQSRV_BUFIOREQ_ATOMIC, NULL);

    xfmem = xenforeignmemory_open(0, 0);
    xenforeignmemory_map(xfmem, 0, 0, 0, 0, 0);

    xe = xenevtchn_open(0, 0);
    xenevtchn_fd(xe);

    xg = xengnttab_open(0, 0);
    xengnttab_grant_copy(xg, 0, seg);

    return 0;
  }

#elif CONFIG_XEN_CTRL_INTERFACE_VERSION == 40701
  /*
   * If we have stable libs the we don't want the libxc compat
   * layers, regardless of what CFLAGS we may have been given.
   */
  #undef XC_WANT_COMPAT_EVTCHN_API
  #undef XC_WANT_COMPAT_GNTTAB_API
  #undef XC_WANT_COMPAT_MAP_FOREIGN_API
  #include <xenctrl.h>
  #include <xenstore.h>
  #include <xenevtchn.h>
  #include <xengnttab.h>
  #include <xenforeignmemory.h>
  #include <stdint.h>
  #include <xen/hvm/hvm_info_table.h>
  #if !defined(HVM_MAX_VCPUS)
  # error HVM_MAX_VCPUS not defined
  #endif
  int main(void) {
    xc_interface *xc = NULL;
    xenforeignmemory_handle *xfmem;
    xenevtchn_handle *xe;
    xengnttab_handle *xg;

    xs_daemon_open();

    xc = xc_interface_open(0, 0, 0);
    xc_hvm_set_mem_type(0, 0, HVMMEM_ram_ro, 0, 0);
    xc_domain_add_to_physmap(0, 0, XENMAPSPACE_gmfn, 0, 0);
    xc_hvm_inject_msi(xc, 0, 0xf0000000, 0x00000000);
    xc_hvm_create_ioreq_server(xc, 0, HVM_IOREQSRV_BUFIOREQ_ATOMIC, NULL);

    xfmem = xenforeignmemory_open(0, 0);
    xenforeignmemory_map(xfmem, 0, 0, 0, 0, 0);

    xe = xenevtchn_open(0, 0);
    xenevtchn_fd(xe);

    xg = xengnttab_open(0, 0);
    xengnttab_map_grant_ref(xg, 0, 0, 0);

    return 0;
  }

#else
#error invalid CONFIG_XEN_CTRL_INTERFACE_VERSION
#endif

Compiler stdout:
 
Compiler stderr:
 /home/srozhkov/develop/csqemu/scripts/xen-detect.c:60:12: fatal error: xenctrl.h: No such file or directory
   60 |   #include <xenctrl.h>
      |            ^~~~~~~~~~~
compilation terminated.

Running compile:
Working directory:  /home/srozhkov/develop/csqemu/build-lib/meson-private/tmpig793j2d
Command line:  cc -m64 -mcx16 /home/srozhkov/develop/csqemu/scripts/xen-detect.c -o /home/srozhkov/develop/csqemu/build-lib/meson-private/tmpig793j2d/output.exe -D_FILE_OFFSET_BITS=64 -O0 -std=gnu11 -DCONFIG_XEN_CTRL_INTERFACE_VERSION=40701 

Code:
 /* SPDX-License-Identifier: GPL-2.0-or-later */

/* Test programs for various Xen versions that QEMU supports.  */
#if CONFIG_XEN_CTRL_INTERFACE_VERSION == 41100
  #undef XC_WANT_COMPAT_DEVICEMODEL_API
  #define __XEN_TOOLS__
  #include <xendevicemodel.h>
  #include <xenforeignmemory.h>
  int main(void) {
    xendevicemodel_handle *xd;
    xenforeignmemory_handle *xfmem;

    xd = xendevicemodel_open(0, 0);
    xendevicemodel_pin_memory_cacheattr(xd, 0, 0, 0, 0);

    xfmem = xenforeignmemory_open(0, 0);
    xenforeignmemory_map_resource(xfmem, 0, 0, 0, 0, 0, NULL, 0, 0);

    return 0;
  }

#elif CONFIG_XEN_CTRL_INTERFACE_VERSION == 41000
  #undef XC_WANT_COMPAT_MAP_FOREIGN_API
  #include <xenforeignmemory.h>
  #include <xentoolcore.h>
  int main(void) {
    xenforeignmemory_handle *xfmem;

    xfmem = xenforeignmemory_open(0, 0);
    xenforeignmemory_map2(xfmem, 0, 0, 0, 0, 0, 0, 0);
    xentoolcore_restrict_all(0);

    return 0;
  }

#elif CONFIG_XEN_CTRL_INTERFACE_VERSION == 40900
  #undef XC_WANT_COMPAT_DEVICEMODEL_API
  #define __XEN_TOOLS__
  #include <xendevicemodel.h>
  int main(void) {
    xendevicemodel_handle *xd;

    xd = xendevicemodel_open(0, 0);
    xendevicemodel_close(xd);

    return 0;
  }

#elif CONFIG_XEN_CTRL_INTERFACE_VERSION == 40800
  /*
   * If we have stable libs the we don't want the libxc compat
   * layers, regardless of what CFLAGS we may have been given.
   *
   * Also, check if xengnttab_grant_copy_segment_t is defined and
   * grant copy operation is implemented.
   */
  #undef XC_WANT_COMPAT_EVTCHN_API
  #undef XC_WANT_COMPAT_GNTTAB_API
  #undef XC_WANT_COMPAT_MAP_FOREIGN_API
  #include <xenctrl.h>
  #include <xenstore.h>
  #include <xenevtchn.h>
  #include <xengnttab.h>
  #include <xenforeignmemory.h>
  #include <stdint.h>
  #include <xen/hvm/hvm_info_table.h>
  #if !defined(HVM_MAX_VCPUS)
  # error HVM_MAX_VCPUS not defined
  #endif
  int main(void) {
    xc_interface *xc = NULL;
    xenforeignmemory_handle *xfmem;
    xenevtchn_handle *xe;
    xengnttab_handle *xg;
    xengnttab_grant_copy_segment_t* seg = NULL;

    xs_daemon_open();

    xc = xc_interface_open(0, 0, 0);
    xc_hvm_set_mem_type(0, 0, HVMMEM_ram_ro, 0, 0);
    xc_domain_add_to_physmap(0, 0, XENMAPSPACE_gmfn, 0, 0);
    xc_hvm_inject_msi(xc, 0, 0xf0000000, 0x00000000);
    xc_hvm_create_ioreq_server(xc, 0, HVM_IOREQSRV_BUFIOREQ_ATOMIC, NULL);

    xfmem = xenforeignmemory_open(0, 0);
    xenforeignmemory_map(xfmem, 0, 0, 0, 0, 0);

    xe = xenevtchn_open(0, 0);
    xenevtchn_fd(xe);

    xg = xengnttab_open(0, 0);
    xengnttab_grant_copy(xg, 0, seg);

    return 0;
  }

#elif CONFIG_XEN_CTRL_INTERFACE_VERSION == 40701
  /*
   * If we have stable libs the we don't want the libxc compat
   * layers, regardless of what CFLAGS we may have been given.
   */
  #undef XC_WANT_COMPAT_EVTCHN_API
  #undef XC_WANT_COMPAT_GNTTAB_API
  #undef XC_WANT_COMPAT_MAP_FOREIGN_API
  #include <xenctrl.h>
  #include <xenstore.h>
  #include <xenevtchn.h>
  #include <xengnttab.h>
  #include <xenforeignmemory.h>
  #include <stdint.h>
  #include <xen/hvm/hvm_info_table.h>
  #if !defined(HVM_MAX_VCPUS)
  # error HVM_MAX_VCPUS not defined
  #endif
  int main(void) {
    xc_interface *xc = NULL;
    xenforeignmemory_handle *xfmem;
    xenevtchn_handle *xe;
    xengnttab_handle *xg;

    xs_daemon_open();

    xc = xc_interface_open(0, 0, 0);
    xc_hvm_set_mem_type(0, 0, HVMMEM_ram_ro, 0, 0);
    xc_domain_add_to_physmap(0, 0, XENMAPSPACE_gmfn, 0, 0);
    xc_hvm_inject_msi(xc, 0, 0xf0000000, 0x00000000);
    xc_hvm_create_ioreq_server(xc, 0, HVM_IOREQSRV_BUFIOREQ_ATOMIC, NULL);

    xfmem = xenforeignmemory_open(0, 0);
    xenforeignmemory_map(xfmem, 0, 0, 0, 0, 0);

    xe = xenevtchn_open(0, 0);
    xenevtchn_fd(xe);

    xg = xengnttab_open(0, 0);
    xengnttab_map_grant_ref(xg, 0, 0, 0);

    return 0;
  }

#else
#error invalid CONFIG_XEN_CTRL_INTERFACE_VERSION
#endif

Compiler stdout:
 
Compiler stderr:
 /home/srozhkov/develop/csqemu/scripts/xen-detect.c:105:12: fatal error: xenctrl.h: No such file or directory
  105 |   #include <xenctrl.h>
      |            ^~~~~~~~~~~
compilation terminated.

Pkg-config binary for 1 is cached.
Determining dependency 'libcacard' with pkg-config executable '/usr/bin/pkg-config'
env[PKG_CONFIG_PATH]: 
Called `/usr/bin/pkg-config --modversion libcacard` -> 1

Run-time dependency libcacard found: NO (tried pkgconfig)
Pkg-config binary for 1 is cached.
Determining dependency 'u2f-emu' with pkg-config executable '/usr/bin/pkg-config'
env[PKG_CONFIG_PATH]: 
Called `/usr/bin/pkg-config --modversion u2f-emu` -> 1

Run-time dependency u2f-emu found: NO (tried pkgconfig)
Pkg-config binary for 1 is cached.
Determining dependency 'canokey-qemu' with pkg-config executable '/usr/bin/pkg-config'
env[PKG_CONFIG_PATH]: 
Called `/usr/bin/pkg-config --modversion canokey-qemu` -> 1

Run-time dependency canokey-qemu found: NO (tried pkgconfig)
Pkg-config binary for 1 is cached.
Determining dependency 'libusbredirparser-0.5' with pkg-config executable '/usr/bin/pkg-config'
env[PKG_CONFIG_PATH]: 
Called `/usr/bin/pkg-config --modversion libusbredirparser-0.5` -> 1

Run-time dependency libusbredirparser-0.5 found: NO (tried pkgconfig)
Pkg-config binary for 1 is cached.
Determining dependency 'libusb-1.0' with pkg-config executable '/usr/bin/pkg-config'
env[PKG_CONFIG_PATH]: 
Called `/usr/bin/pkg-config --modversion libusb-1.0` -> 1

Run-time dependency libusb-1.0 found: NO (tried pkgconfig)
Pkg-config binary for 1 is cached.
Determining dependency 'libpmem' with pkg-config executable '/usr/bin/pkg-config'
env[PKG_CONFIG_PATH]: 
Called `/usr/bin/pkg-config --modversion libpmem` -> 1

Run-time dependency libpmem found: NO (tried pkgconfig)
Pkg-config binary for 1 is cached.
Determining dependency 'libdaxctl' with pkg-config executable '/usr/bin/pkg-config'
env[PKG_CONFIG_PATH]: 
Called `/usr/bin/pkg-config --modversion libdaxctl` -> 1

Run-time dependency libdaxctl found: NO (tried pkgconfig)
Pkg-config binary for 1 is cached.
Determining dependency 'libkeyutils' with pkg-config executable '/usr/bin/pkg-config'
env[PKG_CONFIG_PATH]: 
Called `/usr/bin/pkg-config --modversion libkeyutils` -> 1

Run-time dependency libkeyutils found: NO (tried pkgconfig)
Running compile:
Working directory:  /home/srozhkov/develop/csqemu/build-lib/meson-private/tmp4l1g0ti2
Command line:  cc -m64 -mcx16 /home/srozhkov/develop/csqemu/build-lib/meson-private/tmp4l1g0ti2/testfile.c -o /home/srozhkov/develop/csqemu/build-lib/meson-private/tmp4l1g0ti2/output.exe -D_FILE_OFFSET_BITS=64 -O0 -std=gnu11 

Code:
 
        #define gettid meson_disable_define_of_gettid
        
        #include <limits.h>
        #undef gettid
        
        #ifdef __cplusplus
        extern "C"
        #endif
        char gettid (void);
        
        #if defined __stub_gettid || defined __stub___gettid
        fail fail fail this function is not going to work
        #endif
        
        int main(void) {
          return gettid ();
        }
Compiler stdout:
 
Compiler stderr:
 
Checking for function "gettid" : YES 
Pkg-config binary for 1 is cached.
Determining dependency 'libselinux' with pkg-config executable '/usr/bin/pkg-config'
env[PKG_CONFIG_PATH]: 
Called `/usr/bin/pkg-config --modversion libselinux` -> 0
3.3
env[PKG_CONFIG_PATH]: 
Called `/usr/bin/pkg-config --cflags libselinux` -> 0

env[PKG_CONFIG_ALLOW_SYSTEM_LIBS]: 1
env[PKG_CONFIG_PATH]: 
Called `/usr/bin/pkg-config --libs libselinux` -> 0
-L/usr/lib -lselinux
env[PKG_CONFIG_PATH]: 
Called `/usr/bin/pkg-config --libs libselinux` -> 0
-lselinux
Run-time dependency libselinux found: YES 3.3
Running compile:
Working directory:  /home/srozhkov/develop/csqemu/build-lib/meson-private/tmpib__y29f
Command line:  cc -m64 -mcx16 /home/srozhkov/develop/csqemu/build-lib/meson-private/tmpib__y29f/testfile.c -o /home/srozhkov/develop/csqemu/build-lib/meson-private/tmpib__y29f/output.exe -D_FILE_OFFSET_BITS=64 -O0 -std=gnu11 

Code:
 #include <malloc.h>
#include <limits.h>

        #if defined __stub_malloc_trim || defined __stub___malloc_trim
        fail fail fail this function is not going to work
        #endif
        
int main(void) {
            void *a = (void*) &malloc_trim;
            long long b = (long long) a;
            return (int) b;
        }
Compiler stdout:
 
Compiler stderr:
 
Checking for function "malloc_trim" : YES 
Running compile:
Working directory:  /home/srozhkov/develop/csqemu/build-lib/meson-private/tmpfhpftnvm
Command line:  cc -m64 -mcx16 /home/srozhkov/develop/csqemu/build-lib/meson-private/tmpfhpftnvm/testfile.c -o /home/srozhkov/develop/csqemu/build-lib/meson-private/tmpfhpftnvm/output.obj -c -D_FILE_OFFSET_BITS=64 -O0 -std=gnu11 

Code:
 
  #ifndef _GNU_SOURCE
  #define _GNU_SOURCE
  #endif

        #include <sys/stat.h>
        int main(void) {
            /* If it's not defined as a macro, try to use as a symbol */
            #ifndef STATX_BASIC_STATS
                STATX_BASIC_STATS;
            #endif
            return 0;
        }
Compiler stdout:
 
Compiler stderr:
 
Header "sys/stat.h" has symbol "STATX_BASIC_STATS" : YES 
Running compile:
Working directory:  /home/srozhkov/develop/csqemu/build-lib/meson-private/tmphzjizoi0
Command line:  cc -m64 -mcx16 /home/srozhkov/develop/csqemu/build-lib/meson-private/tmphzjizoi0/testfile.c -o /home/srozhkov/develop/csqemu/build-lib/meson-private/tmphzjizoi0/output.obj -c -D_FILE_OFFSET_BITS=64 -O0 -std=gnu11 

Code:
 
  #ifndef _GNU_SOURCE
  #define _GNU_SOURCE
  #endif

        #include <sys/stat.h>
        int main(void) {
            /* If it's not defined as a macro, try to use as a symbol */
            #ifndef STATX_MNT_ID
                STATX_MNT_ID;
            #endif
            return 0;
        }
Compiler stdout:
 
Compiler stderr:
 
Header "sys/stat.h" has symbol "STATX_MNT_ID" : YES 
Pkg-config binary for 1 is cached.
Determining dependency 'fuse3' with pkg-config executable '/usr/bin/pkg-config'
env[PKG_CONFIG_PATH]: 
Called `/usr/bin/pkg-config --modversion fuse3` -> 1

Run-time dependency fuse3 found: NO (tried pkgconfig)
Pkg-config binary for 1 is cached.
Determining dependency 'libbpf' with pkg-config executable '/usr/bin/pkg-config'
env[PKG_CONFIG_PATH]: 
Called `/usr/bin/pkg-config --modversion libbpf` -> 1

Run-time dependency libbpf found: NO (tried pkgconfig)
Pkg-config binary for 1 is cached.
Determining dependency 'libxdp' with pkg-config executable '/usr/bin/pkg-config'
env[PKG_CONFIG_PATH]: 
Called `/usr/bin/pkg-config --modversion libxdp` -> 1

Run-time dependency libxdp found: NO (tried pkgconfig)
Pkg-config binary for 1 is cached.
Determining dependency 'libdw' with pkg-config executable '/usr/bin/pkg-config'
env[PKG_CONFIG_PATH]: 
Called `/usr/bin/pkg-config --modversion libdw` -> 1

Run-time dependency libdw found: NO (tried pkgconfig)
Running compile:
Working directory:  /home/srozhkov/develop/csqemu/build-lib/meson-private/tmpru7i4v8j
Command line:  cc -m64 -mcx16 /home/srozhkov/develop/csqemu/build-lib/meson-private/tmpru7i4v8j/testfile.c -E -P -D_FILE_OFFSET_BITS=64 -P -O0 -std=gnu11 

Code:
 
        #ifdef __has_include
         #if !__has_include("sys/epoll.h")
          #error "Header 'sys/epoll.h' could not be found"
         #endif
        #else
         #include <sys/epoll.h>
        #endif
Compiler stdout:
 
Compiler stderr:
 
Has header "sys/epoll.h" : YES 
Running compile:
Working directory:  /home/srozhkov/develop/csqemu/build-lib/meson-private/tmpgh138dzb
Command line:  cc -m64 -mcx16 /home/srozhkov/develop/csqemu/build-lib/meson-private/tmpgh138dzb/testfile.c -E -P -D_FILE_OFFSET_BITS=64 -P -O0 -std=gnu11 

Code:
 
        #ifdef __has_include
         #if !__has_include("linux/magic.h")
          #error "Header 'linux/magic.h' could not be found"
         #endif
        #else
         #include <linux/magic.h>
        #endif
Compiler stdout:
 
Compiler stderr:
 
Has header "linux/magic.h" : YES 
Running compile:
Working directory:  /home/srozhkov/develop/csqemu/build-lib/meson-private/tmpfcznezr3
Command line:  cc -m64 -mcx16 /home/srozhkov/develop/csqemu/build-lib/meson-private/tmpfcznezr3/testfile.c -E -P -D_FILE_OFFSET_BITS=64 -P -O0 -std=gnu11 

Code:
 
        #ifdef __has_include
         #if !__has_include("valgrind/valgrind.h")
          #error "Header 'valgrind/valgrind.h' could not be found"
         #endif
        #else
         #include <valgrind/valgrind.h>
        #endif
Compiler stdout:
 
Compiler stderr:
 /home/srozhkov/develop/csqemu/build-lib/meson-private/tmpfcznezr3/testfile.c:4:12: error: #error "Header 'valgrind/valgrind.h' could not be found"
    4 |           #error "Header 'valgrind/valgrind.h' could not be found"
      |            ^~~~~

Has header "valgrind/valgrind.h" : NO 
Running compile:
Working directory:  /home/srozhkov/develop/csqemu/build-lib/meson-private/tmpmx75r4nc
Command line:  cc -m64 -mcx16 /home/srozhkov/develop/csqemu/build-lib/meson-private/tmpmx75r4nc/testfile.c -E -P -D_FILE_OFFSET_BITS=64 -P -O0 -std=gnu11 

Code:
 
        #ifdef __has_include
         #if !__has_include("linux/btrfs.h")
          #error "Header 'linux/btrfs.h' could not be found"
         #endif
        #else
         #include <linux/btrfs.h>
        #endif
Compiler stdout:
 
Compiler stderr:
 
Has header "linux/btrfs.h" : YES 
Running compile:
Working directory:  /home/srozhkov/develop/csqemu/build-lib/meson-private/tmpmtn_885k
Command line:  cc -m64 -mcx16 /home/srozhkov/develop/csqemu/build-lib/meson-private/tmpmtn_885k/testfile.c -E -P -D_FILE_OFFSET_BITS=64 -P -O0 -std=gnu11 

Code:
 
        #ifdef __has_include
         #if !__has_include("libdrm/drm.h")
          #error "Header 'libdrm/drm.h' could not be found"
         #endif
        #else
         #include <libdrm/drm.h>
        #endif
Compiler stdout:
 
Compiler stderr:
 /home/srozhkov/develop/csqemu/build-lib/meson-private/tmpmtn_885k/testfile.c:4:12: error: #error "Header 'libdrm/drm.h' could not be found"
    4 |           #error "Header 'libdrm/drm.h' could not be found"
      |            ^~~~~

Has header "libdrm/drm.h" : NO 
Running compile:
Working directory:  /home/srozhkov/develop/csqemu/build-lib/meson-private/tmpcar5hrvo
Command line:  cc -m64 -mcx16 /home/srozhkov/develop/csqemu/build-lib/meson-private/tmpcar5hrvo/testfile.c -E -P -D_FILE_OFFSET_BITS=64 -P -O0 -std=gnu11 

Code:
 
        #ifdef __has_include
         #if !__has_include("pty.h")
          #error "Header 'pty.h' could not be found"
         #endif
        #else
         #include <pty.h>
        #endif
Compiler stdout:
 
Compiler stderr:
 
Has header "pty.h" : YES 
Running compile:
Working directory:  /home/srozhkov/develop/csqemu/build-lib/meson-private/tmpvf0_1f8b
Command line:  cc -m64 -mcx16 /home/srozhkov/develop/csqemu/build-lib/meson-private/tmpvf0_1f8b/testfile.c -E -P -D_FILE_OFFSET_BITS=64 -P -O0 -std=gnu11 

Code:
 
        #ifdef __has_include
         #if !__has_include("sys/disk.h")
          #error "Header 'sys/disk.h' could not be found"
         #endif
        #else
         #include <sys/disk.h>
        #endif
Compiler stdout:
 
Compiler stderr:
 /home/srozhkov/develop/csqemu/build-lib/meson-private/tmpvf0_1f8b/testfile.c:4:12: error: #error "Header 'sys/disk.h' could not be found"
    4 |           #error "Header 'sys/disk.h' could not be found"
      |            ^~~~~

Has header "sys/disk.h" : NO 
Running compile:
Working directory:  /home/srozhkov/develop/csqemu/build-lib/meson-private/tmpjrkoj144
Command line:  cc -m64 -mcx16 /home/srozhkov/develop/csqemu/build-lib/meson-private/tmpjrkoj144/testfile.c -E -P -D_FILE_OFFSET_BITS=64 -P -O0 -std=gnu11 

Code:
 
        #ifdef __has_include
         #if !__has_include("sys/ioccom.h")
          #error "Header 'sys/ioccom.h' could not be found"
         #endif
        #else
         #include <sys/ioccom.h>
        #endif
Compiler stdout:
 
Compiler stderr:
 /home/srozhkov/develop/csqemu/build-lib/meson-private/tmpjrkoj144/testfile.c:4:12: error: #error "Header 'sys/ioccom.h' could not be found"
    4 |           #error "Header 'sys/ioccom.h' could not be found"
      |            ^~~~~

Has header "sys/ioccom.h" : NO 
Running compile:
Working directory:  /home/srozhkov/develop/csqemu/build-lib/meson-private/tmpaai989jv
Command line:  cc -m64 -mcx16 /home/srozhkov/develop/csqemu/build-lib/meson-private/tmpaai989jv/testfile.c -E -P -D_FILE_OFFSET_BITS=64 -P -O0 -std=gnu11 

Code:
 
        #ifdef __has_include
         #if !__has_include("sys/kcov.h")
          #error "Header 'sys/kcov.h' could not be found"
         #endif
        #else
         #include <sys/kcov.h>
        #endif
Compiler stdout:
 
Compiler stderr:
 /home/srozhkov/develop/csqemu/build-lib/meson-private/tmpaai989jv/testfile.c:4:12: error: #error "Header 'sys/kcov.h' could not be found"
    4 |           #error "Header 'sys/kcov.h' could not be found"
      |            ^~~~~

Has header "sys/kcov.h" : NO 
Running compile:
Working directory:  /home/srozhkov/develop/csqemu/build-lib/meson-private/tmpgkv1x9lj
Command line:  cc -m64 -mcx16 /home/srozhkov/develop/csqemu/build-lib/meson-private/tmpgkv1x9lj/testfile.c -o /home/srozhkov/develop/csqemu/build-lib/meson-private/tmpgkv1x9lj/output.exe -D_FILE_OFFSET_BITS=64 -O0 -std=gnu11 

Code:
 
        #define close_range meson_disable_define_of_close_range
        
        #include <limits.h>
        #undef close_range
        
        #ifdef __cplusplus
        extern "C"
        #endif
        char close_range (void);
        
        #if defined __stub_close_range || defined __stub___close_range
        fail fail fail this function is not going to work
        #endif
        
        int main(void) {
          return close_range ();
        }
Compiler stdout:
 
Compiler stderr:
 
Checking for function "close_range" : YES 
Running compile:
Working directory:  /home/srozhkov/develop/csqemu/build-lib/meson-private/tmpeo1ufbb_
Command line:  cc -m64 -mcx16 /home/srozhkov/develop/csqemu/build-lib/meson-private/tmpeo1ufbb_/testfile.c -o /home/srozhkov/develop/csqemu/build-lib/meson-private/tmpeo1ufbb_/output.exe -D_FILE_OFFSET_BITS=64 -O0 -std=gnu11 

Code:
 
        #define accept4 meson_disable_define_of_accept4
        
        #include <limits.h>
        #undef accept4
        
        #ifdef __cplusplus
        extern "C"
        #endif
        char accept4 (void);
        
        #if defined __stub_accept4 || defined __stub___accept4
        fail fail fail this function is not going to work
        #endif
        
        int main(void) {
          return accept4 ();
        }
Compiler stdout:
 
Compiler stderr:
 
Checking for function "accept4" : YES 
Running compile:
Working directory:  /home/srozhkov/develop/csqemu/build-lib/meson-private/tmpmi76ygzh
Command line:  cc -m64 -mcx16 /home/srozhkov/develop/csqemu/build-lib/meson-private/tmpmi76ygzh/testfile.c -o /home/srozhkov/develop/csqemu/build-lib/meson-private/tmpmi76ygzh/output.exe -D_FILE_OFFSET_BITS=64 -O0 -std=gnu11 

Code:
 
        #define clock_adjtime meson_disable_define_of_clock_adjtime
        
        #include <limits.h>
        #undef clock_adjtime
        
        #ifdef __cplusplus
        extern "C"
        #endif
        char clock_adjtime (void);
        
        #if defined __stub_clock_adjtime || defined __stub___clock_adjtime
        fail fail fail this function is not going to work
        #endif
        
        int main(void) {
          return clock_adjtime ();
        }
Compiler stdout:
 
Compiler stderr:
 
Checking for function "clock_adjtime" : YES 
Running compile:
Working directory:  /home/srozhkov/develop/csqemu/build-lib/meson-private/tmps_w4f_s_
Command line:  cc -m64 -mcx16 /home/srozhkov/develop/csqemu/build-lib/meson-private/tmps_w4f_s_/testfile.c -o /home/srozhkov/develop/csqemu/build-lib/meson-private/tmps_w4f_s_/output.exe -D_FILE_OFFSET_BITS=64 -O0 -std=gnu11 

Code:
 
        #define dup3 meson_disable_define_of_dup3
        
        #include <limits.h>
        #undef dup3
        
        #ifdef __cplusplus
        extern "C"
        #endif
        char dup3 (void);
        
        #if defined __stub_dup3 || defined __stub___dup3
        fail fail fail this function is not going to work
        #endif
        
        int main(void) {
          return dup3 ();
        }
Compiler stdout:
 
Compiler stderr:
 
Checking for function "dup3" : YES 
Running compile:
Working directory:  /home/srozhkov/develop/csqemu/build-lib/meson-private/tmps1xumo5b
Command line:  cc -m64 -mcx16 /home/srozhkov/develop/csqemu/build-lib/meson-private/tmps1xumo5b/testfile.c -o /home/srozhkov/develop/csqemu/build-lib/meson-private/tmps1xumo5b/output.exe -D_FILE_OFFSET_BITS=64 -O0 -std=gnu11 

Code:
 
        #define fallocate meson_disable_define_of_fallocate
        
        #include <limits.h>
        #undef fallocate
        
        #ifdef __cplusplus
        extern "C"
        #endif
        char fallocate (void);
        
        #if defined __stub_fallocate || defined __stub___fallocate
        fail fail fail this function is not going to work
        #endif
        
        int main(void) {
          return fallocate ();
        }
Compiler stdout:
 
Compiler stderr:
 
Checking for function "fallocate" : YES 
Running compile:
Working directory:  /home/srozhkov/develop/csqemu/build-lib/meson-private/tmp5_1f5jy8
Command line:  cc -m64 -mcx16 /home/srozhkov/develop/csqemu/build-lib/meson-private/tmp5_1f5jy8/testfile.c -o /home/srozhkov/develop/csqemu/build-lib/meson-private/tmp5_1f5jy8/output.exe -D_FILE_OFFSET_BITS=64 -O0 -std=gnu11 

Code:
 
        #define posix_fallocate meson_disable_define_of_posix_fallocate
        
        #include <limits.h>
        #undef posix_fallocate
        
        #ifdef __cplusplus
        extern "C"
        #endif
        char posix_fallocate (void);
        
        #if defined __stub_posix_fallocate || defined __stub___posix_fallocate
        fail fail fail this function is not going to work
        #endif
        
        int main(void) {
          return posix_fallocate ();
        }
Compiler stdout:
 
Compiler stderr:
 
Checking for function "posix_fallocate" : YES 
Running compile:
Working directory:  /home/srozhkov/develop/csqemu/build-lib/meson-private/tmp27p2ndr2
Command line:  cc -m64 -mcx16 /home/srozhkov/develop/csqemu/build-lib/meson-private/tmp27p2ndr2/testfile.c -o /home/srozhkov/develop/csqemu/build-lib/meson-private/tmp27p2ndr2/output.exe -D_FILE_OFFSET_BITS=64 -O0 -std=gnu11 

Code:
 
        #define getcpu meson_disable_define_of_getcpu
        
  #ifndef _GNU_SOURCE
  #define _GNU_SOURCE
  #endif

        #include <limits.h>
        #undef getcpu
        
        #ifdef __cplusplus
        extern "C"
        #endif
        char getcpu (void);
        
        #if defined __stub_getcpu || defined __stub___getcpu
        fail fail fail this function is not going to work
        #endif
        
        int main(void) {
          return getcpu ();
        }
Compiler stdout:
 
Compiler stderr:
 
Checking for function "getcpu" : YES 
Running compile:
Working directory:  /home/srozhkov/develop/csqemu/build-lib/meson-private/tmp2hhkojm1
Command line:  cc -m64 -mcx16 /home/srozhkov/develop/csqemu/build-lib/meson-private/tmp2hhkojm1/testfile.c -o /home/srozhkov/develop/csqemu/build-lib/meson-private/tmp2hhkojm1/output.exe -D_FILE_OFFSET_BITS=64 -O0 -std=gnu11 

Code:
 #include <sched.h>
#include <limits.h>

        #if defined __stub_sched_getcpu || defined __stub___sched_getcpu
        fail fail fail this function is not going to work
        #endif
        
int main(void) {
            void *a = (void*) &sched_getcpu;
            long long b = (long long) a;
            return (int) b;
        }
Compiler stdout:
 
Compiler stderr:
 /home/srozhkov/develop/csqemu/build-lib/meson-private/tmp2hhkojm1/testfile.c: In function 'main':
/home/srozhkov/develop/csqemu/build-lib/meson-private/tmp2hhkojm1/testfile.c:9:32: error: 'sched_getcpu' undeclared (first use in this function); did you mean 'sched_getparam'?
    9 |             void *a = (void*) &sched_getcpu;
      |                                ^~~~~~~~~~~~
      |                                sched_getparam
/home/srozhkov/develop/csqemu/build-lib/meson-private/tmp2hhkojm1/testfile.c:9:32: note: each undeclared identifier is reported only once for each function it appears in

Running compile:
Working directory:  /home/srozhkov/develop/csqemu/build-lib/meson-private/tmps1hsef2n
Command line:  cc -m64 -mcx16 /home/srozhkov/develop/csqemu/build-lib/meson-private/tmps1hsef2n/testfile.c -o /home/srozhkov/develop/csqemu/build-lib/meson-private/tmps1hsef2n/output.exe -D_FILE_OFFSET_BITS=64 -O0 -std=gnu11 

Code:
 #include <sched.h>
        int main(void) {

        /* With some toolchains (MSYS2/mingw for example) the compiler
         * provides various builtins which are not really implemented and
         * fall back to the stdlib where they aren't provided and fail at
         * build/link time. In case the user provides a header, including
         * the header didn't lead to the function being defined, and the
         * function we are checking isn't a builtin itself we assume the
         * builtin is not functional and we just error out. */
        #if !0 && !defined(sched_getcpu) && !0
            #error "No definition for __builtin_sched_getcpu found in the prefix"
        #endif

        #ifdef __has_builtin
            #if !__has_builtin(__builtin_sched_getcpu)
                #error "__builtin_sched_getcpu not found"
            #endif
        #elif ! defined(sched_getcpu)
            __builtin_sched_getcpu;
        #endif
        return 0;
        }
Compiler stdout:
 
Compiler stderr:
 /home/srozhkov/develop/csqemu/build-lib/meson-private/tmps1hsef2n/testfile.c: In function 'main':
/home/srozhkov/develop/csqemu/build-lib/meson-private/tmps1hsef2n/testfile.c:12:14: error: #error "No definition for __builtin_sched_getcpu found in the prefix"
   12 |             #error "No definition for __builtin_sched_getcpu found in the prefix"
      |              ^~~~~
/home/srozhkov/develop/csqemu/build-lib/meson-private/tmps1hsef2n/testfile.c:17:18: error: #error "__builtin_sched_getcpu not found"
   17 |                 #error "__builtin_sched_getcpu not found"
      |                  ^~~~~

Checking for function "sched_getcpu" : NO 
Running compile:
Working directory:  /home/srozhkov/develop/csqemu/build-lib/meson-private/tmpzzwri62s
Command line:  cc -m64 -mcx16 /home/srozhkov/develop/csqemu/build-lib/meson-private/tmpzzwri62s/testfile.c -o /home/srozhkov/develop/csqemu/build-lib/meson-private/tmpzzwri62s/output.exe -D_FILE_OFFSET_BITS=64 -O0 -std=gnu11 

Code:
 #include <stdlib.h>
#include <limits.h>

        #if defined __stub_posix_memalign || defined __stub___posix_memalign
        fail fail fail this function is not going to work
        #endif
        
int main(void) {
            void *a = (void*) &posix_memalign;
            long long b = (long long) a;
            return (int) b;
        }
Compiler stdout:
 
Compiler stderr:
 
Checking for function "posix_memalign" : YES 
Running compile:
Working directory:  /home/srozhkov/develop/csqemu/build-lib/meson-private/tmp4596a9ic
Command line:  cc -m64 -mcx16 /home/srozhkov/develop/csqemu/build-lib/meson-private/tmp4596a9ic/testfile.c -o /home/srozhkov/develop/csqemu/build-lib/meson-private/tmp4596a9ic/output.exe -D_FILE_OFFSET_BITS=64 -O0 -std=gnu11 

Code:
 
        #define _aligned_malloc meson_disable_define_of__aligned_malloc
        
        #include <limits.h>
        #undef _aligned_malloc
        
        #ifdef __cplusplus
        extern "C"
        #endif
        char _aligned_malloc (void);
        
        #if defined __stub__aligned_malloc || defined __stub____aligned_malloc
        fail fail fail this function is not going to work
        #endif
        
        int main(void) {
          return _aligned_malloc ();
        }
Compiler stdout:
 
Compiler stderr:
 /usr/bin/ld: /tmp/ccWELp9F.o: in function `main':
testfile.c:(.text+0x9): undefined reference to `_aligned_malloc'
collect2: error: ld returned 1 exit status

Running compile:
Working directory:  /home/srozhkov/develop/csqemu/build-lib/meson-private/tmpxkaqjssj
Command line:  cc -m64 -mcx16 /home/srozhkov/develop/csqemu/build-lib/meson-private/tmpxkaqjssj/testfile.c -o /home/srozhkov/develop/csqemu/build-lib/meson-private/tmpxkaqjssj/output.exe -D_FILE_OFFSET_BITS=64 -O0 -std=gnu11 

Code:
 
        int main(void) {

        /* With some toolchains (MSYS2/mingw for example) the compiler
         * provides various builtins which are not really implemented and
         * fall back to the stdlib where they aren't provided and fail at
         * build/link time. In case the user provides a header, including
         * the header didn't lead to the function being defined, and the
         * function we are checking isn't a builtin itself we assume the
         * builtin is not functional and we just error out. */
        #if !1 && !defined(_aligned_malloc) && !0
            #error "No definition for __builtin__aligned_malloc found in the prefix"
        #endif

        #ifdef __has_builtin
            #if !__has_builtin(__builtin__aligned_malloc)
                #error "__builtin__aligned_malloc not found"
            #endif
        #elif ! defined(_aligned_malloc)
            __builtin__aligned_malloc;
        #endif
        return 0;
        }
Compiler stdout:
 
Compiler stderr:
 /home/srozhkov/develop/csqemu/build-lib/meson-private/tmpxkaqjssj/testfile.c: In function 'main':
/home/srozhkov/develop/csqemu/build-lib/meson-private/tmpxkaqjssj/testfile.c:17:18: error: #error "__builtin__aligned_malloc not found"
   17 |                 #error "__builtin__aligned_malloc not found"
      |                  ^~~~~

Checking for function "_aligned_malloc" : NO 
Running compile:
Working directory:  /home/srozhkov/develop/csqemu/build-lib/meson-private/tmpuk4pq8my
Command line:  cc -m64 -mcx16 /home/srozhkov/develop/csqemu/build-lib/meson-private/tmpuk4pq8my/testfile.c -o /home/srozhkov/develop/csqemu/build-lib/meson-private/tmpuk4pq8my/output.exe -D_FILE_OFFSET_BITS=64 -O0 -std=gnu11 

Code:
 
        #define valloc meson_disable_define_of_valloc
        
        #include <limits.h>
        #undef valloc
        
        #ifdef __cplusplus
        extern "C"
        #endif
        char valloc (void);
        
        #if defined __stub_valloc || defined __stub___valloc
        fail fail fail this function is not going to work
        #endif
        
        int main(void) {
          return valloc ();
        }
Compiler stdout:
 
Compiler stderr:
 
Checking for function "valloc" : YES 
Running compile:
Working directory:  /home/srozhkov/develop/csqemu/build-lib/meson-private/tmpkb7esjbi
Command line:  cc -m64 -mcx16 /home/srozhkov/develop/csqemu/build-lib/meson-private/tmpkb7esjbi/testfile.c -o /home/srozhkov/develop/csqemu/build-lib/meson-private/tmpkb7esjbi/output.exe -D_FILE_OFFSET_BITS=64 -O0 -std=gnu11 

Code:
 
        #define memalign meson_disable_define_of_memalign
        
        #include <limits.h>
        #undef memalign
        
        #ifdef __cplusplus
        extern "C"
        #endif
        char memalign (void);
        
        #if defined __stub_memalign || defined __stub___memalign
        fail fail fail this function is not going to work
        #endif
        
        int main(void) {
          return memalign ();
        }
Compiler stdout:
 
Compiler stderr:
 
Checking for function "memalign" : YES 
Running compile:
Working directory:  /home/srozhkov/develop/csqemu/build-lib/meson-private/tmp8h21jj19
Command line:  cc -m64 -mcx16 /home/srozhkov/develop/csqemu/build-lib/meson-private/tmp8h21jj19/testfile.c -o /home/srozhkov/develop/csqemu/build-lib/meson-private/tmp8h21jj19/output.exe -D_FILE_OFFSET_BITS=64 -O0 -std=gnu11 

Code:
 
        #define ppoll meson_disable_define_of_ppoll
        
        #include <limits.h>
        #undef ppoll
        
        #ifdef __cplusplus
        extern "C"
        #endif
        char ppoll (void);
        
        #if defined __stub_ppoll || defined __stub___ppoll
        fail fail fail this function is not going to work
        #endif
        
        int main(void) {
          return ppoll ();
        }
Compiler stdout:
 
Compiler stderr:
 
Checking for function "ppoll" : YES 
Running compile:
Working directory:  /home/srozhkov/develop/csqemu/build-lib/meson-private/tmp7b73w96e
Command line:  cc -m64 -mcx16 /home/srozhkov/develop/csqemu/build-lib/meson-private/tmp7b73w96e/testfile.c -o /home/srozhkov/develop/csqemu/build-lib/meson-private/tmp7b73w96e/output.exe -D_FILE_OFFSET_BITS=64 -O0 -std=gnu11 

Code:
 #include <sys/uio.h>
#include <limits.h>

        #if defined __stub_preadv || defined __stub___preadv
        fail fail fail this function is not going to work
        #endif
        
int main(void) {
            void *a = (void*) &preadv;
            long long b = (long long) a;
            return (int) b;
        }
Compiler stdout:
 
Compiler stderr:
 
Checking for function "preadv" : YES 
Running compile:
Working directory:  /home/srozhkov/develop/csqemu/build-lib/meson-private/tmpg3uojn3x
Command line:  cc -m64 -mcx16 /home/srozhkov/develop/csqemu/build-lib/meson-private/tmpg3uojn3x/testfile.c -o /home/srozhkov/develop/csqemu/build-lib/meson-private/tmpg3uojn3x/output.exe -D_FILE_OFFSET_BITS=64 -O0 -std=gnu11 

Code:
 
        #define pthread_fchdir_np meson_disable_define_of_pthread_fchdir_np
        
        #include <limits.h>
        #undef pthread_fchdir_np
        
        #ifdef __cplusplus
        extern "C"
        #endif
        char pthread_fchdir_np (void);
        
        #if defined __stub_pthread_fchdir_np || defined __stub___pthread_fchdir_np
        fail fail fail this function is not going to work
        #endif
        
        int main(void) {
          return pthread_fchdir_np ();
        }
Compiler stdout:
 
Compiler stderr:
 /usr/bin/ld: /tmp/ccP568Fy.o: in function `main':
testfile.c:(.text+0x9): undefined reference to `pthread_fchdir_np'
collect2: error: ld returned 1 exit status

Running compile:
Working directory:  /home/srozhkov/develop/csqemu/build-lib/meson-private/tmpca9pgah1
Command line:  cc -m64 -mcx16 /home/srozhkov/develop/csqemu/build-lib/meson-private/tmpca9pgah1/testfile.c -o /home/srozhkov/develop/csqemu/build-lib/meson-private/tmpca9pgah1/output.exe -D_FILE_OFFSET_BITS=64 -O0 -std=gnu11 

Code:
 
        int main(void) {

        /* With some toolchains (MSYS2/mingw for example) the compiler
         * provides various builtins which are not really implemented and
         * fall back to the stdlib where they aren't provided and fail at
         * build/link time. In case the user provides a header, including
         * the header didn't lead to the function being defined, and the
         * function we are checking isn't a builtin itself we assume the
         * builtin is not functional and we just error out. */
        #if !1 && !defined(pthread_fchdir_np) && !0
            #error "No definition for __builtin_pthread_fchdir_np found in the prefix"
        #endif

        #ifdef __has_builtin
            #if !__has_builtin(__builtin_pthread_fchdir_np)
                #error "__builtin_pthread_fchdir_np not found"
            #endif
        #elif ! defined(pthread_fchdir_np)
            __builtin_pthread_fchdir_np;
        #endif
        return 0;
        }
Compiler stdout:
 
Compiler stderr:
 /home/srozhkov/develop/csqemu/build-lib/meson-private/tmpca9pgah1/testfile.c: In function 'main':
/home/srozhkov/develop/csqemu/build-lib/meson-private/tmpca9pgah1/testfile.c:17:18: error: #error "__builtin_pthread_fchdir_np not found"
   17 |                 #error "__builtin_pthread_fchdir_np not found"
      |                  ^~~~~

Checking for function "pthread_fchdir_np" : NO 
Running compile:
Working directory:  /home/srozhkov/develop/csqemu/build-lib/meson-private/tmpcyau2wf9
Command line:  cc -m64 -mcx16 /home/srozhkov/develop/csqemu/build-lib/meson-private/tmpcyau2wf9/testfile.c -o /home/srozhkov/develop/csqemu/build-lib/meson-private/tmpcyau2wf9/output.exe -D_FILE_OFFSET_BITS=64 -O0 -std=gnu11 

Code:
 
        #define sendfile meson_disable_define_of_sendfile
        
        #include <limits.h>
        #undef sendfile
        
        #ifdef __cplusplus
        extern "C"
        #endif
        char sendfile (void);
        
        #if defined __stub_sendfile || defined __stub___sendfile
        fail fail fail this function is not going to work
        #endif
        
        int main(void) {
          return sendfile ();
        }
Compiler stdout:
 
Compiler stderr:
 
Checking for function "sendfile" : YES 
Running compile:
Working directory:  /home/srozhkov/develop/csqemu/build-lib/meson-private/tmp5oecnjoi
Command line:  cc -m64 -mcx16 /home/srozhkov/develop/csqemu/build-lib/meson-private/tmp5oecnjoi/testfile.c -o /home/srozhkov/develop/csqemu/build-lib/meson-private/tmp5oecnjoi/output.exe -D_FILE_OFFSET_BITS=64 -O0 -std=gnu11 

Code:
 
        #define setns meson_disable_define_of_setns
        
        #include <limits.h>
        #undef setns
        
        #ifdef __cplusplus
        extern "C"
        #endif
        char setns (void);
        
        #if defined __stub_setns || defined __stub___setns
        fail fail fail this function is not going to work
        #endif
        
        int main(void) {
          return setns ();
        }
Compiler stdout:
 
Compiler stderr:
 
Checking for function "setns" : YES 
Running compile:
Working directory:  /home/srozhkov/develop/csqemu/build-lib/meson-private/tmpxuvwtz32
Command line:  cc -m64 -mcx16 /home/srozhkov/develop/csqemu/build-lib/meson-private/tmpxuvwtz32/testfile.c -o /home/srozhkov/develop/csqemu/build-lib/meson-private/tmpxuvwtz32/output.exe -D_FILE_OFFSET_BITS=64 -O0 -std=gnu11 

Code:
 
        #define unshare meson_disable_define_of_unshare
        
        #include <limits.h>
        #undef unshare
        
        #ifdef __cplusplus
        extern "C"
        #endif
        char unshare (void);
        
        #if defined __stub_unshare || defined __stub___unshare
        fail fail fail this function is not going to work
        #endif
        
        int main(void) {
          return unshare ();
        }
Compiler stdout:
 
Compiler stderr:
 
Checking for function "unshare" : YES 
Running compile:
Working directory:  /home/srozhkov/develop/csqemu/build-lib/meson-private/tmpg2morkqa
Command line:  cc -m64 -mcx16 /home/srozhkov/develop/csqemu/build-lib/meson-private/tmpg2morkqa/testfile.c -o /home/srozhkov/develop/csqemu/build-lib/meson-private/tmpg2morkqa/output.exe -D_FILE_OFFSET_BITS=64 -O0 -std=gnu11 

Code:
 
        #define syncfs meson_disable_define_of_syncfs
        
        #include <limits.h>
        #undef syncfs
        
        #ifdef __cplusplus
        extern "C"
        #endif
        char syncfs (void);
        
        #if defined __stub_syncfs || defined __stub___syncfs
        fail fail fail this function is not going to work
        #endif
        
        int main(void) {
          return syncfs ();
        }
Compiler stdout:
 
Compiler stderr:
 
Checking for function "syncfs" : YES 
Running compile:
Working directory:  /home/srozhkov/develop/csqemu/build-lib/meson-private/tmptut1hvwu
Command line:  cc -m64 -mcx16 /home/srozhkov/develop/csqemu/build-lib/meson-private/tmptut1hvwu/testfile.c -o /home/srozhkov/develop/csqemu/build-lib/meson-private/tmptut1hvwu/output.exe -D_FILE_OFFSET_BITS=64 -O0 -std=gnu11 

Code:
 
        #define sync_file_range meson_disable_define_of_sync_file_range
        
        #include <limits.h>
        #undef sync_file_range
        
        #ifdef __cplusplus
        extern "C"
        #endif
        char sync_file_range (void);
        
        #if defined __stub_sync_file_range || defined __stub___sync_file_range
        fail fail fail this function is not going to work
        #endif
        
        int main(void) {
          return sync_file_range ();
        }
Compiler stdout:
 
Compiler stderr:
 
Checking for function "sync_file_range" : YES 
Running compile:
Working directory:  /home/srozhkov/develop/csqemu/build-lib/meson-private/tmp11hbsw8f
Command line:  cc -m64 -mcx16 /home/srozhkov/develop/csqemu/build-lib/meson-private/tmp11hbsw8f/testfile.c -o /home/srozhkov/develop/csqemu/build-lib/meson-private/tmp11hbsw8f/output.exe -D_FILE_OFFSET_BITS=64 -O0 -std=gnu11 

Code:
 
        #define timerfd_create meson_disable_define_of_timerfd_create
        
        #include <limits.h>
        #undef timerfd_create
        
        #ifdef __cplusplus
        extern "C"
        #endif
        char timerfd_create (void);
        
        #if defined __stub_timerfd_create || defined __stub___timerfd_create
        fail fail fail this function is not going to work
        #endif
        
        int main(void) {
          return timerfd_create ();
        }
Compiler stdout:
 
Compiler stderr:
 
Checking for function "timerfd_create" : YES 
Running compile:
Working directory:  /home/srozhkov/develop/csqemu/build-lib/meson-private/tmpwh_9k5gc
Command line:  cc -m64 -mcx16 /home/srozhkov/develop/csqemu/build-lib/meson-private/tmpwh_9k5gc/testfile.c -o /home/srozhkov/develop/csqemu/build-lib/meson-private/tmpwh_9k5gc/output.exe -D_FILE_OFFSET_BITS=64 -O0 -std=gnu11 

Code:
 
        #define copy_file_range meson_disable_define_of_copy_file_range
        
        #include <limits.h>
        #undef copy_file_range
        
        #ifdef __cplusplus
        extern "C"
        #endif
        char copy_file_range (void);
        
        #if defined __stub_copy_file_range || defined __stub___copy_file_range
        fail fail fail this function is not going to work
        #endif
        
        int main(void) {
          return copy_file_range ();
        }
Compiler stdout:
 
Compiler stderr:
 
Checking for function "copy_file_range" : YES 
Running compile:
Working directory:  /home/srozhkov/develop/csqemu/build-lib/meson-private/tmpsne_bhnw
Command line:  cc -m64 -mcx16 /home/srozhkov/develop/csqemu/build-lib/meson-private/tmpsne_bhnw/testfile.c -o /home/srozhkov/develop/csqemu/build-lib/meson-private/tmpsne_bhnw/output.exe -D_FILE_OFFSET_BITS=64 -O0 -std=gnu11 

Code:
 
        #define getifaddrs meson_disable_define_of_getifaddrs
        
        #include <limits.h>
        #undef getifaddrs
        
        #ifdef __cplusplus
        extern "C"
        #endif
        char getifaddrs (void);
        
        #if defined __stub_getifaddrs || defined __stub___getifaddrs
        fail fail fail this function is not going to work
        #endif
        
        int main(void) {
          return getifaddrs ();
        }
Compiler stdout:
 
Compiler stderr:
 
Checking for function "getifaddrs" : YES 
Running compile:
Working directory:  /home/srozhkov/develop/csqemu/build-lib/meson-private/tmpw0wowtxd
Command line:  cc -m64 -mcx16 /home/srozhkov/develop/csqemu/build-lib/meson-private/tmpw0wowtxd/testfile.c -o /home/srozhkov/develop/csqemu/build-lib/meson-private/tmpw0wowtxd/output.exe -D_FILE_OFFSET_BITS=64 -O0 -std=gnu11 -Wl,--start-group -lutil -Wl,--end-group 

Code:
 
        #define openpty meson_disable_define_of_openpty
        
        #include <limits.h>
        #undef openpty
        
        #ifdef __cplusplus
        extern "C"
        #endif
        char openpty (void);
        
        #if defined __stub_openpty || defined __stub___openpty
        fail fail fail this function is not going to work
        #endif
        
        int main(void) {
          return openpty ();
        }
Compiler stdout:
 
Compiler stderr:
 
Checking for function "openpty" with dependency -lutil: YES 
Running compile:
Working directory:  /home/srozhkov/develop/csqemu/build-lib/meson-private/tmpex0sqp2y
Command line:  cc -m64 -mcx16 /home/srozhkov/develop/csqemu/build-lib/meson-private/tmpex0sqp2y/testfile.c -o /home/srozhkov/develop/csqemu/build-lib/meson-private/tmpex0sqp2y/output.exe -D_FILE_OFFSET_BITS=64 -O0 -std=gnu11 

Code:
 
        #define strchrnul meson_disable_define_of_strchrnul
        
        #include <limits.h>
        #undef strchrnul
        
        #ifdef __cplusplus
        extern "C"
        #endif
        char strchrnul (void);
        
        #if defined __stub_strchrnul || defined __stub___strchrnul
        fail fail fail this function is not going to work
        #endif
        
        int main(void) {
          return strchrnul ();
        }
Compiler stdout:
 
Compiler stderr:
 
Checking for function "strchrnul" : YES 
Running compile:
Working directory:  /home/srozhkov/develop/csqemu/build-lib/meson-private/tmpys6ocpae
Command line:  cc -m64 -mcx16 /home/srozhkov/develop/csqemu/build-lib/meson-private/tmpys6ocpae/testfile.c -o /home/srozhkov/develop/csqemu/build-lib/meson-private/tmpys6ocpae/output.exe -D_FILE_OFFSET_BITS=64 -O0 -std=gnu11 

Code:
 #include <stdlib.h>
#include <limits.h>

        #if defined __stub_system || defined __stub___system
        fail fail fail this function is not going to work
        #endif
        
int main(void) {
            void *a = (void*) &system;
            long long b = (long long) a;
            return (int) b;
        }
Compiler stdout:
 
Compiler stderr:
 
Checking for function "system" : YES 
Running compile:
Working directory:  /home/srozhkov/develop/csqemu/build-lib/meson-private/tmpujcw0njf
Command line:  cc -m64 -mcx16 /home/srozhkov/develop/csqemu/build-lib/meson-private/tmpujcw0njf/testfile.c -o /home/srozhkov/develop/csqemu/build-lib/meson-private/tmpujcw0njf/output.obj -c -D_FILE_OFFSET_BITS=64 -O0 -std=gnu11 

Code:
 
        #include <linux/blkzoned.h>
        int main(void) {
            /* If it's not defined as a macro, try to use as a symbol */
            #ifndef BLKOPENZONE
                BLKOPENZONE;
            #endif
            return 0;
        }
Compiler stdout:
 
Compiler stderr:
 
Header "linux/blkzoned.h" has symbol "BLKOPENZONE" : YES 
Running compile:
Working directory:  /home/srozhkov/develop/csqemu/build-lib/meson-private/tmp7b7n9zdv
Command line:  cc -m64 -mcx16 /home/srozhkov/develop/csqemu/build-lib/meson-private/tmp7b7n9zdv/testfile.c -o /home/srozhkov/develop/csqemu/build-lib/meson-private/tmp7b7n9zdv/output.obj -c -D_FILE_OFFSET_BITS=64 -O0 -std=gnu11 

Code:
 
        #include <sys/epoll.h>
        int main(void) {
            /* If it's not defined as a macro, try to use as a symbol */
            #ifndef epoll_create1
                epoll_create1;
            #endif
            return 0;
        }
Compiler stdout:
 
Compiler stderr:
 
Header "sys/epoll.h" has symbol "epoll_create1" : YES 
Running compile:
Working directory:  /home/srozhkov/develop/csqemu/build-lib/meson-private/tmpe7uc_yua
Command line:  cc -m64 -mcx16 /home/srozhkov/develop/csqemu/build-lib/meson-private/tmpe7uc_yua/testfile.c -o /home/srozhkov/develop/csqemu/build-lib/meson-private/tmpe7uc_yua/output.obj -c -D_FILE_OFFSET_BITS=64 -O0 -std=gnu11 

Code:
 
        #include <linux/falloc.h>
        int main(void) {
            /* If it's not defined as a macro, try to use as a symbol */
            #ifndef FALLOC_FL_PUNCH_HOLE
                FALLOC_FL_PUNCH_HOLE;
            #endif
            return 0;
        }
Compiler stdout:
 
Compiler stderr:
 
Header "linux/falloc.h" has symbol "FALLOC_FL_PUNCH_HOLE" : YES 
Running compile:
Working directory:  /home/srozhkov/develop/csqemu/build-lib/meson-private/tmphstjuo7j
Command line:  cc -m64 -mcx16 /home/srozhkov/develop/csqemu/build-lib/meson-private/tmphstjuo7j/testfile.c -o /home/srozhkov/develop/csqemu/build-lib/meson-private/tmphstjuo7j/output.obj -c -D_FILE_OFFSET_BITS=64 -O0 -std=gnu11 

Code:
 
        #include <linux/falloc.h>
        int main(void) {
            /* If it's not defined as a macro, try to use as a symbol */
            #ifndef FALLOC_FL_KEEP_SIZE
                FALLOC_FL_KEEP_SIZE;
            #endif
            return 0;
        }
Compiler stdout:
 
Compiler stderr:
 
Header "linux/falloc.h" has symbol "FALLOC_FL_KEEP_SIZE" : YES 
Running compile:
Working directory:  /home/srozhkov/develop/csqemu/build-lib/meson-private/tmp8hk3hvho
Command line:  cc -m64 -mcx16 /home/srozhkov/develop/csqemu/build-lib/meson-private/tmp8hk3hvho/testfile.c -o /home/srozhkov/develop/csqemu/build-lib/meson-private/tmp8hk3hvho/output.obj -c -D_FILE_OFFSET_BITS=64 -O0 -std=gnu11 

Code:
 
        #include <linux/falloc.h>
        int main(void) {
            /* If it's not defined as a macro, try to use as a symbol */
            #ifndef FALLOC_FL_ZERO_RANGE
                FALLOC_FL_ZERO_RANGE;
            #endif
            return 0;
        }
Compiler stdout:
 
Compiler stderr:
 
Header "linux/falloc.h" has symbol "FALLOC_FL_ZERO_RANGE" : YES 
Running compile:
Working directory:  /home/srozhkov/develop/csqemu/build-lib/meson-private/tmp0ufjawfo
Command line:  cc -m64 -mcx16 /home/srozhkov/develop/csqemu/build-lib/meson-private/tmp0ufjawfo/testfile.c -E -P -D_FILE_OFFSET_BITS=64 -P -O0 -std=gnu11 

Code:
 
        #ifdef __has_include
         #if !__has_include("linux/fiemap.h")
          #error "Header 'linux/fiemap.h' could not be found"
         #endif
        #else
         #include <linux/fiemap.h>
        #endif
Compiler stdout:
 
Compiler stderr:
 
Has header "linux/fiemap.h" : YES 
Running compile:
Working directory:  /home/srozhkov/develop/csqemu/build-lib/meson-private/tmp7y3ou7hz
Command line:  cc -m64 -mcx16 /home/srozhkov/develop/csqemu/build-lib/meson-private/tmp7y3ou7hz/testfile.c -o /home/srozhkov/develop/csqemu/build-lib/meson-private/tmp7y3ou7hz/output.obj -c -D_FILE_OFFSET_BITS=64 -O0 -std=gnu11 

Code:
 
        #include <linux/fs.h>
        int main(void) {
            /* If it's not defined as a macro, try to use as a symbol */
            #ifndef FS_IOC_FIEMAP
                FS_IOC_FIEMAP;
            #endif
            return 0;
        }
Compiler stdout:
 
Compiler stderr:
 
Header "linux/fs.h" has symbol "FS_IOC_FIEMAP" : YES 
Running compile:
Working directory:  /home/srozhkov/develop/csqemu/build-lib/meson-private/tmp89z8587z
Command line:  cc -m64 -mcx16 /home/srozhkov/develop/csqemu/build-lib/meson-private/tmp89z8587z/testfile.c -o /home/srozhkov/develop/csqemu/build-lib/meson-private/tmp89z8587z/output.exe -D_FILE_OFFSET_BITS=64 -O0 -std=gnu11 

Code:
 
        #define getrandom meson_disable_define_of_getrandom
        
        #include <limits.h>
        #undef getrandom
        
        #ifdef __cplusplus
        extern "C"
        #endif
        char getrandom (void);
        
        #if defined __stub_getrandom || defined __stub___getrandom
        fail fail fail this function is not going to work
        #endif
        
        int main(void) {
          return getrandom ();
        }
Compiler stdout:
 
Compiler stderr:
 
Checking for function "getrandom" : YES 
Running compile:
Working directory:  /home/srozhkov/develop/csqemu/build-lib/meson-private/tmp8d07h513
Command line:  cc -m64 -mcx16 /home/srozhkov/develop/csqemu/build-lib/meson-private/tmp8d07h513/testfile.c -o /home/srozhkov/develop/csqemu/build-lib/meson-private/tmp8d07h513/output.obj -c -D_FILE_OFFSET_BITS=64 -O0 -std=gnu11 

Code:
 
        #include <sys/random.h>
        int main(void) {
            /* If it's not defined as a macro, try to use as a symbol */
            #ifndef GRND_NONBLOCK
                GRND_NONBLOCK;
            #endif
            return 0;
        }
Compiler stdout:
 
Compiler stderr:
 
Header "sys/random.h" has symbol "GRND_NONBLOCK" : YES 
Running compile:
Working directory:  /home/srozhkov/develop/csqemu/build-lib/meson-private/tmpv3w1lff5
Command line:  cc -m64 -mcx16 /home/srozhkov/develop/csqemu/build-lib/meson-private/tmpv3w1lff5/testfile.c -o /home/srozhkov/develop/csqemu/build-lib/meson-private/tmpv3w1lff5/output.obj -c -D_FILE_OFFSET_BITS=64 -O0 -std=gnu11 

Code:
 
        #include <sys/inotify.h>
        int main(void) {
            /* If it's not defined as a macro, try to use as a symbol */
            #ifndef inotify_init
                inotify_init;
            #endif
            return 0;
        }
Compiler stdout:
 
Compiler stderr:
 
Header "sys/inotify.h" has symbol "inotify_init" : YES 
Running compile:
Working directory:  /home/srozhkov/develop/csqemu/build-lib/meson-private/tmpe_w6jzub
Command line:  cc -m64 -mcx16 /home/srozhkov/develop/csqemu/build-lib/meson-private/tmpe_w6jzub/testfile.c -o /home/srozhkov/develop/csqemu/build-lib/meson-private/tmpe_w6jzub/output.obj -c -D_FILE_OFFSET_BITS=64 -O0 -std=gnu11 

Code:
 
        #include <sys/inotify.h>
        int main(void) {
            /* If it's not defined as a macro, try to use as a symbol */
            #ifndef inotify_init1
                inotify_init1;
            #endif
            return 0;
        }
Compiler stdout:
 
Compiler stderr:
 
Header "sys/inotify.h" has symbol "inotify_init1" : YES 
Running compile:
Working directory:  /home/srozhkov/develop/csqemu/build-lib/meson-private/tmpw_8yiv3z
Command line:  cc -m64 -mcx16 /home/srozhkov/develop/csqemu/build-lib/meson-private/tmpw_8yiv3z/testfile.c -o /home/srozhkov/develop/csqemu/build-lib/meson-private/tmpw_8yiv3z/output.obj -c -D_FILE_OFFSET_BITS=64 -O0 -std=gnu11 

Code:
 
        #include <sys/prctl.h>
        int main(void) {
            /* If it's not defined as a macro, try to use as a symbol */
            #ifndef PR_SET_TIMERSLACK
                PR_SET_TIMERSLACK;
            #endif
            return 0;
        }
Compiler stdout:
 
Compiler stderr:
 
Header "sys/prctl.h" has symbol "PR_SET_TIMERSLACK" : YES 
Running compile:
Working directory:  /home/srozhkov/develop/csqemu/build-lib/meson-private/tmpv88qn07_
Command line:  cc -m64 -mcx16 /home/srozhkov/develop/csqemu/build-lib/meson-private/tmpv88qn07_/testfile.c -o /home/srozhkov/develop/csqemu/build-lib/meson-private/tmpv88qn07_/output.obj -c -D_FILE_OFFSET_BITS=64 -O0 -std=gnu11 

Code:
 
        #include <linux/rtnetlink.h>
        int main(void) {
            /* If it's not defined as a macro, try to use as a symbol */
            #ifndef IFLA_PROTO_DOWN
                IFLA_PROTO_DOWN;
            #endif
            return 0;
        }
Compiler stdout:
 
Compiler stderr:
 
Header "linux/rtnetlink.h" has symbol "IFLA_PROTO_DOWN" : YES 
Running compile:
Working directory:  /home/srozhkov/develop/csqemu/build-lib/meson-private/tmp5wcnnbo_
Command line:  cc -m64 -mcx16 /home/srozhkov/develop/csqemu/build-lib/meson-private/tmp5wcnnbo_/testfile.c -o /home/srozhkov/develop/csqemu/build-lib/meson-private/tmp5wcnnbo_/output.obj -c -D_FILE_OFFSET_BITS=64 -O0 -std=gnu11 

Code:
 
        #include <sys/sysmacros.h>
        int main(void) {
            /* If it's not defined as a macro, try to use as a symbol */
            #ifndef makedev
                makedev;
            #endif
            return 0;
        }
Compiler stdout:
 
Compiler stderr:
 
Header "sys/sysmacros.h" has symbol "makedev" : YES 
Running compile:
Working directory:  /home/srozhkov/develop/csqemu/build-lib/meson-private/tmpeojuzh11
Command line:  cc -m64 -mcx16 /home/srozhkov/develop/csqemu/build-lib/meson-private/tmpeojuzh11/testfile.c -o /home/srozhkov/develop/csqemu/build-lib/meson-private/tmpeojuzh11/output.obj -c -D_FILE_OFFSET_BITS=64 -O0 -std=gnu11 

Code:
 
        #include <getopt.h>
        int main(void) {
            /* If it's not defined as a macro, try to use as a symbol */
            #ifndef optreset
                optreset;
            #endif
            return 0;
        }
Compiler stdout:
 
Compiler stderr:
 /home/srozhkov/develop/csqemu/build-lib/meson-private/tmpeojuzh11/testfile.c: In function 'main':
/home/srozhkov/develop/csqemu/build-lib/meson-private/tmpeojuzh11/testfile.c:6:17: error: 'optreset' undeclared (first use in this function)
    6 |                 optreset;
      |                 ^~~~~~~~
/home/srozhkov/develop/csqemu/build-lib/meson-private/tmpeojuzh11/testfile.c:6:17: note: each undeclared identifier is reported only once for each function it appears in

Header "getopt.h" has symbol "optreset" : NO 
Running compile:
Working directory:  /home/srozhkov/develop/csqemu/build-lib/meson-private/tmp_h4z3wuj
Command line:  cc -m64 -mcx16 /home/srozhkov/develop/csqemu/build-lib/meson-private/tmp_h4z3wuj/testfile.c -o /home/srozhkov/develop/csqemu/build-lib/meson-private/tmp_h4z3wuj/output.obj -c -D_FILE_OFFSET_BITS=64 -O0 -std=gnu11 

Code:
 
        #include <netinet/in.h>
        int main(void) {
            /* If it's not defined as a macro, try to use as a symbol */
            #ifndef IPPROTO_MPTCP
                IPPROTO_MPTCP;
            #endif
            return 0;
        }
Compiler stdout:
 
Compiler stderr:
 
Header "netinet/in.h" has symbol "IPPROTO_MPTCP" : YES 
Running compile:
Working directory:  /home/srozhkov/develop/csqemu/build-lib/meson-private/tmph17k97l0
Command line:  cc -m64 -mcx16 /home/srozhkov/develop/csqemu/build-lib/meson-private/tmph17k97l0/testfile.c -o /home/srozhkov/develop/csqemu/build-lib/meson-private/tmph17k97l0/output.obj -c -D_FILE_OFFSET_BITS=64 -O0 -std=gnu11 

Code:
 #include <signal.h>
        void bar(void) {
            struct sigevent foo;
            foo.sigev_notify_thread_id;

        }
Compiler stdout:
 
Compiler stderr:
 /home/srozhkov/develop/csqemu/build-lib/meson-private/tmph17k97l0/testfile.c: In function 'bar':
/home/srozhkov/develop/csqemu/build-lib/meson-private/tmph17k97l0/testfile.c:4:16: error: 'struct sigevent' has no member named 'sigev_notify_thread_id'
    4 |             foo.sigev_notify_thread_id;
      |                ^

Checking whether type "struct sigevent" has member "sigev_notify_thread_id" : NO 
Running compile:
Working directory:  /home/srozhkov/develop/csqemu/build-lib/meson-private/tmparbvo4j4
Command line:  cc -m64 -mcx16 /home/srozhkov/develop/csqemu/build-lib/meson-private/tmparbvo4j4/testfile.c -o /home/srozhkov/develop/csqemu/build-lib/meson-private/tmparbvo4j4/output.obj -c -D_FILE_OFFSET_BITS=64 -O0 -std=gnu11 

Code:
 #include <sys/stat.h>
        void bar(void) {
            struct stat foo;
            foo.st_atim;

        }
Compiler stdout:
 
Compiler stderr:
 
Checking whether type "struct stat" has member "st_atim" : YES 
Running compile:
Working directory:  /home/srozhkov/develop/csqemu/build-lib/meson-private/tmp_w3hyd2d
Command line:  cc -m64 -mcx16 /home/srozhkov/develop/csqemu/build-lib/meson-private/tmp_w3hyd2d/testfile.c -o /home/srozhkov/develop/csqemu/build-lib/meson-private/tmp_w3hyd2d/output.obj -c -D_FILE_OFFSET_BITS=64 -O0 -std=gnu11 

Code:
 #include <linux/blkzoned.h>
        void bar(void) {
            struct blk_zone foo;
            foo.capacity;

        }
Compiler stdout:
 
Compiler stderr:
 
Checking whether type "struct blk_zone" has member "capacity" : YES 
Running compile:
Working directory:  /home/srozhkov/develop/csqemu/build-lib/meson-private/tmpkifasaal
Command line:  cc -m64 -mcx16 /home/srozhkov/develop/csqemu/build-lib/meson-private/tmpkifasaal/testfile.c -o /home/srozhkov/develop/csqemu/build-lib/meson-private/tmpkifasaal/output.obj -c -D_FILE_OFFSET_BITS=64 -O0 -std=gnu11 

Code:
 #include <sys/uio.h>
        void bar(void) {
            sizeof(struct iovec);
        }
Compiler stdout:
 
Compiler stderr:
 
Checking for type "struct iovec" : YES 
Running compile:
Working directory:  /home/srozhkov/develop/csqemu/build-lib/meson-private/tmp524cqavk
Command line:  cc -m64 -mcx16 /home/srozhkov/develop/csqemu/build-lib/meson-private/tmp524cqavk/testfile.c -o /home/srozhkov/develop/csqemu/build-lib/meson-private/tmp524cqavk/output.obj -c -D_FILE_OFFSET_BITS=64 -O0 -std=gnu11 

Code:
 #include <utmpx.h>
        void bar(void) {
            sizeof(struct utmpx);
        }
Compiler stdout:
 
Compiler stderr:
 
Checking for type "struct utmpx" : YES 
Running compile:
Working directory:  /home/srozhkov/develop/csqemu/build-lib/meson-private/tmpxt2808sk
Command line:  cc -m64 -mcx16 /home/srozhkov/develop/csqemu/build-lib/meson-private/tmpxt2808sk/testfile.c -o /home/srozhkov/develop/csqemu/build-lib/meson-private/tmpxt2808sk/output.exe -D_FILE_OFFSET_BITS=64 -O0 -std=gnu11 

Code:
 
  #include <sys/eventfd.h>
  int main(void) { return eventfd(0, EFD_NONBLOCK | EFD_CLOEXEC); }
Compiler stdout:
 
Compiler stderr:
 
Running compile:
Working directory:  /home/srozhkov/develop/csqemu/build-lib/meson-private/tmpnsg70nva
Command line:  cc -m64 -mcx16 /home/srozhkov/develop/csqemu/build-lib/meson-private/tmpnsg70nva/testfile.c -o /home/srozhkov/develop/csqemu/build-lib/meson-private/tmpnsg70nva/output.exe -D_FILE_OFFSET_BITS=64 -O0 -std=gnu11 

Code:
 
  #ifndef _GNU_SOURCE
  #define _GNU_SOURCE
  #endif

  #include <unistd.h>
  int main(void) {
  #if defined(_POSIX_SYNCHRONIZED_IO) && _POSIX_SYNCHRONIZED_IO > 0
  return fdatasync(0);
  #else
  #error Not supported
  #endif
  }
Compiler stdout:
 
Compiler stderr:
 
Running compile:
Working directory:  /home/srozhkov/develop/csqemu/build-lib/meson-private/tmpx4ojjxq3
Command line:  cc -m64 -mcx16 /home/srozhkov/develop/csqemu/build-lib/meson-private/tmpx4ojjxq3/testfile.c -o /home/srozhkov/develop/csqemu/build-lib/meson-private/tmpx4ojjxq3/output.exe -D_FILE_OFFSET_BITS=64 -O0 -std=gnu11 

Code:
 
  #ifndef _GNU_SOURCE
  #define _GNU_SOURCE
  #endif

  #include <sys/types.h>
  #include <sys/mman.h>
  #include <stddef.h>
  int main(void) { return madvise(NULL, 0, MADV_DONTNEED); }
Compiler stdout:
 
Compiler stderr:
 
Running compile:
Working directory:  /home/srozhkov/develop/csqemu/build-lib/meson-private/tmpdrrlg2nx
Command line:  cc -m64 -mcx16 /home/srozhkov/develop/csqemu/build-lib/meson-private/tmpdrrlg2nx/testfile.c -o /home/srozhkov/develop/csqemu/build-lib/meson-private/tmpdrrlg2nx/output.exe -D_FILE_OFFSET_BITS=64 -O0 -std=gnu11 

Code:
 
  #ifndef _GNU_SOURCE
  #define _GNU_SOURCE
  #endif

    #include <sys/types.h>
    #include <sys/mman.h>
    #include <stddef.h>
    extern int madvise(int);
    int main(void) { return madvise(0); }
Compiler stdout:
 
Compiler stderr:
 /home/srozhkov/develop/csqemu/build-lib/meson-private/tmpdrrlg2nx/testfile.c:9:16: error: conflicting types for 'madvise'; have 'int(int)'
    9 |     extern int madvise(int);
      |                ^~~~~~~
In file included from /home/srozhkov/develop/csqemu/build-lib/meson-private/tmpdrrlg2nx/testfile.c:7:
/usr/include/x86_64-linux-gnu/sys/mman.h:94:12: note: previous declaration of 'madvise' with type 'int(void *, size_t,  int)' {aka 'int(void *, long unsigned int,  int)'}
   94 | extern int madvise (void *__addr, size_t __len, int __advice) __THROW;
      |            ^~~~~~~

Running compile:
Working directory:  /home/srozhkov/develop/csqemu/build-lib/meson-private/tmpysr9gisv
Command line:  cc -m64 -mcx16 /home/srozhkov/develop/csqemu/build-lib/meson-private/tmpysr9gisv/testfile.c -o /home/srozhkov/develop/csqemu/build-lib/meson-private/tmpysr9gisv/output.exe -D_FILE_OFFSET_BITS=64 -O0 -std=gnu11 

Code:
 
  #ifndef _GNU_SOURCE
  #define _GNU_SOURCE
  #endif

  #include <sys/mman.h>
  int main(void) { return memfd_create("foo", MFD_ALLOW_SEALING); }
Compiler stdout:
 
Compiler stderr:
 
Running compile:
Working directory:  /home/srozhkov/develop/csqemu/build-lib/meson-private/tmp71y3kwxd
Command line:  cc -m64 -mcx16 /home/srozhkov/develop/csqemu/build-lib/meson-private/tmp71y3kwxd/testfile.c -o /home/srozhkov/develop/csqemu/build-lib/meson-private/tmp71y3kwxd/output.exe -D_FILE_OFFSET_BITS=64 -O0 -std=gnu11 

Code:
 
  #ifndef _GNU_SOURCE
  #define _GNU_SOURCE
  #endif

  #include <fcntl.h>
  #if !defined(AT_EMPTY_PATH)
  # error missing definition
  #else
  int main(void) { struct file_handle fh; return open_by_handle_at(0, &fh, 0); }
  #endif
Compiler stdout:
 
Compiler stderr:
 
Running compile:
Working directory:  /home/srozhkov/develop/csqemu/build-lib/meson-private/tmp77z3dlw7
Command line:  cc -m64 -mcx16 /home/srozhkov/develop/csqemu/build-lib/meson-private/tmp77z3dlw7/testfile.c -o /home/srozhkov/develop/csqemu/build-lib/meson-private/tmp77z3dlw7/output.exe -D_FILE_OFFSET_BITS=64 -O0 -std=gnu11 

Code:
 
  #ifndef _GNU_SOURCE
  #define _GNU_SOURCE
  #endif

  #include <sys/mman.h>
  #include <stddef.h>
  int main(void) { return posix_madvise(NULL, 0, POSIX_MADV_DONTNEED); }
Compiler stdout:
 
Compiler stderr:
 
Running compile:
Working directory:  /home/srozhkov/develop/csqemu/build-lib/meson-private/tmpspigspdr
Command line:  cc -m64 -mcx16 /home/srozhkov/develop/csqemu/build-lib/meson-private/tmpspigspdr/testfile.c -o /home/srozhkov/develop/csqemu/build-lib/meson-private/tmpspigspdr/output.exe -pthread -D_FILE_OFFSET_BITS=64 -O0 -std=gnu11 

Code:
 
  #ifndef _GNU_SOURCE
  #define _GNU_SOURCE
  #endif

  #include <pthread.h>

  static void *f(void *p) { return NULL; }
  int main(void)
  {
    pthread_t thread;
    pthread_create(&thread, 0, f, 0);
    pthread_setname_np(thread, "QEMU");
    return 0;
  }
Compiler stdout:
 
Compiler stderr:
 
Running compile:
Working directory:  /home/srozhkov/develop/csqemu/build-lib/meson-private/tmp7p9glier
Command line:  cc -m64 -mcx16 /home/srozhkov/develop/csqemu/build-lib/meson-private/tmp7p9glier/testfile.c -o /home/srozhkov/develop/csqemu/build-lib/meson-private/tmp7p9glier/output.exe -pthread -D_FILE_OFFSET_BITS=64 -O0 -std=gnu11 

Code:
 
  #ifndef _GNU_SOURCE
  #define _GNU_SOURCE
  #endif

  #include <pthread.h>

  static void *f(void *p) { pthread_setname_np("QEMU"); return NULL; }
  int main(void)
  {
    pthread_t thread;
    pthread_create(&thread, 0, f, 0);
    return 0;
  }
Compiler stdout:
 
Compiler stderr:
 /home/srozhkov/develop/csqemu/build-lib/meson-private/tmp7p9glier/testfile.c: In function 'f':
/home/srozhkov/develop/csqemu/build-lib/meson-private/tmp7p9glier/testfile.c:8:48: warning: passing argument 1 of 'pthread_setname_np' makes integer from pointer without a cast [-Wint-conversion]
    8 |   static void *f(void *p) { pthread_setname_np("QEMU"); return NULL; }
      |                                                ^~~~~~
      |                                                |
      |                                                char *
In file included from /home/srozhkov/develop/csqemu/build-lib/meson-private/tmp7p9glier/testfile.c:6:
/usr/include/pthread.h:463:42: note: expected 'pthread_t' {aka 'long unsigned int'} but argument is of type 'char *'
  463 | extern int pthread_setname_np (pthread_t __target_thread, const char *__name)
      |                                ~~~~~~~~~~^~~~~~~~~~~~~~~
/home/srozhkov/develop/csqemu/build-lib/meson-private/tmp7p9glier/testfile.c:8:29: error: too few arguments to function 'pthread_setname_np'
    8 |   static void *f(void *p) { pthread_setname_np("QEMU"); return NULL; }
      |                             ^~~~~~~~~~~~~~~~~~
In file included from /home/srozhkov/develop/csqemu/build-lib/meson-private/tmp7p9glier/testfile.c:6:
/usr/include/pthread.h:463:12: note: declared here
  463 | extern int pthread_setname_np (pthread_t __target_thread, const char *__name)
      |            ^~~~~~~~~~~~~~~~~~

Running compile:
Working directory:  /home/srozhkov/develop/csqemu/build-lib/meson-private/tmplofo0dwq
Command line:  cc -m64 -mcx16 /home/srozhkov/develop/csqemu/build-lib/meson-private/tmplofo0dwq/testfile.c -o /home/srozhkov/develop/csqemu/build-lib/meson-private/tmplofo0dwq/output.exe -pthread -D_FILE_OFFSET_BITS=64 -O0 -std=gnu11 

Code:
 
  #ifndef _GNU_SOURCE
  #define _GNU_SOURCE
  #endif

  #include <pthread.h>
  #include <pthread_np.h>

  static void *f(void *p) { return NULL; }
  int main(void)
  {
    pthread_t thread;
    pthread_create(&thread, 0, f, 0);
    pthread_set_name_np(thread, "QEMU");
    return 0;
  }
Compiler stdout:
 
Compiler stderr:
 /home/srozhkov/develop/csqemu/build-lib/meson-private/tmplofo0dwq/testfile.c:7:12: fatal error: pthread_np.h: No such file or directory
    7 |   #include <pthread_np.h>
      |            ^~~~~~~~~~~~~~
compilation terminated.

Running compile:
Working directory:  /home/srozhkov/develop/csqemu/build-lib/meson-private/tmpbmio7t3d
Command line:  cc -m64 -mcx16 /home/srozhkov/develop/csqemu/build-lib/meson-private/tmpbmio7t3d/testfile.c -o /home/srozhkov/develop/csqemu/build-lib/meson-private/tmpbmio7t3d/output.exe -pthread -D_FILE_OFFSET_BITS=64 -O0 -std=gnu11 

Code:
 
  #ifndef _GNU_SOURCE
  #define _GNU_SOURCE
  #endif

  #include <pthread.h>
  #include <time.h>

  int main(void)
  {
    pthread_condattr_t attr
    pthread_condattr_init(&attr);
    pthread_condattr_setclock(&attr, CLOCK_MONOTONIC);
    return 0;
  }
Compiler stdout:
 
Compiler stderr:
 /home/srozhkov/develop/csqemu/build-lib/meson-private/tmpbmio7t3d/testfile.c: In function 'main':
/home/srozhkov/develop/csqemu/build-lib/meson-private/tmpbmio7t3d/testfile.c:12:5: error: expected '=', ',', ';', 'asm' or '__attribute__' before 'pthread_condattr_init'
   12 |     pthread_condattr_init(&attr);
      |     ^~~~~~~~~~~~~~~~~~~~~
/home/srozhkov/develop/csqemu/build-lib/meson-private/tmpbmio7t3d/testfile.c:12:28: error: 'attr' undeclared (first use in this function)
   12 |     pthread_condattr_init(&attr);
      |                            ^~~~
/home/srozhkov/develop/csqemu/build-lib/meson-private/tmpbmio7t3d/testfile.c:12:28: note: each undeclared identifier is reported only once for each function it appears in

Running compile:
Working directory:  /home/srozhkov/develop/csqemu/build-lib/meson-private/tmpo3qjvejm
Command line:  cc -m64 -mcx16 /home/srozhkov/develop/csqemu/build-lib/meson-private/tmpo3qjvejm/testfile.c -o /home/srozhkov/develop/csqemu/build-lib/meson-private/tmpo3qjvejm/output.exe -pthread -D_FILE_OFFSET_BITS=64 -O0 -std=gnu11 

Code:
 
  #ifndef _GNU_SOURCE
  #define _GNU_SOURCE
  #endif

  #include <pthread.h>

  static void *f(void *p) { return NULL; }
  int main(void)
  {
    int setsize = CPU_ALLOC_SIZE(64);
    pthread_t thread;
    cpu_set_t *cpuset;
    pthread_create(&thread, 0, f, 0);
    cpuset = CPU_ALLOC(64);
    CPU_ZERO_S(setsize, cpuset);
    pthread_setaffinity_np(thread, setsize, cpuset);
    pthread_getaffinity_np(thread, setsize, cpuset);
    CPU_FREE(cpuset);
    return 0;
  }
Compiler stdout:
 
Compiler stderr:
 
Running compile:
Working directory:  /home/srozhkov/develop/csqemu/build-lib/meson-private/tmpbitrylhi
Command line:  cc -m64 -mcx16 /home/srozhkov/develop/csqemu/build-lib/meson-private/tmpbitrylhi/testfile.c -o /home/srozhkov/develop/csqemu/build-lib/meson-private/tmpbitrylhi/output.exe -D_FILE_OFFSET_BITS=64 -O0 -std=gnu11 

Code:
 
  #ifndef _GNU_SOURCE
  #define _GNU_SOURCE
  #endif

  #include <sys/signalfd.h>
  #include <stddef.h>
  int main(void) { return signalfd(-1, NULL, SFD_CLOEXEC); }
Compiler stdout:
 
Compiler stderr:
 /home/srozhkov/develop/csqemu/build-lib/meson-private/tmpbitrylhi/testfile.c: In function 'main':
/home/srozhkov/develop/csqemu/build-lib/meson-private/tmpbitrylhi/testfile.c:8:27: warning: argument 2 null where non-null expected [-Wnonnull]
    8 |   int main(void) { return signalfd(-1, NULL, SFD_CLOEXEC); }
      |                           ^~~~~~~~
In file included from /home/srozhkov/develop/csqemu/build-lib/meson-private/tmpbitrylhi/testfile.c:6:
/usr/include/x86_64-linux-gnu/sys/signalfd.h:57:12: note: in a call to function 'signalfd' declared 'nonnull'
   57 | extern int signalfd (int __fd, const sigset_t *__mask, int __flags)
      |            ^~~~~~~~

Running compile:
Working directory:  /home/srozhkov/develop/csqemu/build-lib/meson-private/tmp2iaey7rd
Command line:  cc -m64 -mcx16 /home/srozhkov/develop/csqemu/build-lib/meson-private/tmp2iaey7rd/testfile.c -o /home/srozhkov/develop/csqemu/build-lib/meson-private/tmp2iaey7rd/output.exe -D_FILE_OFFSET_BITS=64 -O0 -std=gnu11 

Code:
 
  #ifndef _GNU_SOURCE
  #define _GNU_SOURCE
  #endif

  #include <unistd.h>
  #include <fcntl.h>
  #include <limits.h>

  int main(void)
  {
    int len, fd = 0;
    len = tee(STDIN_FILENO, STDOUT_FILENO, INT_MAX, SPLICE_F_NONBLOCK);
    splice(STDIN_FILENO, NULL, fd, NULL, len, SPLICE_F_MOVE);
    return 0;
  }
Compiler stdout:
 
Compiler stderr:
 
Running compile:
Working directory:  /home/srozhkov/develop/csqemu/build-lib/meson-private/tmpnc4c2t1p
Command line:  cc -m64 -mcx16 /home/srozhkov/develop/csqemu/build-lib/meson-private/tmpnc4c2t1p/testfile.c -o /home/srozhkov/develop/csqemu/build-lib/meson-private/tmpnc4c2t1p/output.exe -D_FILE_OFFSET_BITS=64 -O0 -std=gnu11 

Code:
 
  #ifndef _GNU_SOURCE
  #define _GNU_SOURCE
  #endif

  #include <sys/mman.h>
  int main(void) {
    return mlockall(MCL_FUTURE);
  }
Compiler stdout:
 
Compiler stderr:
 
Running compile:
Working directory:  /home/srozhkov/develop/csqemu/build-lib/meson-private/tmp7qodmhqu
Command line:  cc -m64 -mcx16 /home/srozhkov/develop/csqemu/build-lib/meson-private/tmp7qodmhqu/testfile.c -o /home/srozhkov/develop/csqemu/build-lib/meson-private/tmp7qodmhqu/output.obj -c -D_FILE_OFFSET_BITS=64 -O0 -std=gnu11 

Code:
 
  #ifndef _GNU_SOURCE
  #define _GNU_SOURCE
  #endif

      #include <sys/socket.h>
      #include <linux/ip.h>
        void bar(void) {
            sizeof(struct mmsghdr);
        }
Compiler stdout:
 
Compiler stderr:
 
Checking for type "struct mmsghdr" : YES 
Running compile:
Working directory:  /home/srozhkov/develop/csqemu/build-lib/meson-private/tmpsjn6ptqd
Command line:  cc -m64 -mcx16 /home/srozhkov/develop/csqemu/build-lib/meson-private/tmpsjn6ptqd/testfile.c -o /home/srozhkov/develop/csqemu/build-lib/meson-private/tmpsjn6ptqd/output.obj -c -D_FILE_OFFSET_BITS=64 -O0 -std=gnu11 

Code:
 
    #include <inttypes.h>
    #include <net/if.h>
    #include <net/netmap.h>
    #include <net/netmap_user.h>
    #if (NETMAP_API < 11) || (NETMAP_API > 15)
    #error
    #endif
    int main(void) { return 0; }
Compiler stdout:
 
Compiler stderr:
 /home/srozhkov/develop/csqemu/build-lib/meson-private/tmpsjn6ptqd/testfile.c:4:14: fatal error: net/netmap.h: No such file or directory
    4 |     #include <net/netmap.h>
      |              ^~~~~~~~~~~~~~
compilation terminated.

Running compile:
Working directory:  /home/srozhkov/develop/csqemu/build-lib/meson-private/tmpmt54tl81
Command line:  cc -m64 -mcx16 /home/srozhkov/develop/csqemu/build-lib/meson-private/tmpmt54tl81/testfile.c -o /home/srozhkov/develop/csqemu/build-lib/meson-private/tmpmt54tl81/output.exe -D_FILE_OFFSET_BITS=64 -O0 -std=gnu11 

Code:
 
  #include <linux/fs.h>
  struct fsxattr foo;
  int main(void) {
    return 0;
  }
Compiler stdout:
 
Compiler stderr:
 
Running compile:
Working directory:  /home/srozhkov/develop/csqemu/build-lib/meson-private/tmpnma4x25z
Command line:  cc -m64 -mcx16 /home/srozhkov/develop/csqemu/build-lib/meson-private/tmpnma4x25z/testfile.c -o /home/srozhkov/develop/csqemu/build-lib/meson-private/tmpnma4x25z/output.obj -c -D_FILE_OFFSET_BITS=64 -O0 -std=gnu11 -Werror 

Code:
 
    #include <stdint.h>
    #include <stdio.h>
    int main(void) {
        return printf("%zu", SIZE_MAX);
    }
Compiler stdout:
 
Compiler stderr:
 
Running compile:
Working directory:  /home/srozhkov/develop/csqemu/build-lib/meson-private/tmp2xd51ub1
Command line:  cc -m64 -mcx16 /home/srozhkov/develop/csqemu/build-lib/meson-private/tmp2xd51ub1/testfile.c -o /home/srozhkov/develop/csqemu/build-lib/meson-private/tmp2xd51ub1/output.exe -D_FILE_OFFSET_BITS=64 -O0 -std=gnu11 

Code:
 
  #include <stdint.h>
  int main(void)
  {
    uint64_t x = 0, y = 0;
    y = __atomic_load_n(&x, __ATOMIC_RELAXED);
    __atomic_store_n(&x, y, __ATOMIC_RELAXED);
    __atomic_compare_exchange_n(&x, &y, x, 0, __ATOMIC_RELAXED, __ATOMIC_RELAXED);
    __atomic_exchange_n(&x, y, __ATOMIC_RELAXED);
    __atomic_fetch_add(&x, y, __ATOMIC_RELAXED);
    return 0;
  }
Compiler stdout:
 
Compiler stderr:
 
Running compile:
Working directory:  /home/srozhkov/develop/csqemu/build-lib/meson-private/tmpcxs1s6am
Command line:  cc -m64 -mcx16 /home/srozhkov/develop/csqemu/build-lib/meson-private/tmpcxs1s6am/testfile.c -o /home/srozhkov/develop/csqemu/build-lib/meson-private/tmpcxs1s6am/output.obj -c -D_FILE_OFFSET_BITS=64 -O0 -std=gnu11 

Code:
 
  __int128_t a;
  __uint128_t b;
  int main(void) { b = a; }
Compiler stdout:
 
Compiler stderr:
 
Running compile:
Working directory:  /home/srozhkov/develop/csqemu/build-lib/meson-private/tmpj52wqnn9
Command line:  cc -m64 -mcx16 /home/srozhkov/develop/csqemu/build-lib/meson-private/tmpj52wqnn9/testfile.c -o /home/srozhkov/develop/csqemu/build-lib/meson-private/tmpj52wqnn9/output.exe -D_FILE_OFFSET_BITS=64 -O0 -std=gnu11 

Code:
 
  __int128_t a;
  __uint128_t b;
  int main (void) {
    a = a + b;
    b = a * b;
    a = a * a;
    return 0;
  }
Compiler stdout:
 
Compiler stderr:
 
Running compile:
Working directory:  /home/srozhkov/develop/csqemu/build-lib/meson-private/tmpzvrazknt
Command line:  cc -m64 -mcx16 /home/srozhkov/develop/csqemu/build-lib/meson-private/tmpzvrazknt/testfile.c -o /home/srozhkov/develop/csqemu/build-lib/meson-private/tmpzvrazknt/output.exe -D_FILE_OFFSET_BITS=64 -O0 -std=gnu11 

Code:
 
    int main(int ac, char **av) {
      __uint128_t *p = __builtin_assume_aligned(av[ac - 1], 16);
      p[1] = __atomic_load_n(&p[0], __ATOMIC_RELAXED);
      __atomic_store_n(&p[2], p[3], __ATOMIC_RELAXED);
      __atomic_compare_exchange_n(&p[4], &p[5], p[6], 0, __ATOMIC_RELAXED, __ATOMIC_RELAXED);
      return 0;
    }
Compiler stdout:
 
Compiler stderr:
 /usr/bin/ld: /tmp/cc9q5ueB.o: in function `main':
testfile.c:(.text+0x44): undefined reference to `__atomic_load_16'
/usr/bin/ld: testfile.c:(.text+0x7b): undefined reference to `__atomic_store_16'
/usr/bin/ld: testfile.c:(.text+0xb1): undefined reference to `__atomic_compare_exchange_16'
collect2: error: ld returned 1 exit status

Running compile:
Working directory:  /home/srozhkov/develop/csqemu/build-lib/meson-private/tmpudlmyrmr
Command line:  cc -m64 -mcx16 /home/srozhkov/develop/csqemu/build-lib/meson-private/tmpudlmyrmr/testfile.c -o /home/srozhkov/develop/csqemu/build-lib/meson-private/tmpudlmyrmr/output.exe -D_FILE_OFFSET_BITS=64 -O0 -std=gnu11 

Code:
 __attribute__((optimize("O1")))
    int main(int ac, char **av) {
      __uint128_t *p = __builtin_assume_aligned(av[ac - 1], 16);
      p[1] = __atomic_load_n(&p[0], __ATOMIC_RELAXED);
      __atomic_store_n(&p[2], p[3], __ATOMIC_RELAXED);
      __atomic_compare_exchange_n(&p[4], &p[5], p[6], 0, __ATOMIC_RELAXED, __ATOMIC_RELAXED);
      return 0;
    }
Compiler stdout:
 
Compiler stderr:
 /usr/bin/ld: /tmp/ccZkgyJg.o: in function `main':
testfile.c:(.text+0x16): undefined reference to `__atomic_load_16'
/usr/bin/ld: testfile.c:(.text+0x34): undefined reference to `__atomic_store_16'
/usr/bin/ld: testfile.c:(.text+0x5b): undefined reference to `__atomic_compare_exchange_16'
collect2: error: ld returned 1 exit status

Running compile:
Working directory:  /home/srozhkov/develop/csqemu/build-lib/meson-private/tmpj1c6d8vo
Command line:  cc -m64 -mcx16 /home/srozhkov/develop/csqemu/build-lib/meson-private/tmpj1c6d8vo/testfile.c -o /home/srozhkov/develop/csqemu/build-lib/meson-private/tmpj1c6d8vo/output.exe -D_FILE_OFFSET_BITS=64 -O0 -std=gnu11 

Code:
 
        int main(void)
        {
          __uint128_t x = 0, y = 0;
          __sync_val_compare_and_swap_16(&x, y, x);
          return 0;
        }
      
Compiler stdout:
 
Compiler stderr:
 
Running compile:
Working directory:  /home/srozhkov/develop/csqemu/build-lib/meson-private/tmp7bp1g5eh
Command line:  cc -m64 -mcx16 /home/srozhkov/develop/csqemu/build-lib/meson-private/tmp7bp1g5eh/testfile.c -o /home/srozhkov/develop/csqemu/build-lib/meson-private/tmp7bp1g5eh/output.exe -D_FILE_OFFSET_BITS=64 -O0 -std=gnu11 

Code:
 
  #ifndef _GNU_SOURCE
  #define _GNU_SOURCE
  #endif

  #include <sys/auxv.h>
  int main(void) {
    return getauxval(AT_HWCAP) == 0;
  }
Compiler stdout:
 
Compiler stderr:
 
Running compile:
Working directory:  /home/srozhkov/develop/csqemu/build-lib/meson-private/tmpfcf59bwr
Command line:  cc -m64 -mcx16 /home/srozhkov/develop/csqemu/build-lib/meson-private/tmpfcf59bwr/testfile.c -o /home/srozhkov/develop/csqemu/build-lib/meson-private/tmpfcf59bwr/output.obj -c -D_FILE_OFFSET_BITS=64 -O0 -std=gnu11 

Code:
 
    #include <errno.h>
    #include <asm/unistd.h>
    #include <linux/keyctl.h>
    #include <sys/syscall.h>
    #include <unistd.h>
    int main(void) {
        return syscall(__NR_keyctl, KEYCTL_READ, 0, NULL, NULL, 0);
    }
Compiler stdout:
 
Compiler stderr:
 
Running compile:
Working directory:  /home/srozhkov/develop/csqemu/build-lib/meson-private/tmpna3kaue5
Command line:  cc -m64 -mcx16 /home/srozhkov/develop/csqemu/build-lib/meson-private/tmpna3kaue5/testfile.c -o /home/srozhkov/develop/csqemu/build-lib/meson-private/tmpna3kaue5/output.exe -D_FILE_OFFSET_BITS=64 -O0 -std=gnu11 

Code:
 
  #include <cpuid.h>
  int main(void) {
    unsigned a, b, c, d;
    unsigned max = __get_cpuid_max(0, 0);

    if (max >= 1) {
        __cpuid(1, a, b, c, d);
    }

    if (max >= 7) {
        __cpuid_count(7, 0, a, b, c, d);
    }

    return 0;
  }
Compiler stdout:
 
Compiler stderr:
 
Running compile:
Working directory:  /home/srozhkov/develop/csqemu/build-lib/meson-private/tmp5a4ilckl
Command line:  cc -m64 -mcx16 /home/srozhkov/develop/csqemu/build-lib/meson-private/tmp5a4ilckl/testfile.c -o /home/srozhkov/develop/csqemu/build-lib/meson-private/tmp5a4ilckl/output.exe -D_FILE_OFFSET_BITS=64 -O0 -std=gnu11 

Code:
 
    #include <cpuid.h>
    #include <immintrin.h>
    static int __attribute__((target("avx2"))) bar(void *a) {
      __m256i x = *(__m256i *)a;
      return _mm256_testz_si256(x, x);
    }
    int main(int argc, char *argv[]) { return bar(argv[argc - 1]); }
  
Compiler stdout:
 
Compiler stderr:
 
Running compile:
Working directory:  /home/srozhkov/develop/csqemu/build-lib/meson-private/tmpcledq15h
Command line:  cc -m64 -mcx16 /home/srozhkov/develop/csqemu/build-lib/meson-private/tmpcledq15h/testfile.c -o /home/srozhkov/develop/csqemu/build-lib/meson-private/tmpcledq15h/output.exe -D_FILE_OFFSET_BITS=64 -O0 -std=gnu11 

Code:
 
    #include <cpuid.h>
    #include <immintrin.h>
    static int __attribute__((target("avx512f"))) bar(void *a) {
      __m512i x = *(__m512i *)a;
      return _mm512_test_epi64_mask(x, x);
    }
    int main(int argc, char *argv[]) { return bar(argv[argc - 1]); }
  
Compiler stdout:
 
Compiler stderr:
 
Running compile:
Working directory:  /home/srozhkov/develop/csqemu/build-lib/meson-private/tmprcq51pop
Command line:  cc -m64 -mcx16 /home/srozhkov/develop/csqemu/build-lib/meson-private/tmprcq51pop/testfile.c -o /home/srozhkov/develop/csqemu/build-lib/meson-private/tmprcq51pop/output.exe -D_FILE_OFFSET_BITS=64 -O0 -std=gnu11 

Code:
 
    #include <cpuid.h>
    #include <immintrin.h>
    static int __attribute__((target("avx512bw"))) bar(void *a) {
      __m512i *x = a;
      __m512i res= _mm512_abs_epi8(*x);
      return res[1];
    }
    int main(int argc, char *argv[]) { return bar(argv[0]); }
  
Compiler stdout:
 
Compiler stderr:
 
Running compile:
Working directory:  /home/srozhkov/develop/csqemu/build-lib/meson-private/tmpy4sn52un
Command line:  cc -m64 -mcx16 /home/srozhkov/develop/csqemu/build-lib/meson-private/tmpy4sn52un/testfile.c -o /home/srozhkov/develop/csqemu/build-lib/meson-private/tmpy4sn52un/output.obj -c -D_FILE_OFFSET_BITS=64 -O0 -std=gnu11 

Code:
 
    #include <arm_neon.h>
    #ifndef __ARM_FEATURE_AES
    __attribute__((target("+crypto")))
    #endif
    void foo(uint8x16_t *p) { *p = vaesmcq_u8(*p); }
  
Compiler stdout:
 
Compiler stderr:
 /home/srozhkov/develop/csqemu/build-lib/meson-private/tmpy4sn52un/testfile.c:2:14: fatal error: arm_neon.h: No such file or directory
    2 |     #include <arm_neon.h>
      |              ^~~~~~~~~~~~
compilation terminated.

Running compile:
Working directory:  /home/srozhkov/develop/csqemu/build-lib/meson-private/tmpe1el6nlz
Command line:  cc -m64 -mcx16 /home/srozhkov/develop/csqemu/build-lib/meson-private/tmpe1el6nlz/testfile.c -o /home/srozhkov/develop/csqemu/build-lib/meson-private/tmpe1el6nlz/output.obj -c -D_FILE_OFFSET_BITS=64 -O0 -std=gnu11 

Code:
 
  #ifndef _GNU_SOURCE
  #define _GNU_SOURCE
  #endif

    #include <sys/mman.h>
    int main(void)
    {
      char buf = 0;
      void *addr = &buf;
      addr = mremap(addr, 0, 1, MREMAP_MAYMOVE | MREMAP_FIXED);

      return 0;
    }
Compiler stdout:
 
Compiler stderr:
 
Running compile:
Working directory:  /home/srozhkov/develop/csqemu/build-lib/meson-private/tmp_y5qzgkc
Command line:  cc -m64 -mcx16 /home/srozhkov/develop/csqemu/build-lib/meson-private/tmp_y5qzgkc/testfile.c -o /home/srozhkov/develop/csqemu/build-lib/meson-private/tmp_y5qzgkc/output.obj -c -D_FILE_OFFSET_BITS=64 -O0 -std=gnu11 

Code:
 
  #ifndef _GNU_SOURCE
  #define _GNU_SOURCE
  #endif

    #include <errno.h>
    #include <sys/types.h>
    #include <sys/socket.h>
    #include <linux/if_alg.h>
    int main(void) {
      int sock;
      sock = socket(AF_ALG, SOCK_SEQPACKET, 0);
      return sock;
    }
  
Compiler stdout:
 
Compiler stderr:
 
Running compile:
Working directory:  /home/srozhkov/develop/csqemu/build-lib/meson-private/tmpodlplz6_
Command line:  cc -m64 -mcx16 /home/srozhkov/develop/csqemu/build-lib/meson-private/tmpodlplz6_/testfile.c -o /home/srozhkov/develop/csqemu/build-lib/meson-private/tmpodlplz6_/output.obj -c -D_FILE_OFFSET_BITS=64 -O0 -std=gnu11 

Code:
 #include <sys/socket.h>
        #include <linux/vm_sockets.h>
        int main(void) {
            /* If it's not defined as a macro, try to use as a symbol */
            #ifndef AF_VSOCK
                AF_VSOCK;
            #endif
            return 0;
        }
Compiler stdout:
 
Compiler stderr:
 
Header "linux/vm_sockets.h" has symbol "AF_VSOCK" : YES 
Program scripts/minikconf.py found: YES (/home/srozhkov/develop/csqemu/build-lib/pyvenv/bin/python3 /home/srozhkov/develop/csqemu/scripts/minikconf.py)
Configuring riscv64-lib-softmmu-config-target.h using configuration
Configuring riscv64-lib-softmmu-config-devices.mak with command
Running command: /home/srozhkov/develop/csqemu/build-lib/pyvenv/bin/python3 /home/srozhkov/develop/csqemu/scripts/minikconf.py --defconfig riscv64-lib-softmmu-config-devices.mak /home/srozhkov/develop/csqemu/build-lib/meson-private/riscv64-lib-softmmu-config-devices.mak.d /home/srozhkov/develop/csqemu/configs/devices/riscv64-lib-softmmu/default.mak /home/srozhkov/develop/csqemu/Kconfig CONFIG_TPM=y CONFIG_IVSHMEM=y CONFIG_VHOST_USER=y CONFIG_VHOST_VDPA=y CONFIG_VHOST_KERNEL=y CONFIG_VIRTFS=y CONFIG_LINUX=y CONFIG_MULTIPROCESS_ALLOWED=y CONFIG_TCG=y CONFIG_RISCV64=y
--- stdout ---
CONFIG_AC97=y
CONFIG_ACPI=y
CONFIG_ACPI_ERST=y
CONFIG_AHCI=y
CONFIG_AHCI_ICH9=y
CONFIG_ARM_COMPATIBLE_SEMIHOSTING=y
CONFIG_ATI_VGA=y
CONFIG_BITBANG_I2C=y
CONFIG_BOCHS_DISPLAY=y
CONFIG_CADENCE=y
CONFIG_CADENCE_SDHCI=y
CONFIG_CAN_BUS=y
CONFIG_CAN_CTUCANFD=y
CONFIG_CAN_CTUCANFD_PCI=y
CONFIG_CAN_PCI=y
CONFIG_CAN_SJA1000=y
CONFIG_DDC=y
CONFIG_E1000E_PCI_EXPRESS=y
CONFIG_E1000_PCI=y
CONFIG_EDID=y
CONFIG_EDU=y
CONFIG_EEPRO100_PCI=y
CONFIG_ES1370=y
CONFIG_ESP=y
CONFIG_ESP_PCI=y
CONFIG_FSDEV_9P=y
CONFIG_FW_CFG_DMA=y
CONFIG_GENERIC_LOADER=y
CONFIG_GOLDFISH_RTC=y
CONFIG_GUEST_LOADER=y
CONFIG_HDA=y
CONFIG_HTIF=y
CONFIG_I2C=y
CONFIG_I2C_ECHO=y
CONFIG_I82801B11=y
CONFIG_IDE_CORE=y
CONFIG_IDE_QDEV=y
CONFIG_IGB_PCI_EXPRESS=y
CONFIG_IMX_USBPHY=y
CONFIG_IOH3420=y
CONFIG_IPACK=y
CONFIG_IVSHMEM_DEVICE=y
CONFIG_LSI_SCSI_PCI=y
CONFIG_MCHP_PFSOC_DMC=y
CONFIG_MCHP_PFSOC_IOSCB=y
CONFIG_MCHP_PFSOC_MMUART=y
CONFIG_MCHP_PFSOC_SYSREG=y
CONFIG_MEGASAS_SCSI_PCI=y
CONFIG_MICROCHIP_PFSOC=y
CONFIG_MPTSAS_SCSI_PCI=y
CONFIG_MSI_NONBROKEN=y
CONFIG_NE2000_COMMON=y
CONFIG_NE2000_PCI=y
CONFIG_NMC93XX_EEPROM=y
CONFIG_NVME_PCI=y
CONFIG_PCI=y
CONFIG_PCIE_PCI_BRIDGE=y
CONFIG_PCIE_PORT=y
CONFIG_PCI_DEVICES=y
CONFIG_PCI_EXPRESS=y
CONFIG_PCI_EXPRESS_GENERIC_BRIDGE=y
CONFIG_PCI_TESTDEV=y
CONFIG_PCNET_COMMON=y
CONFIG_PCNET_PCI=y
CONFIG_PFLASH_CFI01=y
CONFIG_PLATFORM_BUS=y
CONFIG_PVPANIC_COMMON=y
CONFIG_PVPANIC_PCI=y
CONFIG_RISCV_ACLINT=y
CONFIG_RISCV_APLIC=y
CONFIG_RISCV_IMSIC=y
CONFIG_RISCV_NUMA=y
CONFIG_RISCV_VIRT=y
CONFIG_ROCKER=y
CONFIG_RTL8139_PCI=y
CONFIG_SCSI=y
CONFIG_SD=y
CONFIG_SDHCI=y
CONFIG_SDHCI_PCI=y
CONFIG_SEMIHOSTING=y
CONFIG_SERIAL=y
CONFIG_SERIAL_PCI=y
CONFIG_SERIAL_PCI_MULTI=y
CONFIG_SHAKTI_C=y
CONFIG_SHAKTI_UART=y
CONFIG_SIFIVE_E=y
CONFIG_SIFIVE_E_AON=y
CONFIG_SIFIVE_E_PRCI=y
CONFIG_SIFIVE_GPIO=y
CONFIG_SIFIVE_PDMA=y
CONFIG_SIFIVE_PLIC=y
CONFIG_SIFIVE_PWM=y
CONFIG_SIFIVE_SPI=y
CONFIG_SIFIVE_TEST=y
CONFIG_SIFIVE_U=y
CONFIG_SIFIVE_UART=y
CONFIG_SIFIVE_U_OTP=y
CONFIG_SIFIVE_U_PRCI=y
CONFIG_SPIKE=y
CONFIG_SSI=y
CONFIG_SSI_M25P80=y
CONFIG_SSI_SD=y
CONFIG_TEST_DEVICES=y
CONFIG_TPM_BACKEND=y
CONFIG_TPM_EMULATOR=y
CONFIG_TPM_PASSTHROUGH=y
CONFIG_TPM_TIS=y
CONFIG_TPM_TIS_SYSBUS=y
CONFIG_TULIP=y
CONFIG_UFS_PCI=y
CONFIG_UNIMP=y
CONFIG_USB=y
CONFIG_USB_AUDIO=y
CONFIG_USB_CANOKEY=y
CONFIG_USB_EHCI=y
CONFIG_USB_EHCI_PCI=y
CONFIG_USB_NETWORK=y
CONFIG_USB_OHCI=y
CONFIG_USB_OHCI_PCI=y
CONFIG_USB_SERIAL=y
CONFIG_USB_SMARTCARD=y
CONFIG_USB_STORAGE_BOT=y
CONFIG_USB_STORAGE_CLASSIC=y
CONFIG_USB_STORAGE_CORE=y
CONFIG_USB_STORAGE_MTP=y
CONFIG_USB_STORAGE_UAS=y
CONFIG_USB_TABLET_WACOM=y
CONFIG_USB_U2F=y
CONFIG_USB_UHCI=y
CONFIG_USB_XHCI=y
CONFIG_USB_XHCI_NEC=y
CONFIG_USB_XHCI_PCI=y
CONFIG_VFIO=y
CONFIG_VFIO_AMD_XGBE=y
CONFIG_VFIO_PCI=y
CONFIG_VFIO_PLATFORM=y
CONFIG_VFIO_XGMAC=y
CONFIG_VGA=y
CONFIG_VGA_CIRRUS=y
CONFIG_VGA_PCI=y
CONFIG_VHOST_SCSI=y
CONFIG_VHOST_SCSI_COMMON=y
CONFIG_VHOST_USER_BLK=y
CONFIG_VHOST_USER_FS=y
CONFIG_VHOST_USER_GPIO=y
CONFIG_VHOST_USER_GPU=y
CONFIG_VHOST_USER_I2C=y
CONFIG_VHOST_USER_INPUT=y
CONFIG_VHOST_USER_RNG=y
CONFIG_VHOST_USER_SCMI=y
CONFIG_VHOST_USER_SCSI=y
CONFIG_VHOST_USER_VGA=y
CONFIG_VHOST_USER_VSOCK=y
CONFIG_VHOST_VDPA_DEV=y
CONFIG_VHOST_VSOCK=y
CONFIG_VHOST_VSOCK_COMMON=y
CONFIG_VIRTIO=y
CONFIG_VIRTIO_9P=y
CONFIG_VIRTIO_BALLOON=y
CONFIG_VIRTIO_BLK=y
CONFIG_VIRTIO_CRYPTO=y
CONFIG_VIRTIO_GPU=y
CONFIG_VIRTIO_INPUT=y
CONFIG_VIRTIO_INPUT_HOST=y
CONFIG_VIRTIO_IOMMU=y
CONFIG_VIRTIO_MMIO=y
CONFIG_VIRTIO_NET=y
CONFIG_VIRTIO_PCI=y
CONFIG_VIRTIO_RNG=y
CONFIG_VIRTIO_SCSI=y
CONFIG_VIRTIO_SERIAL=y
CONFIG_VIRTIO_VGA=y
CONFIG_VMW_PVSCSI_SCSI_PCI=y
CONFIG_VMXNET3_PCI=y
CONFIG_WDT_IB6300ESB=y
CONFIG_XIO3130=y

--- stderr ---


Reading depfile: /home/srozhkov/develop/csqemu/build-lib/meson-private/riscv64-lib-softmmu-config-devices.mak.d
Configuring riscv64-lib-softmmu-config-devices.h using configuration
Program scripts/make-config-poison.sh found: YES (/home/srozhkov/develop/csqemu/scripts/make-config-poison.sh)
Pkg-config binary for 1 is cached.
Determining dependency 'capstone' with pkg-config executable '/usr/bin/pkg-config'
env[PKG_CONFIG_PATH]: 
Called `/usr/bin/pkg-config --modversion capstone` -> 1

Run-time dependency capstone found: NO (tried pkgconfig)
Running compile:
Working directory:  /home/srozhkov/develop/csqemu/build-lib/meson-private/tmpgpmxbp02
Command line:  cc -m64 -mcx16 /home/srozhkov/develop/csqemu/build-lib/meson-private/tmpgpmxbp02/testfile.c -o /home/srozhkov/develop/csqemu/build-lib/meson-private/tmpgpmxbp02/output.exe -D_FILE_OFFSET_BITS=64 -O0 -Wl,--start-group -lfdt -Wl,--end-group -Wl,--allow-shlib-undefined 

Code:
 int main(void) { return 0; }

Compiler stdout:
 
Compiler stderr:
 /usr/bin/ld: cannot find -lfdt: No such file or directory
collect2: error: ld returned 1 exit status

Library fdt found: NO

Executing subproject dtc 

Project name: dtc
Project version: 1.6.0
C compiler for the host machine: cc -m64 -mcx16 (gcc 11.4.0 "cc (Ubuntu 11.4.0-1ubuntu1~22.04) 11.4.0")
C linker for the host machine: cc -m64 -mcx16 ld.bfd 2.38
C compiler for the build machine: cc -m64 -mcx16 (gcc 11.4.0 "cc (Ubuntu 11.4.0-1ubuntu1~22.04) 11.4.0")
C linker for the build machine: cc -m64 -mcx16 ld.bfd 2.38
Running compile:
Working directory:  /home/srozhkov/develop/csqemu/build-lib/meson-private/tmpwny8vgy4
Command line:  cc -m64 -mcx16 /home/srozhkov/develop/csqemu/build-lib/meson-private/tmpwny8vgy4/testfile.c -o /home/srozhkov/develop/csqemu/build-lib/meson-private/tmpwny8vgy4/output.obj -c -D_FILE_OFFSET_BITS=64 -O0 -Wpointer-arith 

Code:
 extern int i;
int i;

Compiler stdout:
 
Compiler stderr:
 
Compiler for C supports arguments -Wpointer-arith: YES 
Running compile:
Working directory:  /home/srozhkov/develop/csqemu/build-lib/meson-private/tmpwjuls0mt
Command line:  cc -m64 -mcx16 /home/srozhkov/develop/csqemu/build-lib/meson-private/tmpwjuls0mt/testfile.c -o /home/srozhkov/develop/csqemu/build-lib/meson-private/tmpwjuls0mt/output.obj -c -D_FILE_OFFSET_BITS=64 -O0 -Wcast-qual 

Code:
 extern int i;
int i;

Compiler stdout:
 
Compiler stderr:
 
Compiler for C supports arguments -Wcast-qual: YES 
Using cached compile:
Cached command line:   

Code:
 extern int i;
int i;

Cached compiler stdout:
 
Cached compiler stderr:
 
Compiler for C supports arguments -Wnested-externs: YES (cached)
Using cached compile:
Cached command line:   

Code:
 extern int i;
int i;

Cached compiler stdout:
 
Cached compiler stderr:
 
Compiler for C supports arguments -Wstrict-prototypes: YES (cached)
Using cached compile:
Cached command line:   

Code:
 extern int i;
int i;

Cached compiler stdout:
 
Cached compiler stderr:
 
Compiler for C supports arguments -Wmissing-prototypes: YES (cached)
Using cached compile:
Cached command line:   

Code:
 extern int i;
int i;

Cached compiler stdout:
 
Cached compiler stderr:
 
Compiler for C supports arguments -Wredundant-decls: YES (cached)
Running compile:
Working directory:  /home/srozhkov/develop/csqemu/build-lib/meson-private/tmpwhfkj8i8
Command line:  cc -m64 -mcx16 /home/srozhkov/develop/csqemu/build-lib/meson-private/tmpwhfkj8i8/testfile.c -o /home/srozhkov/develop/csqemu/build-lib/meson-private/tmpwhfkj8i8/output.obj -c -D_FILE_OFFSET_BITS=64 -O0 -Wshadow 

Code:
 extern int i;
int i;

Compiler stdout:
 
Compiler stderr:
 
Compiler for C supports arguments -Wshadow: YES 
Dependency yaml-0.1 skipped: feature yaml disabled
Pkg-config binary for 1 is cached.
Determining dependency 'valgrind' with pkg-config executable '/usr/bin/pkg-config'
env[PKG_CONFIG_PATH]: 
Called `/usr/bin/pkg-config --modversion valgrind` -> 1

Run-time dependency valgrind found: NO (tried pkgconfig)
Program python found: NO (disabled by: python )
Program swig skipped: feature python disabled
Found git repository at /home/srozhkov/develop/csqemu/subprojects/dtc
Running compile:
Working directory:  /home/srozhkov/develop/csqemu/build-lib/meson-private/tmp46pulkyw
Command line:  cc -m64 -mcx16 /home/srozhkov/develop/csqemu/build-lib/meson-private/tmp46pulkyw/testfile.c -o /home/srozhkov/develop/csqemu/build-lib/meson-private/tmp46pulkyw/output.exe -D_FILE_OFFSET_BITS=64 -O0 -Wl,--fatal-warnings -Wl,--version-script=/home/srozhkov/develop/csqemu/subprojects/dtc/libfdt/version.lds 

Code:
 int main(void) { return 0; }

Compiler stdout:
 
Compiler stderr:
 
Compiler for C supports link arguments -Wl,--version-script=/home/srozhkov/develop/csqemu/subprojects/dtc/libfdt/version.lds: YES 
Build targets in project: 3
Subproject dtc finished.

Configuring config-host.h using configuration
Program scripts/hxtool found: YES (/home/srozhkov/develop/csqemu/scripts/hxtool)
Program scripts/shaderinclude.py found: YES (/home/srozhkov/develop/csqemu/build-lib/pyvenv/bin/python3 /home/srozhkov/develop/csqemu/scripts/shaderinclude.py)
Program scripts/qapi-gen.py found: YES (/home/srozhkov/develop/csqemu/build-lib/pyvenv/bin/python3 /home/srozhkov/develop/csqemu/scripts/qapi-gen.py)
Program scripts/qemu-version.sh found: YES (/home/srozhkov/develop/csqemu/scripts/qemu-version.sh)

Executing subproject libvhost-user 

Project name: libvhost-user
Project version: undefined
C compiler for the host machine: cc -m64 -mcx16 (gcc 11.4.0 "cc (Ubuntu 11.4.0-1ubuntu1~22.04) 11.4.0")
C linker for the host machine: cc -m64 -mcx16 ld.bfd 2.38
C compiler for the build machine: cc -m64 -mcx16 (gcc 11.4.0 "cc (Ubuntu 11.4.0-1ubuntu1~22.04) 11.4.0")
C linker for the build machine: cc -m64 -mcx16 ld.bfd 2.38
Running compile:
Working directory:  /home/srozhkov/develop/csqemu/build-lib/meson-private/tmp30b05_lr
Command line:  cc -m64 -mcx16 /home/srozhkov/develop/csqemu/build-lib/meson-private/tmp30b05_lr/testfile.c -o /home/srozhkov/develop/csqemu/build-lib/meson-private/tmp30b05_lr/output.obj -c -D_FILE_OFFSET_BITS=64 -O0 -Wsign-compare 

Code:
 extern int i;
int i;

Compiler stdout:
 
Compiler stderr:
 
Compiler for C supports arguments -Wsign-compare: YES 
Running compile:
Working directory:  /home/srozhkov/develop/csqemu/build-lib/meson-private/tmpm2auppe_
Command line:  cc -m64 -mcx16 /home/srozhkov/develop/csqemu/build-lib/meson-private/tmpm2auppe_/testfile.c -o /home/srozhkov/develop/csqemu/build-lib/meson-private/tmpm2auppe_/output.obj -c -D_FILE_OFFSET_BITS=64 -O0 -Wdeclaration-after-statement 

Code:
 extern int i;
int i;

Compiler stdout:
 
Compiler stderr:
 
Compiler for C supports arguments -Wdeclaration-after-statement: YES 
Running compile:
Working directory:  /home/srozhkov/develop/csqemu/build-lib/meson-private/tmpgdqg9jz6
Command line:  cc -m64 -mcx16 /home/srozhkov/develop/csqemu/build-lib/meson-private/tmpgdqg9jz6/testfile.c -o /home/srozhkov/develop/csqemu/build-lib/meson-private/tmpgdqg9jz6/output.obj -c -D_FILE_OFFSET_BITS=64 -O0 -Wstrict-aliasing 

Code:
 extern int i;
int i;

Compiler stdout:
 
Compiler stderr:
 
Compiler for C supports arguments -Wstrict-aliasing: YES 
Dependency threads found: YES unknown (cached)
Dependency glib-2.0 found: YES 2.72.4 (overridden)
Build targets in project: 11
Subproject libvhost-user finished.


Executing subproject libvduse 

Project name: libvduse
Project version: undefined
C compiler for the host machine: cc -m64 -mcx16 (gcc 11.4.0 "cc (Ubuntu 11.4.0-1ubuntu1~22.04) 11.4.0")
C linker for the host machine: cc -m64 -mcx16 ld.bfd 2.38
C compiler for the build machine: cc -m64 -mcx16 (gcc 11.4.0 "cc (Ubuntu 11.4.0-1ubuntu1~22.04) 11.4.0")
C linker for the build machine: cc -m64 -mcx16 ld.bfd 2.38
Using cached compile:
Cached command line:   

Code:
 extern int i;
int i;

Cached compiler stdout:
 
Cached compiler stderr:
 
Compiler for C supports arguments -Wsign-compare: YES (cached)
Using cached compile:
Cached command line:   

Code:
 extern int i;
int i;

Cached compiler stdout:
 
Cached compiler stderr:
 
Compiler for C supports arguments -Wdeclaration-after-statement: YES (cached)
Using cached compile:
Cached command line:   

Code:
 extern int i;
int i;

Cached compiler stdout:
 
Cached compiler stderr:
 
Compiler for C supports arguments -Wstrict-aliasing: YES (cached)
Build targets in project: 12
Subproject libvduse finished.


Executing subproject keycodemapdb 

Project name: keycodemapdb
Project version: undefined
Program tools/keymap-gen found: YES (/home/srozhkov/develop/csqemu/subprojects/keycodemapdb/tools/keymap-gen)
Build targets in project: 273
Subproject keycodemapdb finished.

Program scripts/decodetree.py found: YES (/home/srozhkov/develop/csqemu/build-lib/pyvenv/bin/python3 /home/srozhkov/develop/csqemu/scripts/decodetree.py)
Program ../scripts/modules/module_block.py found: YES (/home/srozhkov/develop/csqemu/build-lib/pyvenv/bin/python3 /home/srozhkov/develop/csqemu/block/../scripts/modules/module_block.py)
Program ../scripts/block-coroutine-wrapper.py found: YES (/home/srozhkov/develop/csqemu/build-lib/pyvenv/bin/python3 /home/srozhkov/develop/csqemu/block/../scripts/block-coroutine-wrapper.py)
Program scripts/modinfo-collect.py found: YES (/home/srozhkov/develop/csqemu/build-lib/pyvenv/bin/python3 /home/srozhkov/develop/csqemu/scripts/modinfo-collect.py)
Program scripts/modinfo-generate.py found: YES (/home/srozhkov/develop/csqemu/build-lib/pyvenv/bin/python3 /home/srozhkov/develop/csqemu/scripts/modinfo-generate.py)
Program nm found: YES
Program scripts/undefsym.py found: YES (/home/srozhkov/develop/csqemu/build-lib/pyvenv/bin/python3 /home/srozhkov/develop/csqemu/scripts/undefsym.py)
Program scripts/feature_to_c.py found: YES (/home/srozhkov/develop/csqemu/build-lib/pyvenv/bin/python3 /home/srozhkov/develop/csqemu/scripts/feature_to_c.py)
Adding test "xml-preprocess"
Program dtc found: NO
Program qemu-keymap found: NO
Program /home/srozhkov/develop/csqemu/build-lib/pyvenv/bin/sphinx-build skipped: feature docs disabled
Adding benchmark "benchmark-crypto-hash"
Adding benchmark "benchmark-crypto-hmac"
Adding benchmark "benchmark-crypto-cipher"
Adding benchmark "benchmark-crypto-akcipher"
Running command: /usr/bin/bash --version
--- stdout ---
GNU bash, version 5.1.16(1)-release (x86_64-pc-linux-gnu)
Copyright (C) 2020 Free Software Foundation, Inc.
License GPLv3+: GNU GPL version 3 or later <http://gnu.org/licenses/gpl.html>

This is free software; you are free to change and redistribute it.
There is NO WARRANTY, to the extent permitted by law.

--- stderr ---


Program bash found: YES 5.1.16 (/usr/bin/bash)
Running command: /home/srozhkov/develop/csqemu/build-lib/pyvenv/bin/python3 /home/srozhkov/develop/csqemu/tests/qemu-iotests/check -tap -qcow2 -g auto -n
--- stdout ---
001
002
003
004
005
007
008
009
010
011
012
013
017
018
019
020
021
022
024
025
027
029
031
032
033
034
035
036
037
038
039
040
041
042
043
046
047
048
049
050
052
053
054
060
061
062
063
066
069
071
072
073
074
079
080
086
089
090
097
098
099
103
104
105
107
108
110
111
114
117
120
126
127
133
134
137
138
140
141
143
150
154
156
158
159
161
170
172
174
176
177
179
181
184
186
187
190
191
192
195
203
214
217
220
226
229
244
249
251
252
256
265
267
268
271
283
287
290
292
299
313
copy-before-write
detect-zeroes-registered-buf
iothreads-commit-active
iothreads-resize
nbd-multiconn
nbd-qemu-allocation
qemu-img-close-errors
qsd-jobs
regression-vhdx-log

--- stderr ---


Adding test "io-qcow2-001"
Adding test "io-qcow2-002"
Adding test "io-qcow2-003"
Adding test "io-qcow2-004"
Adding test "io-qcow2-005"
Adding test "io-qcow2-007"
Adding test "io-qcow2-008"
Adding test "io-qcow2-009"
Adding test "io-qcow2-010"
Adding test "io-qcow2-011"
Adding test "io-qcow2-012"
Adding test "io-qcow2-013"
Adding test "io-qcow2-017"
Adding test "io-qcow2-018"
Adding test "io-qcow2-019"
Adding test "io-qcow2-020"
Adding test "io-qcow2-021"
Adding test "io-qcow2-022"
Adding test "io-qcow2-024"
Adding test "io-qcow2-025"
Adding test "io-qcow2-027"
Adding test "io-qcow2-029"
Adding test "io-qcow2-031"
Adding test "io-qcow2-032"
Adding test "io-qcow2-033"
Adding test "io-qcow2-034"
Adding test "io-qcow2-035"
Adding test "io-qcow2-036"
Adding test "io-qcow2-037"
Adding test "io-qcow2-038"
Adding test "io-qcow2-039"
Adding test "io-qcow2-040"
Adding test "io-qcow2-041"
Adding test "io-qcow2-042"
Adding test "io-qcow2-043"
Adding test "io-qcow2-046"
Adding test "io-qcow2-047"
Adding test "io-qcow2-048"
Adding test "io-qcow2-049"
Adding test "io-qcow2-050"
Adding test "io-qcow2-052"
Adding test "io-qcow2-053"
Adding test "io-qcow2-054"
Adding test "io-qcow2-060"
Adding test "io-qcow2-061"
Adding test "io-qcow2-062"
Adding test "io-qcow2-063"
Adding test "io-qcow2-066"
Adding test "io-qcow2-069"
Adding test "io-qcow2-071"
Adding test "io-qcow2-072"
Adding test "io-qcow2-073"
Adding test "io-qcow2-074"
Adding test "io-qcow2-079"
Adding test "io-qcow2-080"
Adding test "io-qcow2-086"
Adding test "io-qcow2-089"
Adding test "io-qcow2-090"
Adding test "io-qcow2-097"
Adding test "io-qcow2-098"
Adding test "io-qcow2-099"
Adding test "io-qcow2-103"
Adding test "io-qcow2-104"
Adding test "io-qcow2-105"
Adding test "io-qcow2-107"
Adding test "io-qcow2-108"
Adding test "io-qcow2-110"
Adding test "io-qcow2-111"
Adding test "io-qcow2-114"
Adding test "io-qcow2-117"
Adding test "io-qcow2-120"
Adding test "io-qcow2-126"
Adding test "io-qcow2-127"
Adding test "io-qcow2-133"
Adding test "io-qcow2-134"
Adding test "io-qcow2-137"
Adding test "io-qcow2-138"
Adding test "io-qcow2-140"
Adding test "io-qcow2-141"
Adding test "io-qcow2-143"
Adding test "io-qcow2-150"
Adding test "io-qcow2-154"
Adding test "io-qcow2-156"
Adding test "io-qcow2-158"
Adding test "io-qcow2-159"
Adding test "io-qcow2-161"
Adding test "io-qcow2-170"
Adding test "io-qcow2-172"
Adding test "io-qcow2-174"
Adding test "io-qcow2-176"
Adding test "io-qcow2-177"
Adding test "io-qcow2-179"
Adding test "io-qcow2-181"
Adding test "io-qcow2-184"
Adding test "io-qcow2-186"
Adding test "io-qcow2-187"
Adding test "io-qcow2-190"
Adding test "io-qcow2-191"
Adding test "io-qcow2-192"
Adding test "io-qcow2-195"
Adding test "io-qcow2-203"
Adding test "io-qcow2-214"
Adding test "io-qcow2-217"
Adding test "io-qcow2-220"
Adding test "io-qcow2-226"
Adding test "io-qcow2-229"
Adding test "io-qcow2-244"
Adding test "io-qcow2-249"
Adding test "io-qcow2-251"
Adding test "io-qcow2-252"
Adding test "io-qcow2-256"
Adding test "io-qcow2-265"
Adding test "io-qcow2-267"
Adding test "io-qcow2-268"
Adding test "io-qcow2-271"
Adding test "io-qcow2-283"
Adding test "io-qcow2-287"
Adding test "io-qcow2-290"
Adding test "io-qcow2-292"
Adding test "io-qcow2-299"
Adding test "io-qcow2-313"
Adding test "io-qcow2-copy-before-write"
Adding test "io-qcow2-detect-zeroes-registered-buf"
Adding test "io-qcow2-iothreads-commit-active"
Adding test "io-qcow2-iothreads-resize"
Adding test "io-qcow2-nbd-multiconn"
Adding test "io-qcow2-nbd-qemu-allocation"
Adding test "io-qcow2-qemu-img-close-errors"
Adding test "io-qcow2-qsd-jobs"
Adding test "io-qcow2-regression-vhdx-log"
Running command: /home/srozhkov/develop/csqemu/build-lib/pyvenv/bin/python3 /home/srozhkov/develop/csqemu/tests/qemu-iotests/check -tap -raw -n
--- stdout ---
001
002
003
004
005
007
008
009
010
011
012
013
014
015
017
018
019
020
021
022
023
024
025
026
027
028
029
030
031
032
033
034
035
036
037
038
039
040
041
042
043
044
045
046
047
048
049
050
051
052
053
054
055
056
057
058
059
060
061
062
063
064
065
066
068
069
070
071
072
073
074
075
076
077
078
079
080
081
082
083
084
085
086
087
088
089
090
091
092
093
094
095
096
097
098
099
101
102
103
104
105
106
107
108
109
110
111
112
113
114
115
116
117
118
119
120
121
122
123
124
125
126
127
128
129
130
131
132
133
134
135
136
137
138
139
140
141
142
143
144
145
146
147
148
149
150
151
152
153
154
155
156
157
158
159
160
161
162
163
165
170
171
172
173
174
175
176
177
178
179
181
182
183
184
185
186
187
188
189
190
191
192
194
195
196
197
198
200
201
202
203
204
205
206
207
208
209
210
211
212
213
214
215
216
217
218
219
220
221
223
224
225
226
227
228
229
231
232
233
234
235
236
237
238
239
240
241
242
243
244
245
246
247
248
249
250
251
252
253
254
255
256
257
258
259
260
261
262
263
264
265
266
267
268
270
271
272
273
274
277
279
280
281
282
283
284
286
287
288
289
290
292
293
294
295
296
297
298
299
300
301
302
303
304
305
307
308
310
312
313
backing-file-invalidation
block-status-cache
copy-before-write
detect-zeroes-registered-buf
export-incoming-iothread
file-io-error
fuse-allow-other
graph-changes-while-io
image-fleecing
iothreads-commit-active
iothreads-create
iothreads-resize
iov-padding
migrate-bitmaps-postcopy-test
migrate-bitmaps-test
migrate-during-backup
migration-permissions
mirror-ready-cancel-error
mirror-top-perms
nbd-multiconn
nbd-qemu-allocation
nbd-reconnect-on-open
parallels-checks
parallels-read-bitmap
qemu-img-bitmaps
qemu-img-close-errors
qsd-jobs
regression-vhdx-log
remove-bitmap-from-backing
reopen-file
stream-error-on-reset
stream-under-throttle
zoned

--- stderr ---


Adding test "io-raw-001"
Adding test "io-raw-002"
Adding test "io-raw-003"
Adding test "io-raw-004"
Adding test "io-raw-005"
Adding test "io-raw-007"
Adding test "io-raw-008"
Adding test "io-raw-009"
Adding test "io-raw-010"
Adding test "io-raw-011"
Adding test "io-raw-012"
Adding test "io-raw-013"
Adding test "io-raw-014"
Adding test "io-raw-015"
Adding test "io-raw-017"
Adding test "io-raw-018"
Adding test "io-raw-019"
Adding test "io-raw-020"
Adding test "io-raw-021"
Adding test "io-raw-022"
Adding test "io-raw-023"
Adding test "io-raw-024"
Adding test "io-raw-025"
Adding test "io-raw-026"
Adding test "io-raw-027"
Adding test "io-raw-028"
Adding test "io-raw-029"
Adding test "io-raw-030"
Adding test "io-raw-031"
Adding test "io-raw-032"
Adding test "io-raw-033"
Adding test "io-raw-034"
Adding test "io-raw-035"
Adding test "io-raw-036"
Adding test "io-raw-037"
Adding test "io-raw-038"
Adding test "io-raw-039"
Adding test "io-raw-040"
Adding test "io-raw-041"
Adding test "io-raw-042"
Adding test "io-raw-043"
Adding test "io-raw-044"
Adding test "io-raw-045"
Adding test "io-raw-046"
Adding test "io-raw-047"
Adding test "io-raw-048"
Adding test "io-raw-049"
Adding test "io-raw-050"
Adding test "io-raw-051"
Adding test "io-raw-052"
Adding test "io-raw-053"
Adding test "io-raw-054"
Adding test "io-raw-055"
Adding test "io-raw-056"
Adding test "io-raw-057"
Adding test "io-raw-058"
Adding test "io-raw-059"
Adding test "io-raw-060"
Adding test "io-raw-061"
Adding test "io-raw-062"
Adding test "io-raw-063"
Adding test "io-raw-064"
Adding test "io-raw-065"
Adding test "io-raw-066"
Adding test "io-raw-068"
Adding test "io-raw-069"
Adding test "io-raw-070"
Adding test "io-raw-071"
Adding test "io-raw-072"
Adding test "io-raw-073"
Adding test "io-raw-074"
Adding test "io-raw-075"
Adding test "io-raw-076"
Adding test "io-raw-077"
Adding test "io-raw-078"
Adding test "io-raw-079"
Adding test "io-raw-080"
Adding test "io-raw-081"
Adding test "io-raw-082"
Adding test "io-raw-083"
Adding test "io-raw-084"
Adding test "io-raw-085"
Adding test "io-raw-086"
Adding test "io-raw-087"
Adding test "io-raw-088"
Adding test "io-raw-089"
Adding test "io-raw-090"
Adding test "io-raw-091"
Adding test "io-raw-092"
Adding test "io-raw-093"
Adding test "io-raw-094"
Adding test "io-raw-095"
Adding test "io-raw-096"
Adding test "io-raw-097"
Adding test "io-raw-098"
Adding test "io-raw-099"
Adding test "io-raw-101"
Adding test "io-raw-102"
Adding test "io-raw-103"
Adding test "io-raw-104"
Adding test "io-raw-105"
Adding test "io-raw-106"
Adding test "io-raw-107"
Adding test "io-raw-108"
Adding test "io-raw-109"
Adding test "io-raw-110"
Adding test "io-raw-111"
Adding test "io-raw-112"
Adding test "io-raw-113"
Adding test "io-raw-114"
Adding test "io-raw-115"
Adding test "io-raw-116"
Adding test "io-raw-117"
Adding test "io-raw-118"
Adding test "io-raw-119"
Adding test "io-raw-120"
Adding test "io-raw-121"
Adding test "io-raw-122"
Adding test "io-raw-123"
Adding test "io-raw-124"
Adding test "io-raw-125"
Adding test "io-raw-126"
Adding test "io-raw-127"
Adding test "io-raw-128"
Adding test "io-raw-129"
Adding test "io-raw-130"
Adding test "io-raw-131"
Adding test "io-raw-132"
Adding test "io-raw-133"
Adding test "io-raw-134"
Adding test "io-raw-135"
Adding test "io-raw-136"
Adding test "io-raw-137"
Adding test "io-raw-138"
Adding test "io-raw-139"
Adding test "io-raw-140"
Adding test "io-raw-141"
Adding test "io-raw-142"
Adding test "io-raw-143"
Adding test "io-raw-144"
Adding test "io-raw-145"
Adding test "io-raw-146"
Adding test "io-raw-147"
Adding test "io-raw-148"
Adding test "io-raw-149"
Adding test "io-raw-150"
Adding test "io-raw-151"
Adding test "io-raw-152"
Adding test "io-raw-153"
Adding test "io-raw-154"
Adding test "io-raw-155"
Adding test "io-raw-156"
Adding test "io-raw-157"
Adding test "io-raw-158"
Adding test "io-raw-159"
Adding test "io-raw-160"
Adding test "io-raw-161"
Adding test "io-raw-162"
Adding test "io-raw-163"
Adding test "io-raw-165"
Adding test "io-raw-170"
Adding test "io-raw-171"
Adding test "io-raw-172"
Adding test "io-raw-173"
Adding test "io-raw-174"
Adding test "io-raw-175"
Adding test "io-raw-176"
Adding test "io-raw-177"
Adding test "io-raw-178"
Adding test "io-raw-179"
Adding test "io-raw-181"
Adding test "io-raw-182"
Adding test "io-raw-183"
Adding test "io-raw-184"
Adding test "io-raw-185"
Adding test "io-raw-186"
Adding test "io-raw-187"
Adding test "io-raw-188"
Adding test "io-raw-189"
Adding test "io-raw-190"
Adding test "io-raw-191"
Adding test "io-raw-192"
Adding test "io-raw-194"
Adding test "io-raw-195"
Adding test "io-raw-196"
Adding test "io-raw-197"
Adding test "io-raw-198"
Adding test "io-raw-200"
Adding test "io-raw-201"
Adding test "io-raw-202"
Adding test "io-raw-203"
Adding test "io-raw-204"
Adding test "io-raw-205"
Adding test "io-raw-206"
Adding test "io-raw-207"
Adding test "io-raw-208"
Adding test "io-raw-209"
Adding test "io-raw-210"
Adding test "io-raw-211"
Adding test "io-raw-212"
Adding test "io-raw-213"
Adding test "io-raw-214"
Adding test "io-raw-215"
Adding test "io-raw-216"
Adding test "io-raw-217"
Adding test "io-raw-218"
Adding test "io-raw-219"
Adding test "io-raw-220"
Adding test "io-raw-221"
Adding test "io-raw-223"
Adding test "io-raw-224"
Adding test "io-raw-225"
Adding test "io-raw-226"
Adding test "io-raw-227"
Adding test "io-raw-228"
Adding test "io-raw-229"
Adding test "io-raw-231"
Adding test "io-raw-232"
Adding test "io-raw-233"
Adding test "io-raw-234"
Adding test "io-raw-235"
Adding test "io-raw-236"
Adding test "io-raw-237"
Adding test "io-raw-238"
Adding test "io-raw-239"
Adding test "io-raw-240"
Adding test "io-raw-241"
Adding test "io-raw-242"
Adding test "io-raw-243"
Adding test "io-raw-244"
Adding test "io-raw-245"
Adding test "io-raw-246"
Adding test "io-raw-247"
Adding test "io-raw-248"
Adding test "io-raw-249"
Adding test "io-raw-250"
Adding test "io-raw-251"
Adding test "io-raw-252"
Adding test "io-raw-253"
Adding test "io-raw-254"
Adding test "io-raw-255"
Adding test "io-raw-256"
Adding test "io-raw-257"
Adding test "io-raw-258"
Adding test "io-raw-259"
Adding test "io-raw-260"
Adding test "io-raw-261"
Adding test "io-raw-262"
Adding test "io-raw-263"
Adding test "io-raw-264"
Adding test "io-raw-265"
Adding test "io-raw-266"
Adding test "io-raw-267"
Adding test "io-raw-268"
Adding test "io-raw-270"
Adding test "io-raw-271"
Adding test "io-raw-272"
Adding test "io-raw-273"
Adding test "io-raw-274"
Adding test "io-raw-277"
Adding test "io-raw-279"
Adding test "io-raw-280"
Adding test "io-raw-281"
Adding test "io-raw-282"
Adding test "io-raw-283"
Adding test "io-raw-284"
Adding test "io-raw-286"
Adding test "io-raw-287"
Adding test "io-raw-288"
Adding test "io-raw-289"
Adding test "io-raw-290"
Adding test "io-raw-292"
Adding test "io-raw-293"
Adding test "io-raw-294"
Adding test "io-raw-295"
Adding test "io-raw-296"
Adding test "io-raw-297"
Adding test "io-raw-298"
Adding test "io-raw-299"
Adding test "io-raw-300"
Adding test "io-raw-301"
Adding test "io-raw-302"
Adding test "io-raw-303"
Adding test "io-raw-304"
Adding test "io-raw-305"
Adding test "io-raw-307"
Adding test "io-raw-308"
Adding test "io-raw-310"
Adding test "io-raw-312"
Adding test "io-raw-313"
Adding test "io-raw-backing-file-invalidation"
Adding test "io-raw-block-status-cache"
Adding test "io-raw-copy-before-write"
Adding test "io-raw-detect-zeroes-registered-buf"
Adding test "io-raw-export-incoming-iothread"
Adding test "io-raw-file-io-error"
Adding test "io-raw-fuse-allow-other"
Adding test "io-raw-graph-changes-while-io"
Adding test "io-raw-image-fleecing"
Adding test "io-raw-iothreads-commit-active"
Adding test "io-raw-iothreads-create"
Adding test "io-raw-iothreads-resize"
Adding test "io-raw-iov-padding"
Adding test "io-raw-migrate-bitmaps-postcopy-test"
Adding test "io-raw-migrate-bitmaps-test"
Adding test "io-raw-migrate-during-backup"
Adding test "io-raw-migration-permissions"
Adding test "io-raw-mirror-ready-cancel-error"
Adding test "io-raw-mirror-top-perms"
Adding test "io-raw-nbd-multiconn"
Adding test "io-raw-nbd-qemu-allocation"
Adding test "io-raw-nbd-reconnect-on-open"
Adding test "io-raw-parallels-checks"
Adding test "io-raw-parallels-read-bitmap"
Adding test "io-raw-qemu-img-bitmaps"
Adding test "io-raw-qemu-img-close-errors"
Adding test "io-raw-qsd-jobs"
Adding test "io-raw-regression-vhdx-log"
Adding test "io-raw-remove-bitmap-from-backing"
Adding test "io-raw-reopen-file"
Adding test "io-raw-stream-error-on-reset"
Adding test "io-raw-stream-under-throttle"
Adding test "io-raw-zoned"
Running command: /home/srozhkov/develop/csqemu/build-lib/pyvenv/bin/python3 /home/srozhkov/develop/csqemu/tests/qemu-iotests/check -tap -qed -n
--- stdout ---
001
002
003
004
005
007
008
009
010
011
012
013
014
015
017
018
019
020
021
022
023
024
025
026
027
028
029
030
031
032
033
034
035
036
037
038
039
040
041
042
043
044
045
046
047
048
049
050
051
052
053
054
055
056
057
058
059
060
061
062
063
064
065
066
068
069
070
071
072
073
074
075
076
077
078
079
080
081
082
083
084
085
086
087
088
089
090
091
092
093
094
095
096
097
098
099
101
102
103
104
105
106
107
108
109
110
111
112
113
114
115
116
117
118
119
120
121
122
123
124
125
126
127
128
129
130
131
132
133
134
135
136
137
138
139
140
141
142
143
144
145
146
147
148
149
150
151
152
153
154
155
156
157
158
159
160
161
162
163
165
170
171
172
173
174
175
176
177
178
179
181
182
183
184
185
186
187
188
189
190
191
192
194
195
196
197
198
200
201
202
203
204
205
206
207
208
209
210
211
212
213
214
215
216
217
218
219
220
221
223
224
225
226
227
228
229
231
232
233
234
235
236
237
238
239
240
241
242
243
244
245
246
247
248
249
250
251
252
253
254
255
256
257
258
259
260
261
262
263
264
265
266
267
268
270
271
272
273
274
277
279
280
281
282
283
284
286
287
288
289
290
292
293
294
295
296
297
298
299
300
301
302
303
304
305
307
308
310
312
313
backing-file-invalidation
block-status-cache
copy-before-write
detect-zeroes-registered-buf
export-incoming-iothread
file-io-error
fuse-allow-other
graph-changes-while-io
image-fleecing
iothreads-commit-active
iothreads-create
iothreads-resize
iov-padding
migrate-bitmaps-postcopy-test
migrate-bitmaps-test
migrate-during-backup
migration-permissions
mirror-ready-cancel-error
mirror-top-perms
nbd-multiconn
nbd-qemu-allocation
nbd-reconnect-on-open
parallels-checks
parallels-read-bitmap
qemu-img-bitmaps
qemu-img-close-errors
qsd-jobs
regression-vhdx-log
remove-bitmap-from-backing
reopen-file
stream-error-on-reset
stream-under-throttle
zoned

--- stderr ---


Adding test "io-qed-001"
Adding test "io-qed-002"
Adding test "io-qed-003"
Adding test "io-qed-004"
Adding test "io-qed-005"
Adding test "io-qed-007"
Adding test "io-qed-008"
Adding test "io-qed-009"
Adding test "io-qed-010"
Adding test "io-qed-011"
Adding test "io-qed-012"
Adding test "io-qed-013"
Adding test "io-qed-014"
Adding test "io-qed-015"
Adding test "io-qed-017"
Adding test "io-qed-018"
Adding test "io-qed-019"
Adding test "io-qed-020"
Adding test "io-qed-021"
Adding test "io-qed-022"
Adding test "io-qed-023"
Adding test "io-qed-024"
Adding test "io-qed-025"
Adding test "io-qed-026"
Adding test "io-qed-027"
Adding test "io-qed-028"
Adding test "io-qed-029"
Adding test "io-qed-030"
Adding test "io-qed-031"
Adding test "io-qed-032"
Adding test "io-qed-033"
Adding test "io-qed-034"
Adding test "io-qed-035"
Adding test "io-qed-036"
Adding test "io-qed-037"
Adding test "io-qed-038"
Adding test "io-qed-039"
Adding test "io-qed-040"
Adding test "io-qed-041"
Adding test "io-qed-042"
Adding test "io-qed-043"
Adding test "io-qed-044"
Adding test "io-qed-045"
Adding test "io-qed-046"
Adding test "io-qed-047"
Adding test "io-qed-048"
Adding test "io-qed-049"
Adding test "io-qed-050"
Adding test "io-qed-051"
Adding test "io-qed-052"
Adding test "io-qed-053"
Adding test "io-qed-054"
Adding test "io-qed-055"
Adding test "io-qed-056"
Adding test "io-qed-057"
Adding test "io-qed-058"
Adding test "io-qed-059"
Adding test "io-qed-060"
Adding test "io-qed-061"
Adding test "io-qed-062"
Adding test "io-qed-063"
Adding test "io-qed-064"
Adding test "io-qed-065"
Adding test "io-qed-066"
Adding test "io-qed-068"
Adding test "io-qed-069"
Adding test "io-qed-070"
Adding test "io-qed-071"
Adding test "io-qed-072"
Adding test "io-qed-073"
Adding test "io-qed-074"
Adding test "io-qed-075"
Adding test "io-qed-076"
Adding test "io-qed-077"
Adding test "io-qed-078"
Adding test "io-qed-079"
Adding test "io-qed-080"
Adding test "io-qed-081"
Adding test "io-qed-082"
Adding test "io-qed-083"
Adding test "io-qed-084"
Adding test "io-qed-085"
Adding test "io-qed-086"
Adding test "io-qed-087"
Adding test "io-qed-088"
Adding test "io-qed-089"
Adding test "io-qed-090"
Adding test "io-qed-091"
Adding test "io-qed-092"
Adding test "io-qed-093"
Adding test "io-qed-094"
Adding test "io-qed-095"
Adding test "io-qed-096"
Adding test "io-qed-097"
Adding test "io-qed-098"
Adding test "io-qed-099"
Adding test "io-qed-101"
Adding test "io-qed-102"
Adding test "io-qed-103"
Adding test "io-qed-104"
Adding test "io-qed-105"
Adding test "io-qed-106"
Adding test "io-qed-107"
Adding test "io-qed-108"
Adding test "io-qed-109"
Adding test "io-qed-110"
Adding test "io-qed-111"
Adding test "io-qed-112"
Adding test "io-qed-113"
Adding test "io-qed-114"
Adding test "io-qed-115"
Adding test "io-qed-116"
Adding test "io-qed-117"
Adding test "io-qed-118"
Adding test "io-qed-119"
Adding test "io-qed-120"
Adding test "io-qed-121"
Adding test "io-qed-122"
Adding test "io-qed-123"
Adding test "io-qed-124"
Adding test "io-qed-125"
Adding test "io-qed-126"
Adding test "io-qed-127"
Adding test "io-qed-128"
Adding test "io-qed-129"
Adding test "io-qed-130"
Adding test "io-qed-131"
Adding test "io-qed-132"
Adding test "io-qed-133"
Adding test "io-qed-134"
Adding test "io-qed-135"
Adding test "io-qed-136"
Adding test "io-qed-137"
Adding test "io-qed-138"
Adding test "io-qed-139"
Adding test "io-qed-140"
Adding test "io-qed-141"
Adding test "io-qed-142"
Adding test "io-qed-143"
Adding test "io-qed-144"
Adding test "io-qed-145"
Adding test "io-qed-146"
Adding test "io-qed-147"
Adding test "io-qed-148"
Adding test "io-qed-149"
Adding test "io-qed-150"
Adding test "io-qed-151"
Adding test "io-qed-152"
Adding test "io-qed-153"
Adding test "io-qed-154"
Adding test "io-qed-155"
Adding test "io-qed-156"
Adding test "io-qed-157"
Adding test "io-qed-158"
Adding test "io-qed-159"
Adding test "io-qed-160"
Adding test "io-qed-161"
Adding test "io-qed-162"
Adding test "io-qed-163"
Adding test "io-qed-165"
Adding test "io-qed-170"
Adding test "io-qed-171"
Adding test "io-qed-172"
Adding test "io-qed-173"
Adding test "io-qed-174"
Adding test "io-qed-175"
Adding test "io-qed-176"
Adding test "io-qed-177"
Adding test "io-qed-178"
Adding test "io-qed-179"
Adding test "io-qed-181"
Adding test "io-qed-182"
Adding test "io-qed-183"
Adding test "io-qed-184"
Adding test "io-qed-185"
Adding test "io-qed-186"
Adding test "io-qed-187"
Adding test "io-qed-188"
Adding test "io-qed-189"
Adding test "io-qed-190"
Adding test "io-qed-191"
Adding test "io-qed-192"
Adding test "io-qed-194"
Adding test "io-qed-195"
Adding test "io-qed-196"
Adding test "io-qed-197"
Adding test "io-qed-198"
Adding test "io-qed-200"
Adding test "io-qed-201"
Adding test "io-qed-202"
Adding test "io-qed-203"
Adding test "io-qed-204"
Adding test "io-qed-205"
Adding test "io-qed-206"
Adding test "io-qed-207"
Adding test "io-qed-208"
Adding test "io-qed-209"
Adding test "io-qed-210"
Adding test "io-qed-211"
Adding test "io-qed-212"
Adding test "io-qed-213"
Adding test "io-qed-214"
Adding test "io-qed-215"
Adding test "io-qed-216"
Adding test "io-qed-217"
Adding test "io-qed-218"
Adding test "io-qed-219"
Adding test "io-qed-220"
Adding test "io-qed-221"
Adding test "io-qed-223"
Adding test "io-qed-224"
Adding test "io-qed-225"
Adding test "io-qed-226"
Adding test "io-qed-227"
Adding test "io-qed-228"
Adding test "io-qed-229"
Adding test "io-qed-231"
Adding test "io-qed-232"
Adding test "io-qed-233"
Adding test "io-qed-234"
Adding test "io-qed-235"
Adding test "io-qed-236"
Adding test "io-qed-237"
Adding test "io-qed-238"
Adding test "io-qed-239"
Adding test "io-qed-240"
Adding test "io-qed-241"
Adding test "io-qed-242"
Adding test "io-qed-243"
Adding test "io-qed-244"
Adding test "io-qed-245"
Adding test "io-qed-246"
Adding test "io-qed-247"
Adding test "io-qed-248"
Adding test "io-qed-249"
Adding test "io-qed-250"
Adding test "io-qed-251"
Adding test "io-qed-252"
Adding test "io-qed-253"
Adding test "io-qed-254"
Adding test "io-qed-255"
Adding test "io-qed-256"
Adding test "io-qed-257"
Adding test "io-qed-258"
Adding test "io-qed-259"
Adding test "io-qed-260"
Adding test "io-qed-261"
Adding test "io-qed-262"
Adding test "io-qed-263"
Adding test "io-qed-264"
Adding test "io-qed-265"
Adding test "io-qed-266"
Adding test "io-qed-267"
Adding test "io-qed-268"
Adding test "io-qed-270"
Adding test "io-qed-271"
Adding test "io-qed-272"
Adding test "io-qed-273"
Adding test "io-qed-274"
Adding test "io-qed-277"
Adding test "io-qed-279"
Adding test "io-qed-280"
Adding test "io-qed-281"
Adding test "io-qed-282"
Adding test "io-qed-283"
Adding test "io-qed-284"
Adding test "io-qed-286"
Adding test "io-qed-287"
Adding test "io-qed-288"
Adding test "io-qed-289"
Adding test "io-qed-290"
Adding test "io-qed-292"
Adding test "io-qed-293"
Adding test "io-qed-294"
Adding test "io-qed-295"
Adding test "io-qed-296"
Adding test "io-qed-297"
Adding test "io-qed-298"
Adding test "io-qed-299"
Adding test "io-qed-300"
Adding test "io-qed-301"
Adding test "io-qed-302"
Adding test "io-qed-303"
Adding test "io-qed-304"
Adding test "io-qed-305"
Adding test "io-qed-307"
Adding test "io-qed-308"
Adding test "io-qed-310"
Adding test "io-qed-312"
Adding test "io-qed-313"
Adding test "io-qed-backing-file-invalidation"
Adding test "io-qed-block-status-cache"
Adding test "io-qed-copy-before-write"
Adding test "io-qed-detect-zeroes-registered-buf"
Adding test "io-qed-export-incoming-iothread"
Adding test "io-qed-file-io-error"
Adding test "io-qed-fuse-allow-other"
Adding test "io-qed-graph-changes-while-io"
Adding test "io-qed-image-fleecing"
Adding test "io-qed-iothreads-commit-active"
Adding test "io-qed-iothreads-create"
Adding test "io-qed-iothreads-resize"
Adding test "io-qed-iov-padding"
Adding test "io-qed-migrate-bitmaps-postcopy-test"
Adding test "io-qed-migrate-bitmaps-test"
Adding test "io-qed-migrate-during-backup"
Adding test "io-qed-migration-permissions"
Adding test "io-qed-mirror-ready-cancel-error"
Adding test "io-qed-mirror-top-perms"
Adding test "io-qed-nbd-multiconn"
Adding test "io-qed-nbd-qemu-allocation"
Adding test "io-qed-nbd-reconnect-on-open"
Adding test "io-qed-parallels-checks"
Adding test "io-qed-parallels-read-bitmap"
Adding test "io-qed-qemu-img-bitmaps"
Adding test "io-qed-qemu-img-close-errors"
Adding test "io-qed-qsd-jobs"
Adding test "io-qed-regression-vhdx-log"
Adding test "io-qed-remove-bitmap-from-backing"
Adding test "io-qed-reopen-file"
Adding test "io-qed-stream-error-on-reset"
Adding test "io-qed-stream-under-throttle"
Adding test "io-qed-zoned"
Running command: /home/srozhkov/develop/csqemu/build-lib/pyvenv/bin/python3 /home/srozhkov/develop/csqemu/tests/qemu-iotests/check -tap -vmdk -n
--- stdout ---
001
002
003
004
005
007
008
009
010
011
012
013
014
015
017
018
019
020
021
022
023
024
025
026
027
028
029
030
031
032
033
034
035
036
037
038
039
040
041
042
043
044
045
046
047
048
049
050
051
052
053
054
055
056
057
058
059
060
061
062
063
064
065
066
068
069
070
071
072
073
074
075
076
077
078
079
080
081
082
083
084
085
086
087
088
089
090
091
092
093
094
095
096
097
098
099
101
102
103
104
105
106
107
108
109
110
111
112
113
114
115
116
117
118
119
120
121
122
123
124
125
126
127
128
129
130
131
132
133
134
135
136
137
138
139
140
141
142
143
144
145
146
147
148
149
150
151
152
153
154
155
156
157
158
159
160
161
162
163
165
170
171
172
173
174
175
176
177
178
179
181
182
183
184
185
186
187
188
189
190
191
192
194
195
196
197
198
200
201
202
203
204
205
206
207
208
209
210
211
212
213
214
215
216
217
218
219
220
221
223
224
225
226
227
228
229
231
232
233
234
235
236
237
238
239
240
241
242
243
244
245
246
247
248
249
250
251
252
253
254
255
256
257
258
259
260
261
262
263
264
265
266
267
268
270
271
272
273
274
277
279
280
281
282
283
284
286
287
288
289
290
292
293
294
295
296
297
298
299
300
301
302
303
304
305
307
308
310
312
313
backing-file-invalidation
block-status-cache
copy-before-write
detect-zeroes-registered-buf
export-incoming-iothread
file-io-error
fuse-allow-other
graph-changes-while-io
image-fleecing
iothreads-commit-active
iothreads-create
iothreads-resize
iov-padding
migrate-bitmaps-postcopy-test
migrate-bitmaps-test
migrate-during-backup
migration-permissions
mirror-ready-cancel-error
mirror-top-perms
nbd-multiconn
nbd-qemu-allocation
nbd-reconnect-on-open
parallels-checks
parallels-read-bitmap
qemu-img-bitmaps
qemu-img-close-errors
qsd-jobs
regression-vhdx-log
remove-bitmap-from-backing
reopen-file
stream-error-on-reset
stream-under-throttle
zoned

--- stderr ---


Adding test "io-vmdk-001"
Adding test "io-vmdk-002"
Adding test "io-vmdk-003"
Adding test "io-vmdk-004"
Adding test "io-vmdk-005"
Adding test "io-vmdk-007"
Adding test "io-vmdk-008"
Adding test "io-vmdk-009"
Adding test "io-vmdk-010"
Adding test "io-vmdk-011"
Adding test "io-vmdk-012"
Adding test "io-vmdk-013"
Adding test "io-vmdk-014"
Adding test "io-vmdk-015"
Adding test "io-vmdk-017"
Adding test "io-vmdk-018"
Adding test "io-vmdk-019"
Adding test "io-vmdk-020"
Adding test "io-vmdk-021"
Adding test "io-vmdk-022"
Adding test "io-vmdk-023"
Adding test "io-vmdk-024"
Adding test "io-vmdk-025"
Adding test "io-vmdk-026"
Adding test "io-vmdk-027"
Adding test "io-vmdk-028"
Adding test "io-vmdk-029"
Adding test "io-vmdk-030"
Adding test "io-vmdk-031"
Adding test "io-vmdk-032"
Adding test "io-vmdk-033"
Adding test "io-vmdk-034"
Adding test "io-vmdk-035"
Adding test "io-vmdk-036"
Adding test "io-vmdk-037"
Adding test "io-vmdk-038"
Adding test "io-vmdk-039"
Adding test "io-vmdk-040"
Adding test "io-vmdk-041"
Adding test "io-vmdk-042"
Adding test "io-vmdk-043"
Adding test "io-vmdk-044"
Adding test "io-vmdk-045"
Adding test "io-vmdk-046"
Adding test "io-vmdk-047"
Adding test "io-vmdk-048"
Adding test "io-vmdk-049"
Adding test "io-vmdk-050"
Adding test "io-vmdk-051"
Adding test "io-vmdk-052"
Adding test "io-vmdk-053"
Adding test "io-vmdk-054"
Adding test "io-vmdk-055"
Adding test "io-vmdk-056"
Adding test "io-vmdk-057"
Adding test "io-vmdk-058"
Adding test "io-vmdk-059"
Adding test "io-vmdk-060"
Adding test "io-vmdk-061"
Adding test "io-vmdk-062"
Adding test "io-vmdk-063"
Adding test "io-vmdk-064"
Adding test "io-vmdk-065"
Adding test "io-vmdk-066"
Adding test "io-vmdk-068"
Adding test "io-vmdk-069"
Adding test "io-vmdk-070"
Adding test "io-vmdk-071"
Adding test "io-vmdk-072"
Adding test "io-vmdk-073"
Adding test "io-vmdk-074"
Adding test "io-vmdk-075"
Adding test "io-vmdk-076"
Adding test "io-vmdk-077"
Adding test "io-vmdk-078"
Adding test "io-vmdk-079"
Adding test "io-vmdk-080"
Adding test "io-vmdk-081"
Adding test "io-vmdk-082"
Adding test "io-vmdk-083"
Adding test "io-vmdk-084"
Adding test "io-vmdk-085"
Adding test "io-vmdk-086"
Adding test "io-vmdk-087"
Adding test "io-vmdk-088"
Adding test "io-vmdk-089"
Adding test "io-vmdk-090"
Adding test "io-vmdk-091"
Adding test "io-vmdk-092"
Adding test "io-vmdk-093"
Adding test "io-vmdk-094"
Adding test "io-vmdk-095"
Adding test "io-vmdk-096"
Adding test "io-vmdk-097"
Adding test "io-vmdk-098"
Adding test "io-vmdk-099"
Adding test "io-vmdk-101"
Adding test "io-vmdk-102"
Adding test "io-vmdk-103"
Adding test "io-vmdk-104"
Adding test "io-vmdk-105"
Adding test "io-vmdk-106"
Adding test "io-vmdk-107"
Adding test "io-vmdk-108"
Adding test "io-vmdk-109"
Adding test "io-vmdk-110"
Adding test "io-vmdk-111"
Adding test "io-vmdk-112"
Adding test "io-vmdk-113"
Adding test "io-vmdk-114"
Adding test "io-vmdk-115"
Adding test "io-vmdk-116"
Adding test "io-vmdk-117"
Adding test "io-vmdk-118"
Adding test "io-vmdk-119"
Adding test "io-vmdk-120"
Adding test "io-vmdk-121"
Adding test "io-vmdk-122"
Adding test "io-vmdk-123"
Adding test "io-vmdk-124"
Adding test "io-vmdk-125"
Adding test "io-vmdk-126"
Adding test "io-vmdk-127"
Adding test "io-vmdk-128"
Adding test "io-vmdk-129"
Adding test "io-vmdk-130"
Adding test "io-vmdk-131"
Adding test "io-vmdk-132"
Adding test "io-vmdk-133"
Adding test "io-vmdk-134"
Adding test "io-vmdk-135"
Adding test "io-vmdk-136"
Adding test "io-vmdk-137"
Adding test "io-vmdk-138"
Adding test "io-vmdk-139"
Adding test "io-vmdk-140"
Adding test "io-vmdk-141"
Adding test "io-vmdk-142"
Adding test "io-vmdk-143"
Adding test "io-vmdk-144"
Adding test "io-vmdk-145"
Adding test "io-vmdk-146"
Adding test "io-vmdk-147"
Adding test "io-vmdk-148"
Adding test "io-vmdk-149"
Adding test "io-vmdk-150"
Adding test "io-vmdk-151"
Adding test "io-vmdk-152"
Adding test "io-vmdk-153"
Adding test "io-vmdk-154"
Adding test "io-vmdk-155"
Adding test "io-vmdk-156"
Adding test "io-vmdk-157"
Adding test "io-vmdk-158"
Adding test "io-vmdk-159"
Adding test "io-vmdk-160"
Adding test "io-vmdk-161"
Adding test "io-vmdk-162"
Adding test "io-vmdk-163"
Adding test "io-vmdk-165"
Adding test "io-vmdk-170"
Adding test "io-vmdk-171"
Adding test "io-vmdk-172"
Adding test "io-vmdk-173"
Adding test "io-vmdk-174"
Adding test "io-vmdk-175"
Adding test "io-vmdk-176"
Adding test "io-vmdk-177"
Adding test "io-vmdk-178"
Adding test "io-vmdk-179"
Adding test "io-vmdk-181"
Adding test "io-vmdk-182"
Adding test "io-vmdk-183"
Adding test "io-vmdk-184"
Adding test "io-vmdk-185"
Adding test "io-vmdk-186"
Adding test "io-vmdk-187"
Adding test "io-vmdk-188"
Adding test "io-vmdk-189"
Adding test "io-vmdk-190"
Adding test "io-vmdk-191"
Adding test "io-vmdk-192"
Adding test "io-vmdk-194"
Adding test "io-vmdk-195"
Adding test "io-vmdk-196"
Adding test "io-vmdk-197"
Adding test "io-vmdk-198"
Adding test "io-vmdk-200"
Adding test "io-vmdk-201"
Adding test "io-vmdk-202"
Adding test "io-vmdk-203"
Adding test "io-vmdk-204"
Adding test "io-vmdk-205"
Adding test "io-vmdk-206"
Adding test "io-vmdk-207"
Adding test "io-vmdk-208"
Adding test "io-vmdk-209"
Adding test "io-vmdk-210"
Adding test "io-vmdk-211"
Adding test "io-vmdk-212"
Adding test "io-vmdk-213"
Adding test "io-vmdk-214"
Adding test "io-vmdk-215"
Adding test "io-vmdk-216"
Adding test "io-vmdk-217"
Adding test "io-vmdk-218"
Adding test "io-vmdk-219"
Adding test "io-vmdk-220"
Adding test "io-vmdk-221"
Adding test "io-vmdk-223"
Adding test "io-vmdk-224"
Adding test "io-vmdk-225"
Adding test "io-vmdk-226"
Adding test "io-vmdk-227"
Adding test "io-vmdk-228"
Adding test "io-vmdk-229"
Adding test "io-vmdk-231"
Adding test "io-vmdk-232"
Adding test "io-vmdk-233"
Adding test "io-vmdk-234"
Adding test "io-vmdk-235"
Adding test "io-vmdk-236"
Adding test "io-vmdk-237"
Adding test "io-vmdk-238"
Adding test "io-vmdk-239"
Adding test "io-vmdk-240"
Adding test "io-vmdk-241"
Adding test "io-vmdk-242"
Adding test "io-vmdk-243"
Adding test "io-vmdk-244"
Adding test "io-vmdk-245"
Adding test "io-vmdk-246"
Adding test "io-vmdk-247"
Adding test "io-vmdk-248"
Adding test "io-vmdk-249"
Adding test "io-vmdk-250"
Adding test "io-vmdk-251"
Adding test "io-vmdk-252"
Adding test "io-vmdk-253"
Adding test "io-vmdk-254"
Adding test "io-vmdk-255"
Adding test "io-vmdk-256"
Adding test "io-vmdk-257"
Adding test "io-vmdk-258"
Adding test "io-vmdk-259"
Adding test "io-vmdk-260"
Adding test "io-vmdk-261"
Adding test "io-vmdk-262"
Adding test "io-vmdk-263"
Adding test "io-vmdk-264"
Adding test "io-vmdk-265"
Adding test "io-vmdk-266"
Adding test "io-vmdk-267"
Adding test "io-vmdk-268"
Adding test "io-vmdk-270"
Adding test "io-vmdk-271"
Adding test "io-vmdk-272"
Adding test "io-vmdk-273"
Adding test "io-vmdk-274"
Adding test "io-vmdk-277"
Adding test "io-vmdk-279"
Adding test "io-vmdk-280"
Adding test "io-vmdk-281"
Adding test "io-vmdk-282"
Adding test "io-vmdk-283"
Adding test "io-vmdk-284"
Adding test "io-vmdk-286"
Adding test "io-vmdk-287"
Adding test "io-vmdk-288"
Adding test "io-vmdk-289"
Adding test "io-vmdk-290"
Adding test "io-vmdk-292"
Adding test "io-vmdk-293"
Adding test "io-vmdk-294"
Adding test "io-vmdk-295"
Adding test "io-vmdk-296"
Adding test "io-vmdk-297"
Adding test "io-vmdk-298"
Adding test "io-vmdk-299"
Adding test "io-vmdk-300"
Adding test "io-vmdk-301"
Adding test "io-vmdk-302"
Adding test "io-vmdk-303"
Adding test "io-vmdk-304"
Adding test "io-vmdk-305"
Adding test "io-vmdk-307"
Adding test "io-vmdk-308"
Adding test "io-vmdk-310"
Adding test "io-vmdk-312"
Adding test "io-vmdk-313"
Adding test "io-vmdk-backing-file-invalidation"
Adding test "io-vmdk-block-status-cache"
Adding test "io-vmdk-copy-before-write"
Adding test "io-vmdk-detect-zeroes-registered-buf"
Adding test "io-vmdk-export-incoming-iothread"
Adding test "io-vmdk-file-io-error"
Adding test "io-vmdk-fuse-allow-other"
Adding test "io-vmdk-graph-changes-while-io"
Adding test "io-vmdk-image-fleecing"
Adding test "io-vmdk-iothreads-commit-active"
Adding test "io-vmdk-iothreads-create"
Adding test "io-vmdk-iothreads-resize"
Adding test "io-vmdk-iov-padding"
Adding test "io-vmdk-migrate-bitmaps-postcopy-test"
Adding test "io-vmdk-migrate-bitmaps-test"
Adding test "io-vmdk-migrate-during-backup"
Adding test "io-vmdk-migration-permissions"
Adding test "io-vmdk-mirror-ready-cancel-error"
Adding test "io-vmdk-mirror-top-perms"
Adding test "io-vmdk-nbd-multiconn"
Adding test "io-vmdk-nbd-qemu-allocation"
Adding test "io-vmdk-nbd-reconnect-on-open"
Adding test "io-vmdk-parallels-checks"
Adding test "io-vmdk-parallels-read-bitmap"
Adding test "io-vmdk-qemu-img-bitmaps"
Adding test "io-vmdk-qemu-img-close-errors"
Adding test "io-vmdk-qsd-jobs"
Adding test "io-vmdk-regression-vhdx-log"
Adding test "io-vmdk-remove-bitmap-from-backing"
Adding test "io-vmdk-reopen-file"
Adding test "io-vmdk-stream-error-on-reset"
Adding test "io-vmdk-stream-under-throttle"
Adding test "io-vmdk-zoned"
Running command: /home/srozhkov/develop/csqemu/build-lib/pyvenv/bin/python3 /home/srozhkov/develop/csqemu/tests/qemu-iotests/check -tap -vpc -n
--- stdout ---
001
002
003
004
005
007
008
009
010
011
012
013
014
015
017
018
019
020
021
022
023
024
025
026
027
028
029
030
031
032
033
034
035
036
037
038
039
040
041
042
043
044
045
046
047
048
049
050
051
052
053
054
055
056
057
058
059
060
061
062
063
064
065
066
068
069
070
071
072
073
074
075
076
077
078
079
080
081
082
083
084
085
086
087
088
089
090
091
092
093
094
095
096
097
098
099
101
102
103
104
105
106
107
108
109
110
111
112
113
114
115
116
117
118
119
120
121
122
123
124
125
126
127
128
129
130
131
132
133
134
135
136
137
138
139
140
141
142
143
144
145
146
147
148
149
150
151
152
153
154
155
156
157
158
159
160
161
162
163
165
170
171
172
173
174
175
176
177
178
179
181
182
183
184
185
186
187
188
189
190
191
192
194
195
196
197
198
200
201
202
203
204
205
206
207
208
209
210
211
212
213
214
215
216
217
218
219
220
221
223
224
225
226
227
228
229
231
232
233
234
235
236
237
238
239
240
241
242
243
244
245
246
247
248
249
250
251
252
253
254
255
256
257
258
259
260
261
262
263
264
265
266
267
268
270
271
272
273
274
277
279
280
281
282
283
284
286
287
288
289
290
292
293
294
295
296
297
298
299
300
301
302
303
304
305
307
308
310
312
313
backing-file-invalidation
block-status-cache
copy-before-write
detect-zeroes-registered-buf
export-incoming-iothread
file-io-error
fuse-allow-other
graph-changes-while-io
image-fleecing
iothreads-commit-active
iothreads-create
iothreads-resize
iov-padding
migrate-bitmaps-postcopy-test
migrate-bitmaps-test
migrate-during-backup
migration-permissions
mirror-ready-cancel-error
mirror-top-perms
nbd-multiconn
nbd-qemu-allocation
nbd-reconnect-on-open
parallels-checks
parallels-read-bitmap
qemu-img-bitmaps
qemu-img-close-errors
qsd-jobs
regression-vhdx-log
remove-bitmap-from-backing
reopen-file
stream-error-on-reset
stream-under-throttle
zoned

--- stderr ---


Adding test "io-vpc-001"
Adding test "io-vpc-002"
Adding test "io-vpc-003"
Adding test "io-vpc-004"
Adding test "io-vpc-005"
Adding test "io-vpc-007"
Adding test "io-vpc-008"
Adding test "io-vpc-009"
Adding test "io-vpc-010"
Adding test "io-vpc-011"
Adding test "io-vpc-012"
Adding test "io-vpc-013"
Adding test "io-vpc-014"
Adding test "io-vpc-015"
Adding test "io-vpc-017"
Adding test "io-vpc-018"
Adding test "io-vpc-019"
Adding test "io-vpc-020"
Adding test "io-vpc-021"
Adding test "io-vpc-022"
Adding test "io-vpc-023"
Adding test "io-vpc-024"
Adding test "io-vpc-025"
Adding test "io-vpc-026"
Adding test "io-vpc-027"
Adding test "io-vpc-028"
Adding test "io-vpc-029"
Adding test "io-vpc-030"
Adding test "io-vpc-031"
Adding test "io-vpc-032"
Adding test "io-vpc-033"
Adding test "io-vpc-034"
Adding test "io-vpc-035"
Adding test "io-vpc-036"
Adding test "io-vpc-037"
Adding test "io-vpc-038"
Adding test "io-vpc-039"
Adding test "io-vpc-040"
Adding test "io-vpc-041"
Adding test "io-vpc-042"
Adding test "io-vpc-043"
Adding test "io-vpc-044"
Adding test "io-vpc-045"
Adding test "io-vpc-046"
Adding test "io-vpc-047"
Adding test "io-vpc-048"
Adding test "io-vpc-049"
Adding test "io-vpc-050"
Adding test "io-vpc-051"
Adding test "io-vpc-052"
Adding test "io-vpc-053"
Adding test "io-vpc-054"
Adding test "io-vpc-055"
Adding test "io-vpc-056"
Adding test "io-vpc-057"
Adding test "io-vpc-058"
Adding test "io-vpc-059"
Adding test "io-vpc-060"
Adding test "io-vpc-061"
Adding test "io-vpc-062"
Adding test "io-vpc-063"
Adding test "io-vpc-064"
Adding test "io-vpc-065"
Adding test "io-vpc-066"
Adding test "io-vpc-068"
Adding test "io-vpc-069"
Adding test "io-vpc-070"
Adding test "io-vpc-071"
Adding test "io-vpc-072"
Adding test "io-vpc-073"
Adding test "io-vpc-074"
Adding test "io-vpc-075"
Adding test "io-vpc-076"
Adding test "io-vpc-077"
Adding test "io-vpc-078"
Adding test "io-vpc-079"
Adding test "io-vpc-080"
Adding test "io-vpc-081"
Adding test "io-vpc-082"
Adding test "io-vpc-083"
Adding test "io-vpc-084"
Adding test "io-vpc-085"
Adding test "io-vpc-086"
Adding test "io-vpc-087"
Adding test "io-vpc-088"
Adding test "io-vpc-089"
Adding test "io-vpc-090"
Adding test "io-vpc-091"
Adding test "io-vpc-092"
Adding test "io-vpc-093"
Adding test "io-vpc-094"
Adding test "io-vpc-095"
Adding test "io-vpc-096"
Adding test "io-vpc-097"
Adding test "io-vpc-098"
Adding test "io-vpc-099"
Adding test "io-vpc-101"
Adding test "io-vpc-102"
Adding test "io-vpc-103"
Adding test "io-vpc-104"
Adding test "io-vpc-105"
Adding test "io-vpc-106"
Adding test "io-vpc-107"
Adding test "io-vpc-108"
Adding test "io-vpc-109"
Adding test "io-vpc-110"
Adding test "io-vpc-111"
Adding test "io-vpc-112"
Adding test "io-vpc-113"
Adding test "io-vpc-114"
Adding test "io-vpc-115"
Adding test "io-vpc-116"
Adding test "io-vpc-117"
Adding test "io-vpc-118"
Adding test "io-vpc-119"
Adding test "io-vpc-120"
Adding test "io-vpc-121"
Adding test "io-vpc-122"
Adding test "io-vpc-123"
Adding test "io-vpc-124"
Adding test "io-vpc-125"
Adding test "io-vpc-126"
Adding test "io-vpc-127"
Adding test "io-vpc-128"
Adding test "io-vpc-129"
Adding test "io-vpc-130"
Adding test "io-vpc-131"
Adding test "io-vpc-132"
Adding test "io-vpc-133"
Adding test "io-vpc-134"
Adding test "io-vpc-135"
Adding test "io-vpc-136"
Adding test "io-vpc-137"
Adding test "io-vpc-138"
Adding test "io-vpc-139"
Adding test "io-vpc-140"
Adding test "io-vpc-141"
Adding test "io-vpc-142"
Adding test "io-vpc-143"
Adding test "io-vpc-144"
Adding test "io-vpc-145"
Adding test "io-vpc-146"
Adding test "io-vpc-147"
Adding test "io-vpc-148"
Adding test "io-vpc-149"
Adding test "io-vpc-150"
Adding test "io-vpc-151"
Adding test "io-vpc-152"
Adding test "io-vpc-153"
Adding test "io-vpc-154"
Adding test "io-vpc-155"
Adding test "io-vpc-156"
Adding test "io-vpc-157"
Adding test "io-vpc-158"
Adding test "io-vpc-159"
Adding test "io-vpc-160"
Adding test "io-vpc-161"
Adding test "io-vpc-162"
Adding test "io-vpc-163"
Adding test "io-vpc-165"
Adding test "io-vpc-170"
Adding test "io-vpc-171"
Adding test "io-vpc-172"
Adding test "io-vpc-173"
Adding test "io-vpc-174"
Adding test "io-vpc-175"
Adding test "io-vpc-176"
Adding test "io-vpc-177"
Adding test "io-vpc-178"
Adding test "io-vpc-179"
Adding test "io-vpc-181"
Adding test "io-vpc-182"
Adding test "io-vpc-183"
Adding test "io-vpc-184"
Adding test "io-vpc-185"
Adding test "io-vpc-186"
Adding test "io-vpc-187"
Adding test "io-vpc-188"
Adding test "io-vpc-189"
Adding test "io-vpc-190"
Adding test "io-vpc-191"
Adding test "io-vpc-192"
Adding test "io-vpc-194"
Adding test "io-vpc-195"
Adding test "io-vpc-196"
Adding test "io-vpc-197"
Adding test "io-vpc-198"
Adding test "io-vpc-200"
Adding test "io-vpc-201"
Adding test "io-vpc-202"
Adding test "io-vpc-203"
Adding test "io-vpc-204"
Adding test "io-vpc-205"
Adding test "io-vpc-206"
Adding test "io-vpc-207"
Adding test "io-vpc-208"
Adding test "io-vpc-209"
Adding test "io-vpc-210"
Adding test "io-vpc-211"
Adding test "io-vpc-212"
Adding test "io-vpc-213"
Adding test "io-vpc-214"
Adding test "io-vpc-215"
Adding test "io-vpc-216"
Adding test "io-vpc-217"
Adding test "io-vpc-218"
Adding test "io-vpc-219"
Adding test "io-vpc-220"
Adding test "io-vpc-221"
Adding test "io-vpc-223"
Adding test "io-vpc-224"
Adding test "io-vpc-225"
Adding test "io-vpc-226"
Adding test "io-vpc-227"
Adding test "io-vpc-228"
Adding test "io-vpc-229"
Adding test "io-vpc-231"
Adding test "io-vpc-232"
Adding test "io-vpc-233"
Adding test "io-vpc-234"
Adding test "io-vpc-235"
Adding test "io-vpc-236"
Adding test "io-vpc-237"
Adding test "io-vpc-238"
Adding test "io-vpc-239"
Adding test "io-vpc-240"
Adding test "io-vpc-241"
Adding test "io-vpc-242"
Adding test "io-vpc-243"
Adding test "io-vpc-244"
Adding test "io-vpc-245"
Adding test "io-vpc-246"
Adding test "io-vpc-247"
Adding test "io-vpc-248"
Adding test "io-vpc-249"
Adding test "io-vpc-250"
Adding test "io-vpc-251"
Adding test "io-vpc-252"
Adding test "io-vpc-253"
Adding test "io-vpc-254"
Adding test "io-vpc-255"
Adding test "io-vpc-256"
Adding test "io-vpc-257"
Adding test "io-vpc-258"
Adding test "io-vpc-259"
Adding test "io-vpc-260"
Adding test "io-vpc-261"
Adding test "io-vpc-262"
Adding test "io-vpc-263"
Adding test "io-vpc-264"
Adding test "io-vpc-265"
Adding test "io-vpc-266"
Adding test "io-vpc-267"
Adding test "io-vpc-268"
Adding test "io-vpc-270"
Adding test "io-vpc-271"
Adding test "io-vpc-272"
Adding test "io-vpc-273"
Adding test "io-vpc-274"
Adding test "io-vpc-277"
Adding test "io-vpc-279"
Adding test "io-vpc-280"
Adding test "io-vpc-281"
Adding test "io-vpc-282"
Adding test "io-vpc-283"
Adding test "io-vpc-284"
Adding test "io-vpc-286"
Adding test "io-vpc-287"
Adding test "io-vpc-288"
Adding test "io-vpc-289"
Adding test "io-vpc-290"
Adding test "io-vpc-292"
Adding test "io-vpc-293"
Adding test "io-vpc-294"
Adding test "io-vpc-295"
Adding test "io-vpc-296"
Adding test "io-vpc-297"
Adding test "io-vpc-298"
Adding test "io-vpc-299"
Adding test "io-vpc-300"
Adding test "io-vpc-301"
Adding test "io-vpc-302"
Adding test "io-vpc-303"
Adding test "io-vpc-304"
Adding test "io-vpc-305"
Adding test "io-vpc-307"
Adding test "io-vpc-308"
Adding test "io-vpc-310"
Adding test "io-vpc-312"
Adding test "io-vpc-313"
Adding test "io-vpc-backing-file-invalidation"
Adding test "io-vpc-block-status-cache"
Adding test "io-vpc-copy-before-write"
Adding test "io-vpc-detect-zeroes-registered-buf"
Adding test "io-vpc-export-incoming-iothread"
Adding test "io-vpc-file-io-error"
Adding test "io-vpc-fuse-allow-other"
Adding test "io-vpc-graph-changes-while-io"
Adding test "io-vpc-image-fleecing"
Adding test "io-vpc-iothreads-commit-active"
Adding test "io-vpc-iothreads-create"
Adding test "io-vpc-iothreads-resize"
Adding test "io-vpc-iov-padding"
Adding test "io-vpc-migrate-bitmaps-postcopy-test"
Adding test "io-vpc-migrate-bitmaps-test"
Adding test "io-vpc-migrate-during-backup"
Adding test "io-vpc-migration-permissions"
Adding test "io-vpc-mirror-ready-cancel-error"
Adding test "io-vpc-mirror-top-perms"
Adding test "io-vpc-nbd-multiconn"
Adding test "io-vpc-nbd-qemu-allocation"
Adding test "io-vpc-nbd-reconnect-on-open"
Adding test "io-vpc-parallels-checks"
Adding test "io-vpc-parallels-read-bitmap"
Adding test "io-vpc-qemu-img-bitmaps"
Adding test "io-vpc-qemu-img-close-errors"
Adding test "io-vpc-qsd-jobs"
Adding test "io-vpc-regression-vhdx-log"
Adding test "io-vpc-remove-bitmap-from-backing"
Adding test "io-vpc-reopen-file"
Adding test "io-vpc-stream-error-on-reset"
Adding test "io-vpc-stream-under-throttle"
Adding test "io-vpc-zoned"
Program /home/srozhkov/develop/csqemu/scripts/decodetree.py found: YES (/home/srozhkov/develop/csqemu/build-lib/pyvenv/bin/python3 /home/srozhkov/develop/csqemu/scripts/decodetree.py)
Adding test "err_argset1"
Adding test "err_argset2"
Adding test "err_field1"
Adding test "err_field2"
Adding test "err_field3"
Adding test "err_field4"
Adding test "err_field5"
Adding test "err_field6"
Adding test "err_field7"
Adding test "err_field8"
Adding test "err_field9"
Adding test "err_field10"
Adding test "err_init1"
Adding test "err_init2"
Adding test "err_init3"
Adding test "err_init4"
Adding test "err_overlap1"
Adding test "err_overlap2"
Adding test "err_overlap3"
Adding test "err_overlap4"
Adding test "err_overlap5"
Adding test "err_overlap6"
Adding test "err_overlap7"
Adding test "err_overlap8"
Adding test "err_overlap9"
Adding test "err_pattern_group_empty"
Adding test "err_pattern_group_ident1"
Adding test "err_pattern_group_ident2"
Adding test "err_pattern_group_nest1"
Adding test "err_pattern_group_nest2"
Adding test "err_pattern_group_nest3"
Adding test "err_pattern_group_overlap1"
Adding test "err_width1"
Adding test "err_width2"
Adding test "err_width3"
Adding test "err_width4"
Adding test "succ_argset_type1"
Adding test "succ_function"
Adding test "succ_ident1"
Adding test "succ_named_field"
Adding test "succ_pattern_group_nest1"
Adding test "succ_pattern_group_nest2"
Adding test "succ_pattern_group_nest3"
Adding test "succ_pattern_group_nest4"

Executing subproject berkeley-softfloat-3 

Project name: berkeley-softfloat-3
Project version: undefined
C compiler for the host machine: cc -m64 -mcx16 (gcc 11.4.0 "cc (Ubuntu 11.4.0-1ubuntu1~22.04) 11.4.0")
C linker for the host machine: cc -m64 -mcx16 ld.bfd 2.38
C compiler for the build machine: cc -m64 -mcx16 (gcc 11.4.0 "cc (Ubuntu 11.4.0-1ubuntu1~22.04) 11.4.0")
C linker for the build machine: cc -m64 -mcx16 ld.bfd 2.38
Configuring platform.h using configuration
Build targets in project: 363
Subproject berkeley-softfloat-3 finished.


Executing subproject berkeley-testfloat-3 

Project name: berkeley-testfloat-3
Project version: undefined
C compiler for the host machine: cc -m64 -mcx16 (gcc 11.4.0 "cc (Ubuntu 11.4.0-1ubuntu1~22.04) 11.4.0")
C linker for the host machine: cc -m64 -mcx16 ld.bfd 2.38
C compiler for the build machine: cc -m64 -mcx16 (gcc 11.4.0 "cc (Ubuntu 11.4.0-1ubuntu1~22.04) 11.4.0")
C linker for the build machine: cc -m64 -mcx16 ld.bfd 2.38
Configuring platform.h using configuration
Running compile:
Working directory:  /home/srozhkov/develop/csqemu/build-lib/meson-private/tmp44s1iwdl
Command line:  cc -m64 -mcx16 /home/srozhkov/develop/csqemu/build-lib/meson-private/tmp44s1iwdl/testfile.c -o /home/srozhkov/develop/csqemu/build-lib/meson-private/tmp44s1iwdl/output.obj -c -D_FILE_OFFSET_BITS=64 -O0 -Wignored-pragmas -Wno-ignored-pragmas 

Code:
 extern int i;
int i;

Compiler stdout:
 
Compiler stderr:
 cc: error: unrecognized command-line option '-Wignored-pragmas'; did you mean '-Wno-pragmas'?

Compiler for C supports arguments -Wno-ignored-pragmas: NO 
Build targets in project: 365
Subproject berkeley-testfloat-3 finished.

Adding test "fp-test-float-to-float"
Adding test "fp-test-int-to-float"
Adding test "fp-test-uint-to-float"
Adding test "fp-test-float-to-int"
Adding test "fp-test-float-to-uint"
Adding test "fp-test-round-to-integer"
Adding test "fp-test-eq_signaling"
Adding test "fp-test-le"
Adding test "fp-test-le_quiet"
Adding test "fp-test-lt_quiet"
Adding test "fp-test-add"
Adding test "fp-test-sub"
Adding test "fp-test-mul"
Adding test "fp-test-div"
Adding test "fp-test-rem"
Adding test "fp-test-sqrt"
Adding test "fp-test-mulAdd"
Adding test "fp-test-log2"
Adding test "check-block-qdict"
Adding test "check-qdict"
Adding test "check-qnum"
Adding test "check-qstring"
Adding test "check-qlist"
Adding test "check-qnull"
Adding test "check-qobject"
Adding test "check-qjson"
Adding test "check-qlit"
Adding test "test-error-report"
Adding test "test-qobject-output-visitor"
Adding test "test-clone-visitor"
Adding test "test-qobject-input-visitor"
Adding test "test-forward-visitor"
Adding test "test-string-input-visitor"
Adding test "test-string-output-visitor"
Adding test "test-opts-visitor"
Adding test "test-visitor-serialization"
Adding test "test-bitmap"
Adding test "test-x86-cpuid"
Adding test "test-cutils"
Adding test "test-div128"
Adding test "test-shift128"
Adding test "test-mul64"
Adding test "test-int128"
Adding test "rcutorture"
Adding test "test-rcu-list"
Adding test "test-rcu-simpleq"
Adding test "test-rcu-tailq"
Adding test "test-rcu-slist"
Adding test "test-qdist"
Adding test "test-qht"
Adding test "test-qtree"
Adding test "test-bitops"
Adding test "test-bitcnt"
Adding test "test-qgraph"
Adding test "check-qom-interface"
Adding test "check-qom-proplist"
Adding test "test-qemu-opts"
Adding test "test-keyval"
Adding test "test-logging"
Adding test "test-uuid"
Adding test "ptimer-test"
Adding test "test-qapi-util"
Adding test "test-interval-tree"
Adding test "test-xs-node"
Adding test "test-virtio-dmabuf"
Adding test "test-qmp-event"
Adding test "test-coroutine"
Adding test "test-aio"
Adding test "test-aio-multithread"
Adding test "test-throttle"
Adding test "test-thread-pool"
Adding test "test-hbitmap"
Adding test "test-bdrv-drain"
Adding test "test-bdrv-graph-mod"
Adding test "test-blockjob"
Adding test "test-blockjob-txn"
Adding test "test-block-backend"
Adding test "test-block-iothread"
Adding test "test-write-threshold"
Adding test "test-crypto-hash"
Adding test "test-crypto-hmac"
Adding test "test-crypto-cipher"
Adding test "test-crypto-akcipher"
Adding test "test-crypto-secret"
Adding test "test-crypto-der"
Adding test "test-authz-simple"
Adding test "test-authz-list"
Adding test "test-authz-listfile"
Adding test "test-io-task"
Adding test "test-io-channel-socket"
Adding test "test-io-channel-file"
Adding test "test-io-channel-command"
Adding test "test-io-channel-buffer"
Adding test "test-io-channel-null"
Adding test "test-crypto-ivgen"
Adding test "test-crypto-afsplit"
Adding test "test-crypto-block"
Adding test "test-image-locking"
Adding test "test-nested-aio-poll"
Adding test "test-replication"
Adding test "test-iov"
Adding test "test-qmp-cmds"
Adding test "test-xbzrle"
Adding test "test-timed-average"
Adding test "test-util-sockets"
Adding test "test-base64"
Adding test "test-bufferiszero"
Adding test "test-smp-parse"
Adding test "test-vmstate"
Adding test "test-yank"
Adding test "test-util-filemonitor"
Adding test "test-char"
Adding test "test-qdev-global-props"
Adding test "test-qga"
Adding test "QAPI schema regression tests"
Program diff found: YES (/usr/bin/diff)
Program dbus-daemon found: YES (/usr/bin/dbus-daemon)
Pkg-config binary for 1 is cached.
Determining dependency 'gvnc-1.0' with pkg-config executable '/usr/bin/pkg-config'
env[PKG_CONFIG_PATH]: 
Called `/usr/bin/pkg-config --modversion gvnc-1.0` -> 1

Run-time dependency gvnc-1.0 found: NO (tried pkgconfig)

../tests/qtest/meson.build:344:2: ERROR: Key qemu-system-riscv64 is not in the dictionary.
